[INFO] Error stacktraces are turned on.
[INFO] Scanning for projects...
[INFO] 
[INFO] ---------------------< org.example:assignment6-ui >---------------------
[INFO] Building assignment6-ui 1.0-SNAPSHOT
[INFO]   from pom.xml
[INFO] --------------------------------[ jar ]---------------------------------
[INFO] 
[INFO] --- resources:3.3.1:resources (default-resources) @ assignment6-ui ---
[WARNING] Using platform encoding (UTF-8 actually) to copy filtered resources, i.e. build is platform dependent!
[INFO] Copying 0 resource from src/main/resources to target/classes
[INFO] 
[INFO] --- compiler:3.11.0:compile (default-compile) @ assignment6-ui ---
[INFO] Nothing to compile - all classes are up to date
[INFO] 
[INFO] --- resources:3.3.1:testResources (default-testResources) @ assignment6-ui ---
[WARNING] Using platform encoding (UTF-8 actually) to copy filtered resources, i.e. build is platform dependent!
[INFO] skip non existing resourceDirectory /Users/jericho/Desktop/Assignment6jguiangSE333/src/test/resources
[INFO] 
[INFO] --- compiler:3.11.0:testCompile (default-testCompile) @ assignment6-ui ---
[INFO] Nothing to compile - all classes are up to date
[INFO] 
[INFO] --- surefire:3.5.4:test (default-test) @ assignment6-ui ---
[INFO] Surefire report directory: /Users/jericho/Desktop/Assignment6jguiangSE333/target/surefire-reports
[INFO] Using auto detected provider org.apache.maven.surefire.junitplatform.JUnitPlatformProvider
[INFO] 
[INFO] -------------------------------------------------------
[INFO]  T E S T S
[INFO] -------------------------------------------------------
[INFO] Running playwrightLLM.TestCaseAIEndToEnd
[INFO] Tests run: 1, Failures: 0, Errors: 0, Skipped: 0, Time elapsed: 17.02 s -- in playwrightLLM.TestCaseAIEndToEnd
[INFO] Running playwrightTraditional.TestCaseContactInformation
[INFO] Error stacktraces are turned on.
[INFO] Scanning for projects...
[INFO] 
[INFO] ---------------------< org.example:assignment6-ui >---------------------
[INFO] Building assignment6-ui 1.0-SNAPSHOT
[INFO]   from pom.xml
[INFO] --------------------------------[ jar ]---------------------------------
[INFO] 
[INFO] --- resources:3.3.1:resources (default-resources) @ assignment6-ui ---
[INFO] Copying 0 resource from src/main/resources to target/classes
[INFO] 
[INFO] --- compiler:3.13.0:compile (default-compile) @ assignment6-ui ---
[INFO] Nothing to compile - all classes are up to date.
[INFO] 
[INFO] --- resources:3.3.1:testResources (default-testResources) @ assignment6-ui ---
[INFO] skip non existing resourceDirectory /Users/jericho/Desktop/Assignment6jguiangSE333/src/test/resources
[INFO] 
[INFO] --- compiler:3.13.0:testCompile (default-testCompile) @ assignment6-ui ---
[INFO] Nothing to compile - all classes are up to date.
[INFO] 
[INFO] --- surefire:3.5.4:test (default-test) @ assignment6-ui ---
[INFO] Surefire report directory: /Users/jericho/Desktop/Assignment6jguiangSE333/target/surefire-reports
[INFO] Using auto detected provider org.apache.maven.surefire.junitplatform.JUnitPlatformProvider
[INFO] 
[INFO] -------------------------------------------------------
[INFO]  T E S T S
[INFO] -------------------------------------------------------
[INFO] Running playwrightTraditional.TestCaseBookstore
[ERROR] Tests run: 1, Failures: 0, Errors: 1, Skipped: 0, Time elapsed: 5.790 s <<< FAILURE! -- in playwrightTraditional.TestCaseBookstore
[ERROR] playwrightTraditional.TestCaseBookstore.testFullPurchaseFlow -- Time elapsed: 5.781 s <<< ERROR!
com.microsoft.playwright.PlaywrightException: 
Error {
  message='Error: strict mode violation: locator("button[aria-label='search']") resolved to 2 elements:
    1) <button tabindex="0" aria-label="search" aria-expanded="false" class="mobile-icon nav js-toggle-mobile-search mobile-search-icon">…</button> aka getByLabel("search").first()
    2) <button aria-label="search" class="js-search-icon-open search-icon-open">…</button> aka getByRole(AriaRole.BUTTON, new Page.GetByRoleOptions().setName("search").setExact(true))

  name='Error
  stack='Error: Error: strict mode violation: locator("button[aria-label='search']") resolved to 2 elements:
    1) <button tabindex="0" aria-label="search" aria-expanded="false" class="mobile-icon nav js-toggle-mobile-search mobile-search-icon">…</button> aka getByLabel("search").first()
    2) <button aria-label="search" class="js-search-icon-open search-icon-open">…</button> aka getByRole(AriaRole.BUTTON, new Page.GetByRoleOptions().setName("search").setExact(true))

    at CRExecutionContext.evaluateWithArguments (/private/var/folders/20/_cvhyhm97ss3p80yt6634l4r0000gn/T/playwright-java-10877827687906519054/package/lib/server/chromium/crExecutionContext.js:92:33)
    at async LongStandingScope._race (/private/var/folders/20/_cvhyhm97ss3p80yt6634l4r0000gn/T/playwright-java-10877827687906519054/package/lib/utils/manualPromise.js:96:14)
    at async evaluateExpression (/private/var/folders/20/_cvhyhm97ss3p80yt6634l4r0000gn/T/playwright-java-10877827687906519054/package/lib/server/javascript.js:235:12)
    at async /private/var/folders/20/_cvhyhm97ss3p80yt6634l4r0000gn/T/playwright-java-10877827687906519054/package/lib/server/frames.js:959:22
    at async Frame.retryWithProgressAndTimeouts (/private/var/folders/20/_cvhyhm97ss3p80yt6634l4r0000gn/T/playwright-java-10877827687906519054/package/lib/server/frames.js:929:24)
    at async /private/var/folders/20/_cvhyhm97ss3p80yt6634l4r0000gn/T/playwright-java-10877827687906519054/package/lib/server/frames.js:1014:29
    at async ProgressController.run (/private/var/folders/20/_cvhyhm97ss3p80yt6634l4r0000gn/T/playwright-java-10877827687906519054/package/lib/server/progress.js:82:22)
    at async FrameDispatcher.click (/private/var/folders/20/_cvhyhm97ss3p80yt6634l4r0000gn/T/playwright-java-10877827687906519054/package/lib/server/dispatchers/frameDispatcher.js:157:12)
    at async LongStandingScope._race (/private/var/folders/20/_cvhyhm97ss3p80yt6634l4r0000gn/T/playwright-java-10877827687906519054/package/lib/utils/manualPromise.js:96:14)
    at async FrameDispatcher._handleCommand (/private/var/folders/20/_cvhyhm97ss3p80yt6634l4r0000gn/T/playwright-java-10877827687906519054/package/lib/server/dispatchers/dispatcher.js:96:14)
}
Call log:
- waiting for locator("button[aria-label='search']")

	at com.microsoft.playwright.impl.WaitableResult.get(WaitableResult.java:56)
	at com.microsoft.playwright.impl.ChannelOwner.runUntil(ChannelOwner.java:132)
	at com.microsoft.playwright.impl.Connection.sendMessage(Connection.java:130)
	at com.microsoft.playwright.impl.ChannelOwner.sendMessage(ChannelOwner.java:118)
	at com.microsoft.playwright.impl.FrameImpl.clickImpl(FrameImpl.java:252)
	at com.microsoft.playwright.impl.FrameImpl.lambda$click$8(FrameImpl.java:243)
	at com.microsoft.playwright.impl.LoggingSupport.lambda$withLogging$0(LoggingSupport.java:36)
	at com.microsoft.playwright.impl.LoggingSupport.withLogging(LoggingSupport.java:47)
	at com.microsoft.playwright.impl.ChannelOwner.withLogging(ChannelOwner.java:97)
	at com.microsoft.playwright.impl.LoggingSupport.withLogging(LoggingSupport.java:35)
	at com.microsoft.playwright.impl.FrameImpl.click(FrameImpl.java:243)
	at com.microsoft.playwright.impl.LocatorImpl.click(LocatorImpl.java:160)
	at com.microsoft.playwright.Locator.click(Locator.java:2413)
	at playwrightTraditional.BaseUITest.search(BaseUITest.java:66)
	at playwrightTraditional.TestCaseBookstore.testFullPurchaseFlow(TestCaseBookstore.java:13)
	at java.base/java.lang.reflect.Method.invoke(Method.java:580)
	at java.base/java.util.ArrayList.forEach(ArrayList.java:1597)
	at java.base/java.util.ArrayList.forEach(ArrayList.java:1597)
Caused by: com.microsoft.playwright.impl.DriverException: Error {
  message='Error: strict mode violation: locator("button[aria-label='search']") resolved to 2 elements:
    1) <button tabindex="0" aria-label="search" aria-expanded="false" class="mobile-icon nav js-toggle-mobile-search mobile-search-icon">…</button> aka getByLabel("search").first()
    2) <button aria-label="search" class="js-search-icon-open search-icon-open">…</button> aka getByRole(AriaRole.BUTTON, new Page.GetByRoleOptions().setName("search").setExact(true))

  name='Error
  stack='Error: Error: strict mode violation: locator("button[aria-label='search']") resolved to 2 elements:
    1) <button tabindex="0" aria-label="search" aria-expanded="false" class="mobile-icon nav js-toggle-mobile-search mobile-search-icon">…</button> aka getByLabel("search").first()
    2) <button aria-label="search" class="js-search-icon-open search-icon-open">…</button> aka getByRole(AriaRole.BUTTON, new Page.GetByRoleOptions().setName("search").setExact(true))

    at CRExecutionContext.evaluateWithArguments (/private/var/folders/20/_cvhyhm97ss3p80yt6634l4r0000gn/T/playwright-java-10877827687906519054/package/lib/server/chromium/crExecutionContext.js:92:33)
    at async LongStandingScope._race (/private/var/folders/20/_cvhyhm97ss3p80yt6634l4r0000gn/T/playwright-java-10877827687906519054/package/lib/utils/manualPromise.js:96:14)
    at async evaluateExpression (/private/var/folders/20/_cvhyhm97ss3p80yt6634l4r0000gn/T/playwright-java-10877827687906519054/package/lib/server/javascript.js:235:12)
    at async /private/var/folders/20/_cvhyhm97ss3p80yt6634l4r0000gn/T/playwright-java-10877827687906519054/package/lib/server/frames.js:959:22
    at async Frame.retryWithProgressAndTimeouts (/private/var/folders/20/_cvhyhm97ss3p80yt6634l4r0000gn/T/playwright-java-10877827687906519054/package/lib/server/frames.js:929:24)
    at async /private/var/folders/20/_cvhyhm97ss3p80yt6634l4r0000gn/T/playwright-java-10877827687906519054/package/lib/server/frames.js:1014:29
    at async ProgressController.run (/private/var/folders/20/_cvhyhm97ss3p80yt6634l4r0000gn/T/playwright-java-10877827687906519054/package/lib/server/progress.js:82:22)
    at async FrameDispatcher.click (/private/var/folders/20/_cvhyhm97ss3p80yt6634l4r0000gn/T/playwright-java-10877827687906519054/package/lib/server/dispatchers/frameDispatcher.js:157:12)
    at async LongStandingScope._race (/private/var/folders/20/_cvhyhm97ss3p80yt6634l4r0000gn/T/playwright-java-10877827687906519054/package/lib/utils/manualPromise.js:96:14)
    at async FrameDispatcher._handleCommand (/private/var/folders/20/_cvhyhm97ss3p80yt6634l4r0000gn/T/playwright-java-10877827687906519054/package/lib/server/dispatchers/dispatcher.js:96:14)
}
Call log:
- waiting for locator("button[aria-label='search']")

	at com.microsoft.playwright.impl.Connection.dispatch(Connection.java:259)
	at com.microsoft.playwright.impl.Connection.processOneMessage(Connection.java:211)
	at com.microsoft.playwright.impl.ChannelOwner.runUntil(ChannelOwner.java:130)
	... 16 more

[INFO] 
[INFO] Results:
[INFO] 
[ERROR] Errors: 
[ERROR]   TestCaseBookstore.testFullPurchaseFlow:13->BaseUITest.search:66 » Playwright Error {
  message='Error: strict mode violation: locator("button[aria-label='search']") resolved to 2 elements:
    1) <button tabindex="0" aria-label="search" aria-expanded="false" class="mobile-icon nav js-toggle-mobile-search mobile-search-icon">…</button> aka getByLabel("search").first()
    2) <button aria-label="search" class="js-search-icon-open search-icon-open">…</button> aka getByRole(AriaRole.BUTTON, new Page.GetByRoleOptions().setName("search").setExact(true))

  name='Error
  stack='Error: Error: strict mode violation: locator("button[aria-label='search']") resolved to 2 elements:
    1) <button tabindex="0" aria-label="search" aria-expanded="false" class="mobile-icon nav js-toggle-mobile-search mobile-search-icon">…</button> aka getByLabel("search").first()
    2) <button aria-label="search" class="js-search-icon-open search-icon-open">…</button> aka getByRole(AriaRole.BUTTON, new Page.GetByRoleOptions().setName("search").setExact(true))

    at CRExecutionContext.evaluateWithArguments (/private/var/folders/20/_cvhyhm97ss3p80yt6634l4r0000gn/T/playwright-java-10877827687906519054/package/lib/server/chromium/crExecutionContext.js:92:33)
    at async LongStandingScope._race (/private/var/folders/20/_cvhyhm97ss3p80yt6634l4r0000gn/T/playwright-java-10877827687906519054/package/lib/utils/manualPromise.js:96:14)
    at async evaluateExpression (/private/var/folders/20/_cvhyhm97ss3p80yt6634l4r0000gn/T/playwright-java-10877827687906519054/package/lib/server/javascript.js:235:12)
    at async /private/var/folders/20/_cvhyhm97ss3p80yt6634l4r0000gn/T/playwright-java-10877827687906519054/package/lib/server/frames.js:959:22
    at async Frame.retryWithProgressAndTimeouts (/private/var/folders/20/_cvhyhm97ss3p80yt6634l4r0000gn/T/playwright-java-10877827687906519054/package/lib/server/frames.js:929:24)
    at async /private/var/folders/20/_cvhyhm97ss3p80yt6634l4r0000gn/T/playwright-java-10877827687906519054/package/lib/server/frames.js:1014:29
    at async ProgressController.run (/private/var/folders/20/_cvhyhm97ss3p80yt6634l4r0000gn/T/playwright-java-10877827687906519054/package/lib/server/progress.js:82:22)
    at async FrameDispatcher.click (/private/var/folders/20/_cvhyhm97ss3p80yt6634l4r0000gn/T/playwright-java-10877827687906519054/package/lib/server/dispatchers/frameDispatcher.js:157:12)
    at async LongStandingScope._race (/private/var/folders/20/_cvhyhm97ss3p80yt6634l4r0000gn/T/playwright-java-10877827687906519054/package/lib/utils/manualPromise.js:96:14)
    at async FrameDispatcher._handleCommand (/private/var/folders/20/_cvhyhm97ss3p80yt6634l4r0000gn/T/playwright-java-10877827687906519054/package/lib/server/dispatchers/dispatcher.js:96:14)
}
Call log:
- waiting for locator("button[aria-label='search']")

[INFO] 
[ERROR] Tests run: 1, Failures: 0, Errors: 1, Skipped: 0
[INFO] 
[INFO] ------------------------------------------------------------------------
[INFO] BUILD FAILURE
[INFO] ------------------------------------------------------------------------
[INFO] Total time:  6.323 s
[INFO] Finished at: 2025-11-11T03:42:11-06:00
[INFO] ------------------------------------------------------------------------
[ERROR] Failed to execute goal org.apache.maven.plugins:maven-surefire-plugin:3.5.4:test (default-test) on project assignment6-ui: 
[ERROR] 
[ERROR] See /Users/jericho/Desktop/Assignment6jguiangSE333/target/surefire-reports for the individual test results.
[ERROR] See dump files (if any exist) [date].dump, [date]-jvmRun[N].dump and [date].dumpstream.
[ERROR] -> [Help 1]
org.apache.maven.lifecycle.LifecycleExecutionException: Failed to execute goal org.apache.maven.plugins:maven-surefire-plugin:3.5.4:test (default-test) on project assignment6-ui: 

See /Users/jericho/Desktop/Assignment6jguiangSE333/target/surefire-reports for the individual test results.
See dump files (if any exist) [date].dump, [date]-jvmRun[N].dump and [date].dumpstream.
    at org.apache.maven.lifecycle.internal.MojoExecutor.doExecute2 (MojoExecutor.java:333)
    at org.apache.maven.lifecycle.internal.MojoExecutor.doExecute (MojoExecutor.java:316)
    at org.apache.maven.lifecycle.internal.MojoExecutor.execute (MojoExecutor.java:212)
    at org.apache.maven.lifecycle.internal.MojoExecutor.execute (MojoExecutor.java:174)
    at org.apache.maven.lifecycle.internal.MojoExecutor.access$000 (MojoExecutor.java:75)
    at org.apache.maven.lifecycle.internal.MojoExecutor$1.run (MojoExecutor.java:162)
    at org.apache.maven.plugin.DefaultMojosExecutionStrategy.execute (DefaultMojosExecutionStrategy.java:39)
    at org.apache.maven.lifecycle.internal.MojoExecutor.execute (MojoExecutor.java:159)
    at org.apache.maven.lifecycle.internal.LifecycleModuleBuilder.buildProject (LifecycleModuleBuilder.java:105)
    at org.apache.maven.lifecycle.internal.LifecycleModuleBuilder.buildProject (LifecycleModuleBuilder.java:73)
    at org.apache.maven.lifecycle.internal.builder.singlethreaded.SingleThreadedBuilder.build (SingleThreadedBuilder.java:53)
    at org.apache.maven.lifecycle.internal.LifecycleStarter.execute (LifecycleStarter.java:118)
    at org.apache.maven.DefaultMaven.doExecute (DefaultMaven.java:261)
    at org.apache.maven.DefaultMaven.doExecute (DefaultMaven.java:173)
    at org.apache.maven.DefaultMaven.execute (DefaultMaven.java:101)
    at org.apache.maven.cli.MavenCli.execute (MavenCli.java:906)
    at org.apache.maven.cli.MavenCli.doMain (MavenCli.java:283)
    at org.apache.maven.cli.MavenCli.main (MavenCli.java:206)
    at jdk.internal.reflect.DirectMethodHandleAccessor.invoke (DirectMethodHandleAccessor.java:103)
    at java.lang.reflect.Method.invoke (Method.java:580)
    at org.codehaus.plexus.classworlds.launcher.Launcher.launchEnhanced (Launcher.java:255)
    at org.codehaus.plexus.classworlds.launcher.Launcher.launch (Launcher.java:201)
    at org.codehaus.plexus.classworlds.launcher.Launcher.mainWithExitCode (Launcher.java:361)
    at org.codehaus.plexus.classworlds.launcher.Launcher.main (Launcher.java:314)
Caused by: org.apache.maven.plugin.MojoFailureException: 

See /Users/jericho/Desktop/Assignment6jguiangSE333/target/surefire-reports for the individual test results.
See dump files (if any exist) [date].dump, [date]-jvmRun[N].dump and [date].dumpstream.
    at org.apache.maven.plugin.surefire.SurefireHelper.throwException (SurefireHelper.java:247)
    at org.apache.maven.plugin.surefire.SurefireHelper.reportExecution (SurefireHelper.java:159)
    at org.apache.maven.plugin.surefire.SurefireMojo.handleSummary (SurefireMojo.java:547)
    at org.apache.maven.plugin.surefire.AbstractSurefireMojo.executeAfterPreconditionsChecked (AbstractSurefireMojo.java:1147)
    at org.apache.maven.plugin.surefire.AbstractSurefireMojo.execute (AbstractSurefireMojo.java:969)
    at org.apache.maven.plugin.DefaultBuildPluginManager.executeMojo (DefaultBuildPluginManager.java:126)
    at org.apache.maven.lifecycle.internal.MojoExecutor.doExecute2 (MojoExecutor.java:328)
    at org.apache.maven.lifecycle.internal.MojoExecutor.doExecute (MojoExecutor.java:316)
    at org.apache.maven.lifecycle.internal.MojoExecutor.execute (MojoExecutor.java:212)
    at org.apache.maven.lifecycle.internal.MojoExecutor.execute (MojoExecutor.java:174)
    at org.apache.maven.lifecycle.internal.MojoExecutor.access$000 (MojoExecutor.java:75)
    at org.apache.maven.lifecycle.internal.MojoExecutor$1.run (MojoExecutor.java:162)
    at org.apache.maven.plugin.DefaultMojosExecutionStrategy.execute (DefaultMojosExecutionStrategy.java:39)
    at org.apache.maven.lifecycle.internal.MojoExecutor.execute (MojoExecutor.java:159)
    at org.apache.maven.lifecycle.internal.LifecycleModuleBuilder.buildProject (LifecycleModuleBuilder.java:105)
    at org.apache.maven.lifecycle.internal.LifecycleModuleBuilder.buildProject (LifecycleModuleBuilder.java:73)
    at org.apache.maven.lifecycle.internal.builder.singlethreaded.SingleThreadedBuilder.build (SingleThreadedBuilder.java:53)
    at org.apache.maven.lifecycle.internal.LifecycleStarter.execute (LifecycleStarter.java:118)
    at org.apache.maven.DefaultMaven.doExecute (DefaultMaven.java:261)
    at org.apache.maven.DefaultMaven.doExecute (DefaultMaven.java:173)
    at org.apache.maven.DefaultMaven.execute (DefaultMaven.java:101)
    at org.apache.maven.cli.MavenCli.execute (MavenCli.java:906)
    at org.apache.maven.cli.MavenCli.doMain (MavenCli.java:283)
    at org.apache.maven.cli.MavenCli.main (MavenCli.java:206)
    at jdk.internal.reflect.DirectMethodHandleAccessor.invoke (DirectMethodHandleAccessor.java:103)
    at java.lang.reflect.Method.invoke (Method.java:580)
    at org.codehaus.plexus.classworlds.launcher.Launcher.launchEnhanced (Launcher.java:255)
    at org.codehaus.plexus.classworlds.launcher.Launcher.launch (Launcher.java:201)
    at org.codehaus.plexus.classworlds.launcher.Launcher.mainWithExitCode (Launcher.java:361)
    at org.codehaus.plexus.classworlds.launcher.Launcher.main (Launcher.java:314)
[ERROR] 
[ERROR] Re-run Maven using the -X switch to enable full debug logging.
[ERROR] 
[ERROR] For more information about the errors and possible solutions, please read the following articles:
[ERROR] [Help 1] http://cwiki.apache.org/confluence/display/MAVEN/MojoFailureException
[INFO] Error stacktraces are turned on.
[INFO] Scanning for projects...
[INFO] 
[INFO] ---------------------< org.example:assignment6-ui >---------------------
[INFO] Building assignment6-ui 1.0-SNAPSHOT
[INFO]   from pom.xml
[INFO] --------------------------------[ jar ]---------------------------------
[INFO] 
[INFO] --- resources:3.3.1:resources (default-resources) @ assignment6-ui ---
[INFO] Copying 0 resource from src/main/resources to target/classes
[INFO] 
[INFO] --- compiler:3.13.0:compile (default-compile) @ assignment6-ui ---
[INFO] Nothing to compile - all classes are up to date.
[INFO] 
[INFO] --- resources:3.3.1:testResources (default-testResources) @ assignment6-ui ---
[INFO] skip non existing resourceDirectory /Users/jericho/Desktop/Assignment6jguiangSE333/src/test/resources
[INFO] 
[INFO] --- compiler:3.13.0:testCompile (default-testCompile) @ assignment6-ui ---
[INFO] Nothing to compile - all classes are up to date.
[INFO] 
[INFO] --- surefire:3.5.4:test (default-test) @ assignment6-ui ---
[INFO] Surefire report directory: /Users/jericho/Desktop/Assignment6jguiangSE333/target/surefire-reports
[INFO] Using auto detected provider org.apache.maven.surefire.junitplatform.JUnitPlatformProvider
[INFO] 
[INFO] -------------------------------------------------------
[INFO]  T E S T S
[INFO] -------------------------------------------------------
[INFO] Running playwrightTraditional.TestCaseBookstore
[ERROR] Tests run: 1, Failures: 1, Errors: 0, Skipped: 0, Time elapsed: 10.87 s <<< FAILURE! -- in playwrightTraditional.TestCaseBookstore
[ERROR] playwrightTraditional.TestCaseBookstore.testFullPurchaseFlow -- Time elapsed: 10.86 s <<< FAILURE!
org.opentest4j.AssertionFailedError: 
Locator expected to be visible
Call log:
Locator.expect with timeout 5000ms
waiting for locator("input[type='search'], input[placeholder*='Search'], input[name='searchString']")
  locator resolved to <input type="text" placeholder="Search…" id="vendor-search-handler" name="vendor-search-handler" aria-label="Cookie list search"/>
  unexpected value "hidden"
  locator resolved to <input type="text" placeholder="Search…" id="vendor-search-handler" name="vendor-search-handler" aria-label="Cookie list search"/>
  unexpected value "hidden"
  locator resolved to <input type="text" placeholder="Search…" id="vendor-search-handler" name="vendor-search-handler" aria-label="Cookie list search"/>
  unexpected value "hidden"
  locator resolved to <input type="text" placeholder="Search…" id="vendor-search-handler" name="vendor-search-handler" aria-label="Cookie list search"/>
  unexpected value "hidden"
  locator resolved to <input type="text" placeholder="Search…" id="vendor-search-handler" name="vendor-search-handler" aria-label="Cookie list search"/>
  unexpected value "hidden"
  locator resolved to <input type="text" placeholder="Search…" id="vendor-search-handler" name="vendor-search-handler" aria-label="Cookie list search"/>
  unexpected value "hidden"
	at com.microsoft.playwright.impl.AssertionsBase.expectImpl(AssertionsBase.java:69)
	at com.microsoft.playwright.impl.AssertionsBase.expectImpl(AssertionsBase.java:51)
	at com.microsoft.playwright.impl.LocatorAssertionsImpl.expectTrue(LocatorAssertionsImpl.java:392)
	at com.microsoft.playwright.impl.LocatorAssertionsImpl.isVisible(LocatorAssertionsImpl.java:387)
	at com.microsoft.playwright.assertions.LocatorAssertions.isVisible(LocatorAssertions.java:768)
	at playwrightTraditional.BaseUITest.search(BaseUITest.java:74)
	at playwrightTraditional.TestCaseBookstore.testFullPurchaseFlow(TestCaseBookstore.java:13)
	at java.base/java.lang.reflect.Method.invoke(Method.java:580)
	at java.base/java.util.ArrayList.forEach(ArrayList.java:1597)
	at java.base/java.util.ArrayList.forEach(ArrayList.java:1597)

[INFO] 
[INFO] Results:
[INFO] 
[ERROR] Failures: 
[ERROR]   TestCaseBookstore.testFullPurchaseFlow:13->BaseUITest.search:74 Locator expected to be visible
Call log:
Locator.expect with timeout 5000ms
waiting for locator("input[type='search'], input[placeholder*='Search'], input[name='searchString']")
  locator resolved to <input type="text" placeholder="Search…" id="vendor-search-handler" name="vendor-search-handler" aria-label="Cookie list search"/>
  unexpected value "hidden"
  locator resolved to <input type="text" placeholder="Search…" id="vendor-search-handler" name="vendor-search-handler" aria-label="Cookie list search"/>
  unexpected value "hidden"
  locator resolved to <input type="text" placeholder="Search…" id="vendor-search-handler" name="vendor-search-handler" aria-label="Cookie list search"/>
  unexpected value "hidden"
  locator resolved to <input type="text" placeholder="Search…" id="vendor-search-handler" name="vendor-search-handler" aria-label="Cookie list search"/>
  unexpected value "hidden"
  locator resolved to <input type="text" placeholder="Search…" id="vendor-search-handler" name="vendor-search-handler" aria-label="Cookie list search"/>
  unexpected value "hidden"
  locator resolved to <input type="text" placeholder="Search…" id="vendor-search-handler" name="vendor-search-handler" aria-label="Cookie list search"/>
  unexpected value "hidden"
[INFO] 
[ERROR] Tests run: 1, Failures: 1, Errors: 0, Skipped: 0
[INFO] 
[INFO] ------------------------------------------------------------------------
[INFO] BUILD FAILURE
[INFO] ------------------------------------------------------------------------
[INFO] Total time:  11.366 s
[INFO] Finished at: 2025-11-11T03:43:03-06:00
[INFO] ------------------------------------------------------------------------
[ERROR] Failed to execute goal org.apache.maven.plugins:maven-surefire-plugin:3.5.4:test (default-test) on project assignment6-ui: There are test failures.
[ERROR] 
[ERROR] See /Users/jericho/Desktop/Assignment6jguiangSE333/target/surefire-reports for the individual test results.
[ERROR] See dump files (if any exist) [date].dump, [date]-jvmRun[N].dump and [date].dumpstream.
[ERROR] -> [Help 1]
org.apache.maven.lifecycle.LifecycleExecutionException: Failed to execute goal org.apache.maven.plugins:maven-surefire-plugin:3.5.4:test (default-test) on project assignment6-ui: There are test failures.

See /Users/jericho/Desktop/Assignment6jguiangSE333/target/surefire-reports for the individual test results.
See dump files (if any exist) [date].dump, [date]-jvmRun[N].dump and [date].dumpstream.
    at org.apache.maven.lifecycle.internal.MojoExecutor.doExecute2 (MojoExecutor.java:333)
    at org.apache.maven.lifecycle.internal.MojoExecutor.doExecute (MojoExecutor.java:316)
    at org.apache.maven.lifecycle.internal.MojoExecutor.execute (MojoExecutor.java:212)
    at org.apache.maven.lifecycle.internal.MojoExecutor.execute (MojoExecutor.java:174)
    at org.apache.maven.lifecycle.internal.MojoExecutor.access$000 (MojoExecutor.java:75)
    at org.apache.maven.lifecycle.internal.MojoExecutor$1.run (MojoExecutor.java:162)
    at org.apache.maven.plugin.DefaultMojosExecutionStrategy.execute (DefaultMojosExecutionStrategy.java:39)
    at org.apache.maven.lifecycle.internal.MojoExecutor.execute (MojoExecutor.java:159)
    at org.apache.maven.lifecycle.internal.LifecycleModuleBuilder.buildProject (LifecycleModuleBuilder.java:105)
    at org.apache.maven.lifecycle.internal.LifecycleModuleBuilder.buildProject (LifecycleModuleBuilder.java:73)
    at org.apache.maven.lifecycle.internal.builder.singlethreaded.SingleThreadedBuilder.build (SingleThreadedBuilder.java:53)
    at org.apache.maven.lifecycle.internal.LifecycleStarter.execute (LifecycleStarter.java:118)
    at org.apache.maven.DefaultMaven.doExecute (DefaultMaven.java:261)
    at org.apache.maven.DefaultMaven.doExecute (DefaultMaven.java:173)
    at org.apache.maven.DefaultMaven.execute (DefaultMaven.java:101)
    at org.apache.maven.cli.MavenCli.execute (MavenCli.java:906)
    at org.apache.maven.cli.MavenCli.doMain (MavenCli.java:283)
    at org.apache.maven.cli.MavenCli.main (MavenCli.java:206)
    at jdk.internal.reflect.DirectMethodHandleAccessor.invoke (DirectMethodHandleAccessor.java:103)
    at java.lang.reflect.Method.invoke (Method.java:580)
    at org.codehaus.plexus.classworlds.launcher.Launcher.launchEnhanced (Launcher.java:255)
    at org.codehaus.plexus.classworlds.launcher.Launcher.launch (Launcher.java:201)
    at org.codehaus.plexus.classworlds.launcher.Launcher.mainWithExitCode (Launcher.java:361)
    at org.codehaus.plexus.classworlds.launcher.Launcher.main (Launcher.java:314)
Caused by: org.apache.maven.plugin.MojoFailureException: There are test failures.

See /Users/jericho/Desktop/Assignment6jguiangSE333/target/surefire-reports for the individual test results.
See dump files (if any exist) [date].dump, [date]-jvmRun[N].dump and [date].dumpstream.
    at org.apache.maven.plugin.surefire.SurefireHelper.throwException (SurefireHelper.java:247)
    at org.apache.maven.plugin.surefire.SurefireHelper.reportExecution (SurefireHelper.java:159)
    at org.apache.maven.plugin.surefire.SurefireMojo.handleSummary (SurefireMojo.java:547)
    at org.apache.maven.plugin.surefire.AbstractSurefireMojo.executeAfterPreconditionsChecked (AbstractSurefireMojo.java:1147)
    at org.apache.maven.plugin.surefire.AbstractSurefireMojo.execute (AbstractSurefireMojo.java:969)
    at org.apache.maven.plugin.DefaultBuildPluginManager.executeMojo (DefaultBuildPluginManager.java:126)
    at org.apache.maven.lifecycle.internal.MojoExecutor.doExecute2 (MojoExecutor.java:328)
    at org.apache.maven.lifecycle.internal.MojoExecutor.doExecute (MojoExecutor.java:316)
    at org.apache.maven.lifecycle.internal.MojoExecutor.execute (MojoExecutor.java:212)
    at org.apache.maven.lifecycle.internal.MojoExecutor.execute (MojoExecutor.java:174)
    at org.apache.maven.lifecycle.internal.MojoExecutor.access$000 (MojoExecutor.java:75)
    at org.apache.maven.lifecycle.internal.MojoExecutor$1.run (MojoExecutor.java:162)
    at org.apache.maven.plugin.DefaultMojosExecutionStrategy.execute (DefaultMojosExecutionStrategy.java:39)
    at org.apache.maven.lifecycle.internal.MojoExecutor.execute (MojoExecutor.java:159)
    at org.apache.maven.lifecycle.internal.LifecycleModuleBuilder.buildProject (LifecycleModuleBuilder.java:105)
    at org.apache.maven.lifecycle.internal.LifecycleModuleBuilder.buildProject (LifecycleModuleBuilder.java:73)
    at org.apache.maven.lifecycle.internal.builder.singlethreaded.SingleThreadedBuilder.build (SingleThreadedBuilder.java:53)
    at org.apache.maven.lifecycle.internal.LifecycleStarter.execute (LifecycleStarter.java:118)
    at org.apache.maven.DefaultMaven.doExecute (DefaultMaven.java:261)
    at org.apache.maven.DefaultMaven.doExecute (DefaultMaven.java:173)
    at org.apache.maven.DefaultMaven.execute (DefaultMaven.java:101)
    at org.apache.maven.cli.MavenCli.execute (MavenCli.java:906)
    at org.apache.maven.cli.MavenCli.doMain (MavenCli.java:283)
    at org.apache.maven.cli.MavenCli.main (MavenCli.java:206)
    at jdk.internal.reflect.DirectMethodHandleAccessor.invoke (DirectMethodHandleAccessor.java:103)
    at java.lang.reflect.Method.invoke (Method.java:580)
    at org.codehaus.plexus.classworlds.launcher.Launcher.launchEnhanced (Launcher.java:255)
    at org.codehaus.plexus.classworlds.launcher.Launcher.launch (Launcher.java:201)
    at org.codehaus.plexus.classworlds.launcher.Launcher.mainWithExitCode (Launcher.java:361)
    at org.codehaus.plexus.classworlds.launcher.Launcher.main (Launcher.java:314)
[ERROR] 
[ERROR] Re-run Maven using the -X switch to enable full debug logging.
[ERROR] 
[ERROR] For more information about the errors and possible solutions, please read the following articles:
[ERROR] [Help 1] http://cwiki.apache.org/confluence/display/MAVEN/MojoFailureException
[INFO] Error stacktraces are turned on.
[INFO] Scanning for projects...
[INFO] 
[INFO] ---------------------< org.example:assignment6-ui >---------------------
[INFO] Building assignment6-ui 1.0-SNAPSHOT
[INFO]   from pom.xml
[INFO] --------------------------------[ jar ]---------------------------------
[INFO] 
[INFO] --- resources:3.3.1:resources (default-resources) @ assignment6-ui ---
[INFO] Copying 0 resource from src/main/resources to target/classes
[INFO] 
[INFO] --- compiler:3.13.0:compile (default-compile) @ assignment6-ui ---
[INFO] Nothing to compile - all classes are up to date.
[INFO] 
[INFO] --- resources:3.3.1:testResources (default-testResources) @ assignment6-ui ---
[INFO] skip non existing resourceDirectory /Users/jericho/Desktop/Assignment6jguiangSE333/src/test/resources
[INFO] 
[INFO] --- compiler:3.13.0:testCompile (default-testCompile) @ assignment6-ui ---
[INFO] Nothing to compile - all classes are up to date.
[INFO] 
[INFO] --- surefire:3.5.4:test (default-test) @ assignment6-ui ---
[INFO] Surefire report directory: /Users/jericho/Desktop/Assignment6jguiangSE333/target/surefire-reports
[INFO] Using auto detected provider org.apache.maven.surefire.junitplatform.JUnitPlatformProvider
[INFO] 
[INFO] -------------------------------------------------------
[INFO]  T E S T S
[INFO] -------------------------------------------------------
[INFO] Running playwrightTraditional.TestCaseBookstore
[ERROR] Tests run: 1, Failures: 1, Errors: 0, Skipped: 0, Time elapsed: 11.17 s <<< FAILURE! -- in playwrightTraditional.TestCaseBookstore
[ERROR] playwrightTraditional.TestCaseBookstore.testFullPurchaseFlow -- Time elapsed: 11.16 s <<< FAILURE!
org.opentest4j.AssertionFailedError: 
Locator expected to be visible
Call log:
Locator.expect with timeout 5000ms
waiting for locator("header").locator("input[type='search'], input[placeholder*='Search'], input[name='searchString']").first()
	at com.microsoft.playwright.impl.AssertionsBase.expectImpl(AssertionsBase.java:69)
	at com.microsoft.playwright.impl.AssertionsBase.expectImpl(AssertionsBase.java:51)
	at com.microsoft.playwright.impl.LocatorAssertionsImpl.expectTrue(LocatorAssertionsImpl.java:392)
	at com.microsoft.playwright.impl.LocatorAssertionsImpl.isVisible(LocatorAssertionsImpl.java:387)
	at com.microsoft.playwright.assertions.LocatorAssertions.isVisible(LocatorAssertions.java:768)
	at playwrightTraditional.BaseUITest.search(BaseUITest.java:75)
	at playwrightTraditional.TestCaseBookstore.testFullPurchaseFlow(TestCaseBookstore.java:13)
	at java.base/java.lang.reflect.Method.invoke(Method.java:580)
	at java.base/java.util.ArrayList.forEach(ArrayList.java:1597)
	at java.base/java.util.ArrayList.forEach(ArrayList.java:1597)

[INFO] 
[INFO] Results:
[INFO] 
[ERROR] Failures: 
[ERROR]   TestCaseBookstore.testFullPurchaseFlow:13->BaseUITest.search:75 Locator expected to be visible
Call log:
Locator.expect with timeout 5000ms
waiting for locator("header").locator("input[type='search'], input[placeholder*='Search'], input[name='searchString']").first()
[INFO] 
[ERROR] Tests run: 1, Failures: 1, Errors: 0, Skipped: 0
[INFO] 
[INFO] ------------------------------------------------------------------------
[INFO] BUILD FAILURE
[INFO] ------------------------------------------------------------------------
[INFO] Total time:  11.674 s
[INFO] Finished at: 2025-11-11T03:43:36-06:00
[INFO] ------------------------------------------------------------------------
[ERROR] Failed to execute goal org.apache.maven.plugins:maven-surefire-plugin:3.5.4:test (default-test) on project assignment6-ui: There are test failures.
[ERROR] 
[ERROR] See /Users/jericho/Desktop/Assignment6jguiangSE333/target/surefire-reports for the individual test results.
[ERROR] See dump files (if any exist) [date].dump, [date]-jvmRun[N].dump and [date].dumpstream.
[ERROR] -> [Help 1]
org.apache.maven.lifecycle.LifecycleExecutionException: Failed to execute goal org.apache.maven.plugins:maven-surefire-plugin:3.5.4:test (default-test) on project assignment6-ui: There are test failures.

See /Users/jericho/Desktop/Assignment6jguiangSE333/target/surefire-reports for the individual test results.
See dump files (if any exist) [date].dump, [date]-jvmRun[N].dump and [date].dumpstream.
    at org.apache.maven.lifecycle.internal.MojoExecutor.doExecute2 (MojoExecutor.java:333)
    at org.apache.maven.lifecycle.internal.MojoExecutor.doExecute (MojoExecutor.java:316)
    at org.apache.maven.lifecycle.internal.MojoExecutor.execute (MojoExecutor.java:212)
    at org.apache.maven.lifecycle.internal.MojoExecutor.execute (MojoExecutor.java:174)
    at org.apache.maven.lifecycle.internal.MojoExecutor.access$000 (MojoExecutor.java:75)
    at org.apache.maven.lifecycle.internal.MojoExecutor$1.run (MojoExecutor.java:162)
    at org.apache.maven.plugin.DefaultMojosExecutionStrategy.execute (DefaultMojosExecutionStrategy.java:39)
    at org.apache.maven.lifecycle.internal.MojoExecutor.execute (MojoExecutor.java:159)
    at org.apache.maven.lifecycle.internal.LifecycleModuleBuilder.buildProject (LifecycleModuleBuilder.java:105)
    at org.apache.maven.lifecycle.internal.LifecycleModuleBuilder.buildProject (LifecycleModuleBuilder.java:73)
    at org.apache.maven.lifecycle.internal.builder.singlethreaded.SingleThreadedBuilder.build (SingleThreadedBuilder.java:53)
    at org.apache.maven.lifecycle.internal.LifecycleStarter.execute (LifecycleStarter.java:118)
    at org.apache.maven.DefaultMaven.doExecute (DefaultMaven.java:261)
    at org.apache.maven.DefaultMaven.doExecute (DefaultMaven.java:173)
    at org.apache.maven.DefaultMaven.execute (DefaultMaven.java:101)
    at org.apache.maven.cli.MavenCli.execute (MavenCli.java:906)
    at org.apache.maven.cli.MavenCli.doMain (MavenCli.java:283)
    at org.apache.maven.cli.MavenCli.main (MavenCli.java:206)
    at jdk.internal.reflect.DirectMethodHandleAccessor.invoke (DirectMethodHandleAccessor.java:103)
    at java.lang.reflect.Method.invoke (Method.java:580)
    at org.codehaus.plexus.classworlds.launcher.Launcher.launchEnhanced (Launcher.java:255)
    at org.codehaus.plexus.classworlds.launcher.Launcher.launch (Launcher.java:201)
    at org.codehaus.plexus.classworlds.launcher.Launcher.mainWithExitCode (Launcher.java:361)
    at org.codehaus.plexus.classworlds.launcher.Launcher.main (Launcher.java:314)
Caused by: org.apache.maven.plugin.MojoFailureException: There are test failures.

See /Users/jericho/Desktop/Assignment6jguiangSE333/target/surefire-reports for the individual test results.
See dump files (if any exist) [date].dump, [date]-jvmRun[N].dump and [date].dumpstream.
    at org.apache.maven.plugin.surefire.SurefireHelper.throwException (SurefireHelper.java:247)
    at org.apache.maven.plugin.surefire.SurefireHelper.reportExecution (SurefireHelper.java:159)
    at org.apache.maven.plugin.surefire.SurefireMojo.handleSummary (SurefireMojo.java:547)
    at org.apache.maven.plugin.surefire.AbstractSurefireMojo.executeAfterPreconditionsChecked (AbstractSurefireMojo.java:1147)
    at org.apache.maven.plugin.surefire.AbstractSurefireMojo.execute (AbstractSurefireMojo.java:969)
    at org.apache.maven.plugin.DefaultBuildPluginManager.executeMojo (DefaultBuildPluginManager.java:126)
    at org.apache.maven.lifecycle.internal.MojoExecutor.doExecute2 (MojoExecutor.java:328)
    at org.apache.maven.lifecycle.internal.MojoExecutor.doExecute (MojoExecutor.java:316)
    at org.apache.maven.lifecycle.internal.MojoExecutor.execute (MojoExecutor.java:212)
    at org.apache.maven.lifecycle.internal.MojoExecutor.execute (MojoExecutor.java:174)
    at org.apache.maven.lifecycle.internal.MojoExecutor.access$000 (MojoExecutor.java:75)
    at org.apache.maven.lifecycle.internal.MojoExecutor$1.run (MojoExecutor.java:162)
    at org.apache.maven.plugin.DefaultMojosExecutionStrategy.execute (DefaultMojosExecutionStrategy.java:39)
    at org.apache.maven.lifecycle.internal.MojoExecutor.execute (MojoExecutor.java:159)
    at org.apache.maven.lifecycle.internal.LifecycleModuleBuilder.buildProject (LifecycleModuleBuilder.java:105)
    at org.apache.maven.lifecycle.internal.LifecycleModuleBuilder.buildProject (LifecycleModuleBuilder.java:73)
    at org.apache.maven.lifecycle.internal.builder.singlethreaded.SingleThreadedBuilder.build (SingleThreadedBuilder.java:53)
    at org.apache.maven.lifecycle.internal.LifecycleStarter.execute (LifecycleStarter.java:118)
    at org.apache.maven.DefaultMaven.doExecute (DefaultMaven.java:261)
    at org.apache.maven.DefaultMaven.doExecute (DefaultMaven.java:173)
    at org.apache.maven.DefaultMaven.execute (DefaultMaven.java:101)
    at org.apache.maven.cli.MavenCli.execute (MavenCli.java:906)
    at org.apache.maven.cli.MavenCli.doMain (MavenCli.java:283)
    at org.apache.maven.cli.MavenCli.main (MavenCli.java:206)
    at jdk.internal.reflect.DirectMethodHandleAccessor.invoke (DirectMethodHandleAccessor.java:103)
    at java.lang.reflect.Method.invoke (Method.java:580)
    at org.codehaus.plexus.classworlds.launcher.Launcher.launchEnhanced (Launcher.java:255)
    at org.codehaus.plexus.classworlds.launcher.Launcher.launch (Launcher.java:201)
    at org.codehaus.plexus.classworlds.launcher.Launcher.mainWithExitCode (Launcher.java:361)
    at org.codehaus.plexus.classworlds.launcher.Launcher.main (Launcher.java:314)
[ERROR] 
[ERROR] Re-run Maven using the -X switch to enable full debug logging.
[ERROR] 
[ERROR] For more information about the errors and possible solutions, please read the following articles:
[ERROR] [Help 1] http://cwiki.apache.org/confluence/display/MAVEN/MojoFailureException
[INFO] Error stacktraces are turned on.
[INFO] Scanning for projects...
[INFO] 
[INFO] ---------------------< org.example:assignment6-ui >---------------------
[INFO] Building assignment6-ui 1.0-SNAPSHOT
[INFO]   from pom.xml
[INFO] --------------------------------[ jar ]---------------------------------
[INFO] 
[INFO] --- resources:3.3.1:resources (default-resources) @ assignment6-ui ---
[INFO] Copying 0 resource from src/main/resources to target/classes
[INFO] 
[INFO] --- compiler:3.13.0:compile (default-compile) @ assignment6-ui ---
[INFO] Nothing to compile - all classes are up to date.
[INFO] 
[INFO] --- resources:3.3.1:testResources (default-testResources) @ assignment6-ui ---
[INFO] skip non existing resourceDirectory /Users/jericho/Desktop/Assignment6jguiangSE333/src/test/resources
[INFO] 
[INFO] --- compiler:3.13.0:testCompile (default-testCompile) @ assignment6-ui ---
[INFO] Nothing to compile - all classes are up to date.
[INFO] 
[INFO] --- surefire:3.5.4:test (default-test) @ assignment6-ui ---
[INFO] Surefire report directory: /Users/jericho/Desktop/Assignment6jguiangSE333/target/surefire-reports
[INFO] Using auto detected provider org.apache.maven.surefire.junitplatform.JUnitPlatformProvider
[INFO] 
[INFO] -------------------------------------------------------
[INFO]  T E S T S
[INFO] -------------------------------------------------------
[INFO] Running playwrightTraditional.TestCaseBookstore
[ERROR] Tests run: 1, Failures: 1, Errors: 0, Skipped: 0, Time elapsed: 11.01 s <<< FAILURE! -- in playwrightTraditional.TestCaseBookstore
[ERROR] playwrightTraditional.TestCaseBookstore.testFullPurchaseFlow -- Time elapsed: 11.00 s <<< FAILURE!
org.opentest4j.AssertionFailedError: Visible search input not found ==> expected: <true> but was: <false>
	at org.junit.jupiter.api.AssertionFailureBuilder.build(AssertionFailureBuilder.java:151)
	at org.junit.jupiter.api.AssertionFailureBuilder.buildAndThrow(AssertionFailureBuilder.java:132)
	at org.junit.jupiter.api.AssertTrue.failNotTrue(AssertTrue.java:63)
	at org.junit.jupiter.api.AssertTrue.assertTrue(AssertTrue.java:36)
	at org.junit.jupiter.api.Assertions.assertTrue(Assertions.java:214)
	at playwrightTraditional.BaseUITest.search(BaseUITest.java:89)
	at playwrightTraditional.TestCaseBookstore.testFullPurchaseFlow(TestCaseBookstore.java:13)
	at java.base/java.lang.reflect.Method.invoke(Method.java:580)
	at java.base/java.util.ArrayList.forEach(ArrayList.java:1597)
	at java.base/java.util.ArrayList.forEach(ArrayList.java:1597)

[INFO] 
[INFO] Results:
[INFO] 
[ERROR] Failures: 
[ERROR]   TestCaseBookstore.testFullPurchaseFlow:13->BaseUITest.search:89 Visible search input not found ==> expected: <true> but was: <false>
[INFO] 
[ERROR] Tests run: 1, Failures: 1, Errors: 0, Skipped: 0
[INFO] 
[INFO] ------------------------------------------------------------------------
[INFO] BUILD FAILURE
[INFO] ------------------------------------------------------------------------
[INFO] Total time:  11.544 s
[INFO] Finished at: 2025-11-11T03:47:01-06:00
[INFO] ------------------------------------------------------------------------
[ERROR] Failed to execute goal org.apache.maven.plugins:maven-surefire-plugin:3.5.4:test (default-test) on project assignment6-ui: There are test failures.
[ERROR] 
[ERROR] See /Users/jericho/Desktop/Assignment6jguiangSE333/target/surefire-reports for the individual test results.
[ERROR] See dump files (if any exist) [date].dump, [date]-jvmRun[N].dump and [date].dumpstream.
[ERROR] -> [Help 1]
org.apache.maven.lifecycle.LifecycleExecutionException: Failed to execute goal org.apache.maven.plugins:maven-surefire-plugin:3.5.4:test (default-test) on project assignment6-ui: There are test failures.

See /Users/jericho/Desktop/Assignment6jguiangSE333/target/surefire-reports for the individual test results.
See dump files (if any exist) [date].dump, [date]-jvmRun[N].dump and [date].dumpstream.
    at org.apache.maven.lifecycle.internal.MojoExecutor.doExecute2 (MojoExecutor.java:333)
    at org.apache.maven.lifecycle.internal.MojoExecutor.doExecute (MojoExecutor.java:316)
    at org.apache.maven.lifecycle.internal.MojoExecutor.execute (MojoExecutor.java:212)
    at org.apache.maven.lifecycle.internal.MojoExecutor.execute (MojoExecutor.java:174)
    at org.apache.maven.lifecycle.internal.MojoExecutor.access$000 (MojoExecutor.java:75)
    at org.apache.maven.lifecycle.internal.MojoExecutor$1.run (MojoExecutor.java:162)
    at org.apache.maven.plugin.DefaultMojosExecutionStrategy.execute (DefaultMojosExecutionStrategy.java:39)
    at org.apache.maven.lifecycle.internal.MojoExecutor.execute (MojoExecutor.java:159)
    at org.apache.maven.lifecycle.internal.LifecycleModuleBuilder.buildProject (LifecycleModuleBuilder.java:105)
    at org.apache.maven.lifecycle.internal.LifecycleModuleBuilder.buildProject (LifecycleModuleBuilder.java:73)
    at org.apache.maven.lifecycle.internal.builder.singlethreaded.SingleThreadedBuilder.build (SingleThreadedBuilder.java:53)
    at org.apache.maven.lifecycle.internal.LifecycleStarter.execute (LifecycleStarter.java:118)
    at org.apache.maven.DefaultMaven.doExecute (DefaultMaven.java:261)
    at org.apache.maven.DefaultMaven.doExecute (DefaultMaven.java:173)
    at org.apache.maven.DefaultMaven.execute (DefaultMaven.java:101)
    at org.apache.maven.cli.MavenCli.execute (MavenCli.java:906)
    at org.apache.maven.cli.MavenCli.doMain (MavenCli.java:283)
    at org.apache.maven.cli.MavenCli.main (MavenCli.java:206)
    at jdk.internal.reflect.DirectMethodHandleAccessor.invoke (DirectMethodHandleAccessor.java:103)
    at java.lang.reflect.Method.invoke (Method.java:580)
    at org.codehaus.plexus.classworlds.launcher.Launcher.launchEnhanced (Launcher.java:255)
    at org.codehaus.plexus.classworlds.launcher.Launcher.launch (Launcher.java:201)
    at org.codehaus.plexus.classworlds.launcher.Launcher.mainWithExitCode (Launcher.java:361)
    at org.codehaus.plexus.classworlds.launcher.Launcher.main (Launcher.java:314)
Caused by: org.apache.maven.plugin.MojoFailureException: There are test failures.

See /Users/jericho/Desktop/Assignment6jguiangSE333/target/surefire-reports for the individual test results.
See dump files (if any exist) [date].dump, [date]-jvmRun[N].dump and [date].dumpstream.
    at org.apache.maven.plugin.surefire.SurefireHelper.throwException (SurefireHelper.java:247)
    at org.apache.maven.plugin.surefire.SurefireHelper.reportExecution (SurefireHelper.java:159)
    at org.apache.maven.plugin.surefire.SurefireMojo.handleSummary (SurefireMojo.java:547)
    at org.apache.maven.plugin.surefire.AbstractSurefireMojo.executeAfterPreconditionsChecked (AbstractSurefireMojo.java:1147)
    at org.apache.maven.plugin.surefire.AbstractSurefireMojo.execute (AbstractSurefireMojo.java:969)
    at org.apache.maven.plugin.DefaultBuildPluginManager.executeMojo (DefaultBuildPluginManager.java:126)
    at org.apache.maven.lifecycle.internal.MojoExecutor.doExecute2 (MojoExecutor.java:328)
    at org.apache.maven.lifecycle.internal.MojoExecutor.doExecute (MojoExecutor.java:316)
    at org.apache.maven.lifecycle.internal.MojoExecutor.execute (MojoExecutor.java:212)
    at org.apache.maven.lifecycle.internal.MojoExecutor.execute (MojoExecutor.java:174)
    at org.apache.maven.lifecycle.internal.MojoExecutor.access$000 (MojoExecutor.java:75)
    at org.apache.maven.lifecycle.internal.MojoExecutor$1.run (MojoExecutor.java:162)
    at org.apache.maven.plugin.DefaultMojosExecutionStrategy.execute (DefaultMojosExecutionStrategy.java:39)
    at org.apache.maven.lifecycle.internal.MojoExecutor.execute (MojoExecutor.java:159)
    at org.apache.maven.lifecycle.internal.LifecycleModuleBuilder.buildProject (LifecycleModuleBuilder.java:105)
    at org.apache.maven.lifecycle.internal.LifecycleModuleBuilder.buildProject (LifecycleModuleBuilder.java:73)
    at org.apache.maven.lifecycle.internal.builder.singlethreaded.SingleThreadedBuilder.build (SingleThreadedBuilder.java:53)
    at org.apache.maven.lifecycle.internal.LifecycleStarter.execute (LifecycleStarter.java:118)
    at org.apache.maven.DefaultMaven.doExecute (DefaultMaven.java:261)
    at org.apache.maven.DefaultMaven.doExecute (DefaultMaven.java:173)
    at org.apache.maven.DefaultMaven.execute (DefaultMaven.java:101)
    at org.apache.maven.cli.MavenCli.execute (MavenCli.java:906)
    at org.apache.maven.cli.MavenCli.doMain (MavenCli.java:283)
    at org.apache.maven.cli.MavenCli.main (MavenCli.java:206)
    at jdk.internal.reflect.DirectMethodHandleAccessor.invoke (DirectMethodHandleAccessor.java:103)
    at java.lang.reflect.Method.invoke (Method.java:580)
    at org.codehaus.plexus.classworlds.launcher.Launcher.launchEnhanced (Launcher.java:255)
    at org.codehaus.plexus.classworlds.launcher.Launcher.launch (Launcher.java:201)
    at org.codehaus.plexus.classworlds.launcher.Launcher.mainWithExitCode (Launcher.java:361)
    at org.codehaus.plexus.classworlds.launcher.Launcher.main (Launcher.java:314)
[ERROR] 
[ERROR] Re-run Maven using the -X switch to enable full debug logging.
[ERROR] 
[ERROR] For more information about the errors and possible solutions, please read the following articles:
[ERROR] [Help 1] http://cwiki.apache.org/confluence/display/MAVEN/MojoFailureException
[INFO] Error stacktraces are turned on.
[INFO] Scanning for projects...
[INFO] 
[INFO] ---------------------< org.example:assignment6-ui >---------------------
[INFO] Building assignment6-ui 1.0-SNAPSHOT
[INFO]   from pom.xml
[INFO] --------------------------------[ jar ]---------------------------------
[INFO] 
[INFO] --- resources:3.3.1:resources (default-resources) @ assignment6-ui ---
[INFO] Copying 0 resource from src/main/resources to target/classes
[INFO] 
[INFO] --- compiler:3.13.0:compile (default-compile) @ assignment6-ui ---
[INFO] Nothing to compile - all classes are up to date.
[INFO] 
[INFO] --- resources:3.3.1:testResources (default-testResources) @ assignment6-ui ---
[INFO] skip non existing resourceDirectory /Users/jericho/Desktop/Assignment6jguiangSE333/src/test/resources
[INFO] 
[INFO] --- compiler:3.13.0:testCompile (default-testCompile) @ assignment6-ui ---
[INFO] Nothing to compile - all classes are up to date.
[INFO] 
[INFO] --- surefire:3.5.4:test (default-test) @ assignment6-ui ---
[INFO] Surefire report directory: /Users/jericho/Desktop/Assignment6jguiangSE333/target/surefire-reports
[INFO] Using auto detected provider org.apache.maven.surefire.junitplatform.JUnitPlatformProvider
[INFO] 
[INFO] -------------------------------------------------------
[INFO]  T E S T S
[INFO] -------------------------------------------------------
[INFO] Running playwrightTraditional.TestCaseBookstore
[ERROR] Tests run: 1, Failures: 0, Errors: 1, Skipped: 0, Time elapsed: 6.011 s <<< FAILURE! -- in playwrightTraditional.TestCaseBookstore
[ERROR] playwrightTraditional.TestCaseBookstore.testFullPurchaseFlow -- Time elapsed: 6.001 s <<< ERROR!
com.microsoft.playwright.PlaywrightException: 
Error {
  message='InvalidSelectorError: Error while parsing selector `textbox[name=/(?i)search/i]`: Invalid regular expression: /(?i)search/i: Invalid group
    at readRegularExpression (<anonymous>:2534:13)
    at readAttribute (<anonymous>:2580:15)
    at parseAttributeSelector (<anonymous>:2622:28)
    at Object.queryAll (<anonymous>:3101:22)
    at InjectedScript._queryEngineAll (<anonymous>:5163:49)
    at InjectedScript.querySelectorAll (<anonymous>:5150:30)
    at eval (eval at evaluate (:234:30), <anonymous>:4:23)
    at UtilityScript.evaluate (<anonymous>:236:17)
    at UtilityScript.<anonymous> (<anonymous>:1:44)
  name='Error
  stack='Error: InvalidSelectorError: Error while parsing selector `textbox[name=/(?i)search/i]`: Invalid regular expression: /(?i)search/i: Invalid group
    at readRegularExpression (<anonymous>:2534:13)
    at readAttribute (<anonymous>:2580:15)
    at parseAttributeSelector (<anonymous>:2622:28)
    at Object.queryAll (<anonymous>:3101:22)
    at InjectedScript._queryEngineAll (<anonymous>:5163:49)
    at InjectedScript.querySelectorAll (<anonymous>:5150:30)
    at eval (eval at evaluate (:234:30), <anonymous>:4:23)
    at UtilityScript.evaluate (<anonymous>:236:17)
    at UtilityScript.<anonymous> (<anonymous>:1:44)
    at CRExecutionContext.evaluateWithArguments (/private/var/folders/20/_cvhyhm97ss3p80yt6634l4r0000gn/T/playwright-java-14927902546731478613/package/lib/server/chromium/crExecutionContext.js:92:33)
    at async LongStandingScope._race (/private/var/folders/20/_cvhyhm97ss3p80yt6634l4r0000gn/T/playwright-java-14927902546731478613/package/lib/utils/manualPromise.js:96:14)
    at async evaluateExpression (/private/var/folders/20/_cvhyhm97ss3p80yt6634l4r0000gn/T/playwright-java-14927902546731478613/package/lib/server/javascript.js:235:12)
    at async FrameSelectors.queryCount (/private/var/folders/20/_cvhyhm97ss3p80yt6634l4r0000gn/T/playwright-java-14927902546731478613/package/lib/server/frameSelectors.js:74:12)
    at async Frame.queryCount (/private/var/folders/20/_cvhyhm97ss3p80yt6634l4r0000gn/T/playwright-java-14927902546731478613/package/lib/server/frames.js:748:12)
    at async FrameDispatcher.queryCount (/private/var/folders/20/_cvhyhm97ss3p80yt6634l4r0000gn/T/playwright-java-14927902546731478613/package/lib/server/dispatchers/frameDispatcher.js:134:14)
    at async LongStandingScope._race (/private/var/folders/20/_cvhyhm97ss3p80yt6634l4r0000gn/T/playwright-java-14927902546731478613/package/lib/utils/manualPromise.js:96:14)
    at async FrameDispatcher._handleCommand (/private/var/folders/20/_cvhyhm97ss3p80yt6634l4r0000gn/T/playwright-java-14927902546731478613/package/lib/server/dispatchers/dispatcher.js:96:14)
    at async DispatcherConnection.dispatch (/private/var/folders/20/_cvhyhm97ss3p80yt6634l4r0000gn/T/playwright-java-14927902546731478613/package/lib/server/dispatchers/dispatcher.js:361:22)
}
	at com.microsoft.playwright.impl.WaitableResult.get(WaitableResult.java:56)
	at com.microsoft.playwright.impl.ChannelOwner.runUntil(ChannelOwner.java:132)
	at com.microsoft.playwright.impl.Connection.sendMessage(Connection.java:130)
	at com.microsoft.playwright.impl.ChannelOwner.sendMessage(ChannelOwner.java:118)
	at com.microsoft.playwright.impl.FrameImpl.queryCount(FrameImpl.java:1116)
	at com.microsoft.playwright.impl.LocatorImpl.count(LocatorImpl.java:165)
	at playwrightTraditional.BaseUITest.search(BaseUITest.java:67)
	at playwrightTraditional.TestCaseBookstore.testFullPurchaseFlow(TestCaseBookstore.java:13)
	at java.base/java.lang.reflect.Method.invoke(Method.java:580)
	at java.base/java.util.ArrayList.forEach(ArrayList.java:1597)
	at java.base/java.util.ArrayList.forEach(ArrayList.java:1597)
Caused by: com.microsoft.playwright.impl.DriverException: Error {
  message='InvalidSelectorError: Error while parsing selector `textbox[name=/(?i)search/i]`: Invalid regular expression: /(?i)search/i: Invalid group
    at readRegularExpression (<anonymous>:2534:13)
    at readAttribute (<anonymous>:2580:15)
    at parseAttributeSelector (<anonymous>:2622:28)
    at Object.queryAll (<anonymous>:3101:22)
    at InjectedScript._queryEngineAll (<anonymous>:5163:49)
    at InjectedScript.querySelectorAll (<anonymous>:5150:30)
    at eval (eval at evaluate (:234:30), <anonymous>:4:23)
    at UtilityScript.evaluate (<anonymous>:236:17)
    at UtilityScript.<anonymous> (<anonymous>:1:44)
  name='Error
  stack='Error: InvalidSelectorError: Error while parsing selector `textbox[name=/(?i)search/i]`: Invalid regular expression: /(?i)search/i: Invalid group
    at readRegularExpression (<anonymous>:2534:13)
    at readAttribute (<anonymous>:2580:15)
    at parseAttributeSelector (<anonymous>:2622:28)
    at Object.queryAll (<anonymous>:3101:22)
    at InjectedScript._queryEngineAll (<anonymous>:5163:49)
    at InjectedScript.querySelectorAll (<anonymous>:5150:30)
    at eval (eval at evaluate (:234:30), <anonymous>:4:23)
    at UtilityScript.evaluate (<anonymous>:236:17)
    at UtilityScript.<anonymous> (<anonymous>:1:44)
    at CRExecutionContext.evaluateWithArguments (/private/var/folders/20/_cvhyhm97ss3p80yt6634l4r0000gn/T/playwright-java-14927902546731478613/package/lib/server/chromium/crExecutionContext.js:92:33)
    at async LongStandingScope._race (/private/var/folders/20/_cvhyhm97ss3p80yt6634l4r0000gn/T/playwright-java-14927902546731478613/package/lib/utils/manualPromise.js:96:14)
    at async evaluateExpression (/private/var/folders/20/_cvhyhm97ss3p80yt6634l4r0000gn/T/playwright-java-14927902546731478613/package/lib/server/javascript.js:235:12)
    at async FrameSelectors.queryCount (/private/var/folders/20/_cvhyhm97ss3p80yt6634l4r0000gn/T/playwright-java-14927902546731478613/package/lib/server/frameSelectors.js:74:12)
    at async Frame.queryCount (/private/var/folders/20/_cvhyhm97ss3p80yt6634l4r0000gn/T/playwright-java-14927902546731478613/package/lib/server/frames.js:748:12)
    at async FrameDispatcher.queryCount (/private/var/folders/20/_cvhyhm97ss3p80yt6634l4r0000gn/T/playwright-java-14927902546731478613/package/lib/server/dispatchers/frameDispatcher.js:134:14)
    at async LongStandingScope._race (/private/var/folders/20/_cvhyhm97ss3p80yt6634l4r0000gn/T/playwright-java-14927902546731478613/package/lib/utils/manualPromise.js:96:14)
    at async FrameDispatcher._handleCommand (/private/var/folders/20/_cvhyhm97ss3p80yt6634l4r0000gn/T/playwright-java-14927902546731478613/package/lib/server/dispatchers/dispatcher.js:96:14)
    at async DispatcherConnection.dispatch (/private/var/folders/20/_cvhyhm97ss3p80yt6634l4r0000gn/T/playwright-java-14927902546731478613/package/lib/server/dispatchers/dispatcher.js:361:22)
}
	at com.microsoft.playwright.impl.Connection.dispatch(Connection.java:259)
	at com.microsoft.playwright.impl.Connection.processOneMessage(Connection.java:211)
	at com.microsoft.playwright.impl.ChannelOwner.runUntil(ChannelOwner.java:130)
	... 9 more

[INFO] 
[INFO] Results:
[INFO] 
[ERROR] Errors: 
[ERROR]   TestCaseBookstore.testFullPurchaseFlow:13->BaseUITest.search:67 » Playwright Error {
  message='InvalidSelectorError: Error while parsing selector `textbox[name=/(?i)search/i]`: Invalid regular expression: /(?i)search/i: Invalid group
    at readRegularExpression (<anonymous>:2534:13)
    at readAttribute (<anonymous>:2580:15)
    at parseAttributeSelector (<anonymous>:2622:28)
    at Object.queryAll (<anonymous>:3101:22)
    at InjectedScript._queryEngineAll (<anonymous>:5163:49)
    at InjectedScript.querySelectorAll (<anonymous>:5150:30)
    at eval (eval at evaluate (:234:30), <anonymous>:4:23)
    at UtilityScript.evaluate (<anonymous>:236:17)
    at UtilityScript.<anonymous> (<anonymous>:1:44)
  name='Error
  stack='Error: InvalidSelectorError: Error while parsing selector `textbox[name=/(?i)search/i]`: Invalid regular expression: /(?i)search/i: Invalid group
    at readRegularExpression (<anonymous>:2534:13)
    at readAttribute (<anonymous>:2580:15)
    at parseAttributeSelector (<anonymous>:2622:28)
    at Object.queryAll (<anonymous>:3101:22)
    at InjectedScript._queryEngineAll (<anonymous>:5163:49)
    at InjectedScript.querySelectorAll (<anonymous>:5150:30)
    at eval (eval at evaluate (:234:30), <anonymous>:4:23)
    at UtilityScript.evaluate (<anonymous>:236:17)
    at UtilityScript.<anonymous> (<anonymous>:1:44)
    at CRExecutionContext.evaluateWithArguments (/private/var/folders/20/_cvhyhm97ss3p80yt6634l4r0000gn/T/playwright-java-14927902546731478613/package/lib/server/chromium/crExecutionContext.js:92:33)
    at async LongStandingScope._race (/private/var/folders/20/_cvhyhm97ss3p80yt6634l4r0000gn/T/playwright-java-14927902546731478613/package/lib/utils/manualPromise.js:96:14)
    at async evaluateExpression (/private/var/folders/20/_cvhyhm97ss3p80yt6634l4r0000gn/T/playwright-java-14927902546731478613/package/lib/server/javascript.js:235:12)
    at async FrameSelectors.queryCount (/private/var/folders/20/_cvhyhm97ss3p80yt6634l4r0000gn/T/playwright-java-14927902546731478613/package/lib/server/frameSelectors.js:74:12)
    at async Frame.queryCount (/private/var/folders/20/_cvhyhm97ss3p80yt6634l4r0000gn/T/playwright-java-14927902546731478613/package/lib/server/frames.js:748:12)
    at async FrameDispatcher.queryCount (/private/var/folders/20/_cvhyhm97ss3p80yt6634l4r0000gn/T/playwright-java-14927902546731478613/package/lib/server/dispatchers/frameDispatcher.js:134:14)
    at async LongStandingScope._race (/private/var/folders/20/_cvhyhm97ss3p80yt6634l4r0000gn/T/playwright-java-14927902546731478613/package/lib/utils/manualPromise.js:96:14)
    at async FrameDispatcher._handleCommand (/private/var/folders/20/_cvhyhm97ss3p80yt6634l4r0000gn/T/playwright-java-14927902546731478613/package/lib/server/dispatchers/dispatcher.js:96:14)
    at async DispatcherConnection.dispatch (/private/var/folders/20/_cvhyhm97ss3p80yt6634l4r0000gn/T/playwright-java-14927902546731478613/package/lib/server/dispatchers/dispatcher.js:361:22)
}
[INFO] 
[ERROR] Tests run: 1, Failures: 0, Errors: 1, Skipped: 0
[INFO] 
[INFO] ------------------------------------------------------------------------
[INFO] BUILD FAILURE
[INFO] ------------------------------------------------------------------------
[INFO] Total time:  6.545 s
[INFO] Finished at: 2025-11-11T03:47:51-06:00
[INFO] ------------------------------------------------------------------------
[ERROR] Failed to execute goal org.apache.maven.plugins:maven-surefire-plugin:3.5.4:test (default-test) on project assignment6-ui: 
[ERROR] 
[ERROR] See /Users/jericho/Desktop/Assignment6jguiangSE333/target/surefire-reports for the individual test results.
[ERROR] See dump files (if any exist) [date].dump, [date]-jvmRun[N].dump and [date].dumpstream.
[ERROR] -> [Help 1]
org.apache.maven.lifecycle.LifecycleExecutionException: Failed to execute goal org.apache.maven.plugins:maven-surefire-plugin:3.5.4:test (default-test) on project assignment6-ui: 

See /Users/jericho/Desktop/Assignment6jguiangSE333/target/surefire-reports for the individual test results.
See dump files (if any exist) [date].dump, [date]-jvmRun[N].dump and [date].dumpstream.
    at org.apache.maven.lifecycle.internal.MojoExecutor.doExecute2 (MojoExecutor.java:333)
    at org.apache.maven.lifecycle.internal.MojoExecutor.doExecute (MojoExecutor.java:316)
    at org.apache.maven.lifecycle.internal.MojoExecutor.execute (MojoExecutor.java:212)
    at org.apache.maven.lifecycle.internal.MojoExecutor.execute (MojoExecutor.java:174)
    at org.apache.maven.lifecycle.internal.MojoExecutor.access$000 (MojoExecutor.java:75)
    at org.apache.maven.lifecycle.internal.MojoExecutor$1.run (MojoExecutor.java:162)
    at org.apache.maven.plugin.DefaultMojosExecutionStrategy.execute (DefaultMojosExecutionStrategy.java:39)
    at org.apache.maven.lifecycle.internal.MojoExecutor.execute (MojoExecutor.java:159)
    at org.apache.maven.lifecycle.internal.LifecycleModuleBuilder.buildProject (LifecycleModuleBuilder.java:105)
    at org.apache.maven.lifecycle.internal.LifecycleModuleBuilder.buildProject (LifecycleModuleBuilder.java:73)
    at org.apache.maven.lifecycle.internal.builder.singlethreaded.SingleThreadedBuilder.build (SingleThreadedBuilder.java:53)
    at org.apache.maven.lifecycle.internal.LifecycleStarter.execute (LifecycleStarter.java:118)
    at org.apache.maven.DefaultMaven.doExecute (DefaultMaven.java:261)
    at org.apache.maven.DefaultMaven.doExecute (DefaultMaven.java:173)
    at org.apache.maven.DefaultMaven.execute (DefaultMaven.java:101)
    at org.apache.maven.cli.MavenCli.execute (MavenCli.java:906)
    at org.apache.maven.cli.MavenCli.doMain (MavenCli.java:283)
    at org.apache.maven.cli.MavenCli.main (MavenCli.java:206)
    at jdk.internal.reflect.DirectMethodHandleAccessor.invoke (DirectMethodHandleAccessor.java:103)
    at java.lang.reflect.Method.invoke (Method.java:580)
    at org.codehaus.plexus.classworlds.launcher.Launcher.launchEnhanced (Launcher.java:255)
    at org.codehaus.plexus.classworlds.launcher.Launcher.launch (Launcher.java:201)
    at org.codehaus.plexus.classworlds.launcher.Launcher.mainWithExitCode (Launcher.java:361)
    at org.codehaus.plexus.classworlds.launcher.Launcher.main (Launcher.java:314)
Caused by: org.apache.maven.plugin.MojoFailureException: 

See /Users/jericho/Desktop/Assignment6jguiangSE333/target/surefire-reports for the individual test results.
See dump files (if any exist) [date].dump, [date]-jvmRun[N].dump and [date].dumpstream.
    at org.apache.maven.plugin.surefire.SurefireHelper.throwException (SurefireHelper.java:247)
    at org.apache.maven.plugin.surefire.SurefireHelper.reportExecution (SurefireHelper.java:159)
    at org.apache.maven.plugin.surefire.SurefireMojo.handleSummary (SurefireMojo.java:547)
    at org.apache.maven.plugin.surefire.AbstractSurefireMojo.executeAfterPreconditionsChecked (AbstractSurefireMojo.java:1147)
    at org.apache.maven.plugin.surefire.AbstractSurefireMojo.execute (AbstractSurefireMojo.java:969)
    at org.apache.maven.plugin.DefaultBuildPluginManager.executeMojo (DefaultBuildPluginManager.java:126)
    at org.apache.maven.lifecycle.internal.MojoExecutor.doExecute2 (MojoExecutor.java:328)
    at org.apache.maven.lifecycle.internal.MojoExecutor.doExecute (MojoExecutor.java:316)
    at org.apache.maven.lifecycle.internal.MojoExecutor.execute (MojoExecutor.java:212)
    at org.apache.maven.lifecycle.internal.MojoExecutor.execute (MojoExecutor.java:174)
    at org.apache.maven.lifecycle.internal.MojoExecutor.access$000 (MojoExecutor.java:75)
    at org.apache.maven.lifecycle.internal.MojoExecutor$1.run (MojoExecutor.java:162)
    at org.apache.maven.plugin.DefaultMojosExecutionStrategy.execute (DefaultMojosExecutionStrategy.java:39)
    at org.apache.maven.lifecycle.internal.MojoExecutor.execute (MojoExecutor.java:159)
    at org.apache.maven.lifecycle.internal.LifecycleModuleBuilder.buildProject (LifecycleModuleBuilder.java:105)
    at org.apache.maven.lifecycle.internal.LifecycleModuleBuilder.buildProject (LifecycleModuleBuilder.java:73)
    at org.apache.maven.lifecycle.internal.builder.singlethreaded.SingleThreadedBuilder.build (SingleThreadedBuilder.java:53)
    at org.apache.maven.lifecycle.internal.LifecycleStarter.execute (LifecycleStarter.java:118)
    at org.apache.maven.DefaultMaven.doExecute (DefaultMaven.java:261)
    at org.apache.maven.DefaultMaven.doExecute (DefaultMaven.java:173)
    at org.apache.maven.DefaultMaven.execute (DefaultMaven.java:101)
    at org.apache.maven.cli.MavenCli.execute (MavenCli.java:906)
    at org.apache.maven.cli.MavenCli.doMain (MavenCli.java:283)
    at org.apache.maven.cli.MavenCli.main (MavenCli.java:206)
    at jdk.internal.reflect.DirectMethodHandleAccessor.invoke (DirectMethodHandleAccessor.java:103)
    at java.lang.reflect.Method.invoke (Method.java:580)
    at org.codehaus.plexus.classworlds.launcher.Launcher.launchEnhanced (Launcher.java:255)
    at org.codehaus.plexus.classworlds.launcher.Launcher.launch (Launcher.java:201)
    at org.codehaus.plexus.classworlds.launcher.Launcher.mainWithExitCode (Launcher.java:361)
    at org.codehaus.plexus.classworlds.launcher.Launcher.main (Launcher.java:314)
[ERROR] 
[ERROR] Re-run Maven using the -X switch to enable full debug logging.
[ERROR] 
[ERROR] For more information about the errors and possible solutions, please read the following articles:
[ERROR] [Help 1] http://cwiki.apache.org/confluence/display/MAVEN/MojoFailureException
[INFO] Error stacktraces are turned on.
[INFO] Scanning for projects...
[INFO] 
[INFO] ---------------------< org.example:assignment6-ui >---------------------
[INFO] Building assignment6-ui 1.0-SNAPSHOT
[INFO]   from pom.xml
[INFO] --------------------------------[ jar ]---------------------------------
[INFO] 
[INFO] --- resources:3.3.1:resources (default-resources) @ assignment6-ui ---
[INFO] Copying 0 resource from src/main/resources to target/classes
[INFO] 
[INFO] --- compiler:3.13.0:compile (default-compile) @ assignment6-ui ---
[INFO] Nothing to compile - all classes are up to date.
[INFO] 
[INFO] --- resources:3.3.1:testResources (default-testResources) @ assignment6-ui ---
[INFO] skip non existing resourceDirectory /Users/jericho/Desktop/Assignment6jguiangSE333/src/test/resources
[INFO] 
[INFO] --- compiler:3.13.0:testCompile (default-testCompile) @ assignment6-ui ---
[INFO] Nothing to compile - all classes are up to date.
[INFO] 
[INFO] --- surefire:3.5.4:test (default-test) @ assignment6-ui ---
[INFO] Surefire report directory: /Users/jericho/Desktop/Assignment6jguiangSE333/target/surefire-reports
[INFO] Using auto detected provider org.apache.maven.surefire.junitplatform.JUnitPlatformProvider
[INFO] 
[INFO] -------------------------------------------------------
[INFO]  T E S T S
[INFO] -------------------------------------------------------
[INFO] Running playwrightTraditional.TestCaseBookstore
[ERROR] Tests run: 1, Failures: 0, Errors: 1, Skipped: 0, Time elapsed: 6.334 s <<< FAILURE! -- in playwrightTraditional.TestCaseBookstore
[ERROR] playwrightTraditional.TestCaseBookstore.testFullPurchaseFlow -- Time elapsed: 6.325 s <<< ERROR!
com.microsoft.playwright.PlaywrightException: 
Error {
  message='InvalidSelectorError: Error while parsing selector `button[name=/(?i)Brand/i]`: Invalid regular expression: /(?i)Brand/i: Invalid group
    at readRegularExpression (<anonymous>:2534:13)
    at readAttribute (<anonymous>:2580:15)
    at parseAttributeSelector (<anonymous>:2622:28)
    at Object.queryAll (<anonymous>:3101:22)
    at InjectedScript._queryEngineAll (<anonymous>:5163:49)
    at InjectedScript.querySelectorAll (<anonymous>:5150:30)
    at eval (eval at evaluate (:234:30), <anonymous>:4:35)
    at UtilityScript.evaluate (<anonymous>:236:17)
    at UtilityScript.<anonymous> (<anonymous>:1:44)
  name='Error
  stack='Error: InvalidSelectorError: Error while parsing selector `button[name=/(?i)Brand/i]`: Invalid regular expression: /(?i)Brand/i: Invalid group
    at readRegularExpression (<anonymous>:2534:13)
    at readAttribute (<anonymous>:2580:15)
    at parseAttributeSelector (<anonymous>:2622:28)
    at Object.queryAll (<anonymous>:3101:22)
    at InjectedScript._queryEngineAll (<anonymous>:5163:49)
    at InjectedScript.querySelectorAll (<anonymous>:5150:30)
    at eval (eval at evaluate (:234:30), <anonymous>:4:35)
    at UtilityScript.evaluate (<anonymous>:236:17)
    at UtilityScript.<anonymous> (<anonymous>:1:44)
    at CRExecutionContext.evaluateWithArguments (/private/var/folders/20/_cvhyhm97ss3p80yt6634l4r0000gn/T/playwright-java-3164879336496447488/package/lib/server/chromium/crExecutionContext.js:92:33)
    at async LongStandingScope._race (/private/var/folders/20/_cvhyhm97ss3p80yt6634l4r0000gn/T/playwright-java-3164879336496447488/package/lib/utils/manualPromise.js:96:14)
    at async evaluateExpression (/private/var/folders/20/_cvhyhm97ss3p80yt6634l4r0000gn/T/playwright-java-3164879336496447488/package/lib/server/javascript.js:235:12)
    at async /private/var/folders/20/_cvhyhm97ss3p80yt6634l4r0000gn/T/playwright-java-3164879336496447488/package/lib/server/frames.js:959:22
    at async Frame.retryWithProgressAndTimeouts (/private/var/folders/20/_cvhyhm97ss3p80yt6634l4r0000gn/T/playwright-java-3164879336496447488/package/lib/server/frames.js:929:24)
    at async /private/var/folders/20/_cvhyhm97ss3p80yt6634l4r0000gn/T/playwright-java-3164879336496447488/package/lib/server/frames.js:1014:29
    at async ProgressController.run (/private/var/folders/20/_cvhyhm97ss3p80yt6634l4r0000gn/T/playwright-java-3164879336496447488/package/lib/server/progress.js:82:22)
    at async FrameDispatcher.click (/private/var/folders/20/_cvhyhm97ss3p80yt6634l4r0000gn/T/playwright-java-3164879336496447488/package/lib/server/dispatchers/frameDispatcher.js:157:12)
    at async LongStandingScope._race (/private/var/folders/20/_cvhyhm97ss3p80yt6634l4r0000gn/T/playwright-java-3164879336496447488/package/lib/utils/manualPromise.js:96:14)
    at async FrameDispatcher._handleCommand (/private/var/folders/20/_cvhyhm97ss3p80yt6634l4r0000gn/T/playwright-java-3164879336496447488/package/lib/server/dispatchers/dispatcher.js:96:14)
}
Call log:
- waiting for internal:role=button[name=/(?i)Brand/i] >> nth=0

	at com.microsoft.playwright.impl.WaitableResult.get(WaitableResult.java:56)
	at com.microsoft.playwright.impl.ChannelOwner.runUntil(ChannelOwner.java:132)
	at com.microsoft.playwright.impl.Connection.sendMessage(Connection.java:130)
	at com.microsoft.playwright.impl.ChannelOwner.sendMessage(ChannelOwner.java:118)
	at com.microsoft.playwright.impl.FrameImpl.clickImpl(FrameImpl.java:252)
	at com.microsoft.playwright.impl.FrameImpl.lambda$click$8(FrameImpl.java:243)
	at com.microsoft.playwright.impl.LoggingSupport.lambda$withLogging$0(LoggingSupport.java:36)
	at com.microsoft.playwright.impl.LoggingSupport.withLogging(LoggingSupport.java:47)
	at com.microsoft.playwright.impl.ChannelOwner.withLogging(ChannelOwner.java:97)
	at com.microsoft.playwright.impl.LoggingSupport.withLogging(LoggingSupport.java:35)
	at com.microsoft.playwright.impl.FrameImpl.click(FrameImpl.java:243)
	at com.microsoft.playwright.impl.LocatorImpl.click(LocatorImpl.java:160)
	at com.microsoft.playwright.Locator.click(Locator.java:2413)
	at playwrightTraditional.BaseUITest.expandFacetByName(BaseUITest.java:144)
	at playwrightTraditional.TestCaseBookstore.testFullPurchaseFlow(TestCaseBookstore.java:16)
	at java.base/java.lang.reflect.Method.invoke(Method.java:580)
	at java.base/java.util.ArrayList.forEach(ArrayList.java:1597)
	at java.base/java.util.ArrayList.forEach(ArrayList.java:1597)
Caused by: com.microsoft.playwright.impl.DriverException: Error {
  message='InvalidSelectorError: Error while parsing selector `button[name=/(?i)Brand/i]`: Invalid regular expression: /(?i)Brand/i: Invalid group
    at readRegularExpression (<anonymous>:2534:13)
    at readAttribute (<anonymous>:2580:15)
    at parseAttributeSelector (<anonymous>:2622:28)
    at Object.queryAll (<anonymous>:3101:22)
    at InjectedScript._queryEngineAll (<anonymous>:5163:49)
    at InjectedScript.querySelectorAll (<anonymous>:5150:30)
    at eval (eval at evaluate (:234:30), <anonymous>:4:35)
    at UtilityScript.evaluate (<anonymous>:236:17)
    at UtilityScript.<anonymous> (<anonymous>:1:44)
  name='Error
  stack='Error: InvalidSelectorError: Error while parsing selector `button[name=/(?i)Brand/i]`: Invalid regular expression: /(?i)Brand/i: Invalid group
    at readRegularExpression (<anonymous>:2534:13)
    at readAttribute (<anonymous>:2580:15)
    at parseAttributeSelector (<anonymous>:2622:28)
    at Object.queryAll (<anonymous>:3101:22)
    at InjectedScript._queryEngineAll (<anonymous>:5163:49)
    at InjectedScript.querySelectorAll (<anonymous>:5150:30)
    at eval (eval at evaluate (:234:30), <anonymous>:4:35)
    at UtilityScript.evaluate (<anonymous>:236:17)
    at UtilityScript.<anonymous> (<anonymous>:1:44)
    at CRExecutionContext.evaluateWithArguments (/private/var/folders/20/_cvhyhm97ss3p80yt6634l4r0000gn/T/playwright-java-3164879336496447488/package/lib/server/chromium/crExecutionContext.js:92:33)
    at async LongStandingScope._race (/private/var/folders/20/_cvhyhm97ss3p80yt6634l4r0000gn/T/playwright-java-3164879336496447488/package/lib/utils/manualPromise.js:96:14)
    at async evaluateExpression (/private/var/folders/20/_cvhyhm97ss3p80yt6634l4r0000gn/T/playwright-java-3164879336496447488/package/lib/server/javascript.js:235:12)
    at async /private/var/folders/20/_cvhyhm97ss3p80yt6634l4r0000gn/T/playwright-java-3164879336496447488/package/lib/server/frames.js:959:22
    at async Frame.retryWithProgressAndTimeouts (/private/var/folders/20/_cvhyhm97ss3p80yt6634l4r0000gn/T/playwright-java-3164879336496447488/package/lib/server/frames.js:929:24)
    at async /private/var/folders/20/_cvhyhm97ss3p80yt6634l4r0000gn/T/playwright-java-3164879336496447488/package/lib/server/frames.js:1014:29
    at async ProgressController.run (/private/var/folders/20/_cvhyhm97ss3p80yt6634l4r0000gn/T/playwright-java-3164879336496447488/package/lib/server/progress.js:82:22)
    at async FrameDispatcher.click (/private/var/folders/20/_cvhyhm97ss3p80yt6634l4r0000gn/T/playwright-java-3164879336496447488/package/lib/server/dispatchers/frameDispatcher.js:157:12)
    at async LongStandingScope._race (/private/var/folders/20/_cvhyhm97ss3p80yt6634l4r0000gn/T/playwright-java-3164879336496447488/package/lib/utils/manualPromise.js:96:14)
    at async FrameDispatcher._handleCommand (/private/var/folders/20/_cvhyhm97ss3p80yt6634l4r0000gn/T/playwright-java-3164879336496447488/package/lib/server/dispatchers/dispatcher.js:96:14)
}
Call log:
- waiting for internal:role=button[name=/(?i)Brand/i] >> nth=0

	at com.microsoft.playwright.impl.Connection.dispatch(Connection.java:259)
	at com.microsoft.playwright.impl.Connection.processOneMessage(Connection.java:211)
	at com.microsoft.playwright.impl.ChannelOwner.runUntil(ChannelOwner.java:130)
	... 16 more

[INFO] 
[INFO] Results:
[INFO] 
[ERROR] Errors: 
[ERROR]   TestCaseBookstore.testFullPurchaseFlow:16->BaseUITest.expandFacetByName:144 » Playwright Error {
  message='InvalidSelectorError: Error while parsing selector `button[name=/(?i)Brand/i]`: Invalid regular expression: /(?i)Brand/i: Invalid group
    at readRegularExpression (<anonymous>:2534:13)
    at readAttribute (<anonymous>:2580:15)
    at parseAttributeSelector (<anonymous>:2622:28)
    at Object.queryAll (<anonymous>:3101:22)
    at InjectedScript._queryEngineAll (<anonymous>:5163:49)
    at InjectedScript.querySelectorAll (<anonymous>:5150:30)
    at eval (eval at evaluate (:234:30), <anonymous>:4:35)
    at UtilityScript.evaluate (<anonymous>:236:17)
    at UtilityScript.<anonymous> (<anonymous>:1:44)
  name='Error
  stack='Error: InvalidSelectorError: Error while parsing selector `button[name=/(?i)Brand/i]`: Invalid regular expression: /(?i)Brand/i: Invalid group
    at readRegularExpression (<anonymous>:2534:13)
    at readAttribute (<anonymous>:2580:15)
    at parseAttributeSelector (<anonymous>:2622:28)
    at Object.queryAll (<anonymous>:3101:22)
    at InjectedScript._queryEngineAll (<anonymous>:5163:49)
    at InjectedScript.querySelectorAll (<anonymous>:5150:30)
    at eval (eval at evaluate (:234:30), <anonymous>:4:35)
    at UtilityScript.evaluate (<anonymous>:236:17)
    at UtilityScript.<anonymous> (<anonymous>:1:44)
    at CRExecutionContext.evaluateWithArguments (/private/var/folders/20/_cvhyhm97ss3p80yt6634l4r0000gn/T/playwright-java-3164879336496447488/package/lib/server/chromium/crExecutionContext.js:92:33)
    at async LongStandingScope._race (/private/var/folders/20/_cvhyhm97ss3p80yt6634l4r0000gn/T/playwright-java-3164879336496447488/package/lib/utils/manualPromise.js:96:14)
    at async evaluateExpression (/private/var/folders/20/_cvhyhm97ss3p80yt6634l4r0000gn/T/playwright-java-3164879336496447488/package/lib/server/javascript.js:235:12)
    at async /private/var/folders/20/_cvhyhm97ss3p80yt6634l4r0000gn/T/playwright-java-3164879336496447488/package/lib/server/frames.js:959:22
    at async Frame.retryWithProgressAndTimeouts (/private/var/folders/20/_cvhyhm97ss3p80yt6634l4r0000gn/T/playwright-java-3164879336496447488/package/lib/server/frames.js:929:24)
    at async /private/var/folders/20/_cvhyhm97ss3p80yt6634l4r0000gn/T/playwright-java-3164879336496447488/package/lib/server/frames.js:1014:29
    at async ProgressController.run (/private/var/folders/20/_cvhyhm97ss3p80yt6634l4r0000gn/T/playwright-java-3164879336496447488/package/lib/server/progress.js:82:22)
    at async FrameDispatcher.click (/private/var/folders/20/_cvhyhm97ss3p80yt6634l4r0000gn/T/playwright-java-3164879336496447488/package/lib/server/dispatchers/frameDispatcher.js:157:12)
    at async LongStandingScope._race (/private/var/folders/20/_cvhyhm97ss3p80yt6634l4r0000gn/T/playwright-java-3164879336496447488/package/lib/utils/manualPromise.js:96:14)
    at async FrameDispatcher._handleCommand (/private/var/folders/20/_cvhyhm97ss3p80yt6634l4r0000gn/T/playwright-java-3164879336496447488/package/lib/server/dispatchers/dispatcher.js:96:14)
}
Call log:
- waiting for internal:role=button[name=/(?i)Brand/i] >> nth=0

[INFO] 
[ERROR] Tests run: 1, Failures: 0, Errors: 1, Skipped: 0
[INFO] 
[INFO] ------------------------------------------------------------------------
[INFO] BUILD FAILURE
[INFO] ------------------------------------------------------------------------
[INFO] Total time:  6.868 s
[INFO] Finished at: 2025-11-11T03:48:31-06:00
[INFO] ------------------------------------------------------------------------
[ERROR] Failed to execute goal org.apache.maven.plugins:maven-surefire-plugin:3.5.4:test (default-test) on project assignment6-ui: 
[ERROR] 
[ERROR] See /Users/jericho/Desktop/Assignment6jguiangSE333/target/surefire-reports for the individual test results.
[ERROR] See dump files (if any exist) [date].dump, [date]-jvmRun[N].dump and [date].dumpstream.
[ERROR] -> [Help 1]
org.apache.maven.lifecycle.LifecycleExecutionException: Failed to execute goal org.apache.maven.plugins:maven-surefire-plugin:3.5.4:test (default-test) on project assignment6-ui: 

See /Users/jericho/Desktop/Assignment6jguiangSE333/target/surefire-reports for the individual test results.
See dump files (if any exist) [date].dump, [date]-jvmRun[N].dump and [date].dumpstream.
    at org.apache.maven.lifecycle.internal.MojoExecutor.doExecute2 (MojoExecutor.java:333)
    at org.apache.maven.lifecycle.internal.MojoExecutor.doExecute (MojoExecutor.java:316)
    at org.apache.maven.lifecycle.internal.MojoExecutor.execute (MojoExecutor.java:212)
    at org.apache.maven.lifecycle.internal.MojoExecutor.execute (MojoExecutor.java:174)
    at org.apache.maven.lifecycle.internal.MojoExecutor.access$000 (MojoExecutor.java:75)
    at org.apache.maven.lifecycle.internal.MojoExecutor$1.run (MojoExecutor.java:162)
    at org.apache.maven.plugin.DefaultMojosExecutionStrategy.execute (DefaultMojosExecutionStrategy.java:39)
    at org.apache.maven.lifecycle.internal.MojoExecutor.execute (MojoExecutor.java:159)
    at org.apache.maven.lifecycle.internal.LifecycleModuleBuilder.buildProject (LifecycleModuleBuilder.java:105)
    at org.apache.maven.lifecycle.internal.LifecycleModuleBuilder.buildProject (LifecycleModuleBuilder.java:73)
    at org.apache.maven.lifecycle.internal.builder.singlethreaded.SingleThreadedBuilder.build (SingleThreadedBuilder.java:53)
    at org.apache.maven.lifecycle.internal.LifecycleStarter.execute (LifecycleStarter.java:118)
    at org.apache.maven.DefaultMaven.doExecute (DefaultMaven.java:261)
    at org.apache.maven.DefaultMaven.doExecute (DefaultMaven.java:173)
    at org.apache.maven.DefaultMaven.execute (DefaultMaven.java:101)
    at org.apache.maven.cli.MavenCli.execute (MavenCli.java:906)
    at org.apache.maven.cli.MavenCli.doMain (MavenCli.java:283)
    at org.apache.maven.cli.MavenCli.main (MavenCli.java:206)
    at jdk.internal.reflect.DirectMethodHandleAccessor.invoke (DirectMethodHandleAccessor.java:103)
    at java.lang.reflect.Method.invoke (Method.java:580)
    at org.codehaus.plexus.classworlds.launcher.Launcher.launchEnhanced (Launcher.java:255)
    at org.codehaus.plexus.classworlds.launcher.Launcher.launch (Launcher.java:201)
    at org.codehaus.plexus.classworlds.launcher.Launcher.mainWithExitCode (Launcher.java:361)
    at org.codehaus.plexus.classworlds.launcher.Launcher.main (Launcher.java:314)
Caused by: org.apache.maven.plugin.MojoFailureException: 

See /Users/jericho/Desktop/Assignment6jguiangSE333/target/surefire-reports for the individual test results.
See dump files (if any exist) [date].dump, [date]-jvmRun[N].dump and [date].dumpstream.
    at org.apache.maven.plugin.surefire.SurefireHelper.throwException (SurefireHelper.java:247)
    at org.apache.maven.plugin.surefire.SurefireHelper.reportExecution (SurefireHelper.java:159)
    at org.apache.maven.plugin.surefire.SurefireMojo.handleSummary (SurefireMojo.java:547)
    at org.apache.maven.plugin.surefire.AbstractSurefireMojo.executeAfterPreconditionsChecked (AbstractSurefireMojo.java:1147)
    at org.apache.maven.plugin.surefire.AbstractSurefireMojo.execute (AbstractSurefireMojo.java:969)
    at org.apache.maven.plugin.DefaultBuildPluginManager.executeMojo (DefaultBuildPluginManager.java:126)
    at org.apache.maven.lifecycle.internal.MojoExecutor.doExecute2 (MojoExecutor.java:328)
    at org.apache.maven.lifecycle.internal.MojoExecutor.doExecute (MojoExecutor.java:316)
    at org.apache.maven.lifecycle.internal.MojoExecutor.execute (MojoExecutor.java:212)
    at org.apache.maven.lifecycle.internal.MojoExecutor.execute (MojoExecutor.java:174)
    at org.apache.maven.lifecycle.internal.MojoExecutor.access$000 (MojoExecutor.java:75)
    at org.apache.maven.lifecycle.internal.MojoExecutor$1.run (MojoExecutor.java:162)
    at org.apache.maven.plugin.DefaultMojosExecutionStrategy.execute (DefaultMojosExecutionStrategy.java:39)
    at org.apache.maven.lifecycle.internal.MojoExecutor.execute (MojoExecutor.java:159)
    at org.apache.maven.lifecycle.internal.LifecycleModuleBuilder.buildProject (LifecycleModuleBuilder.java:105)
    at org.apache.maven.lifecycle.internal.LifecycleModuleBuilder.buildProject (LifecycleModuleBuilder.java:73)
    at org.apache.maven.lifecycle.internal.builder.singlethreaded.SingleThreadedBuilder.build (SingleThreadedBuilder.java:53)
    at org.apache.maven.lifecycle.internal.LifecycleStarter.execute (LifecycleStarter.java:118)
    at org.apache.maven.DefaultMaven.doExecute (DefaultMaven.java:261)
    at org.apache.maven.DefaultMaven.doExecute (DefaultMaven.java:173)
    at org.apache.maven.DefaultMaven.execute (DefaultMaven.java:101)
    at org.apache.maven.cli.MavenCli.execute (MavenCli.java:906)
    at org.apache.maven.cli.MavenCli.doMain (MavenCli.java:283)
    at org.apache.maven.cli.MavenCli.main (MavenCli.java:206)
    at jdk.internal.reflect.DirectMethodHandleAccessor.invoke (DirectMethodHandleAccessor.java:103)
    at java.lang.reflect.Method.invoke (Method.java:580)
    at org.codehaus.plexus.classworlds.launcher.Launcher.launchEnhanced (Launcher.java:255)
    at org.codehaus.plexus.classworlds.launcher.Launcher.launch (Launcher.java:201)
    at org.codehaus.plexus.classworlds.launcher.Launcher.mainWithExitCode (Launcher.java:361)
    at org.codehaus.plexus.classworlds.launcher.Launcher.main (Launcher.java:314)
[ERROR] 
[ERROR] Re-run Maven using the -X switch to enable full debug logging.
[ERROR] 
[ERROR] For more information about the errors and possible solutions, please read the following articles:
[ERROR] [Help 1] http://cwiki.apache.org/confluence/display/MAVEN/MojoFailureException
[INFO] Error stacktraces are turned on.
[INFO] Scanning for projects...
[INFO] 
[INFO] ---------------------< org.example:assignment6-ui >---------------------
[INFO] Building assignment6-ui 1.0-SNAPSHOT
[INFO]   from pom.xml
[INFO] --------------------------------[ jar ]---------------------------------
[INFO] 
[INFO] --- resources:3.3.1:resources (default-resources) @ assignment6-ui ---
[INFO] Copying 0 resource from src/main/resources to target/classes
[INFO] 
[INFO] --- compiler:3.13.0:compile (default-compile) @ assignment6-ui ---
[INFO] Nothing to compile - all classes are up to date.
[INFO] 
[INFO] --- resources:3.3.1:testResources (default-testResources) @ assignment6-ui ---
[INFO] skip non existing resourceDirectory /Users/jericho/Desktop/Assignment6jguiangSE333/src/test/resources
[INFO] 
[INFO] --- compiler:3.13.0:testCompile (default-testCompile) @ assignment6-ui ---
[INFO] Nothing to compile - all classes are up to date.
[INFO] 
[INFO] --- surefire:3.5.4:test (default-test) @ assignment6-ui ---
[INFO] Surefire report directory: /Users/jericho/Desktop/Assignment6jguiangSE333/target/surefire-reports
[INFO] Using auto detected provider org.apache.maven.surefire.junitplatform.JUnitPlatformProvider
[INFO] 
[INFO] -------------------------------------------------------
[INFO]  T E S T S
[INFO] -------------------------------------------------------
[INFO] Running playwrightTraditional.TestCaseBookstore
[ERROR] Tests run: 1, Failures: 1, Errors: 0, Skipped: 0, Time elapsed: 8.948 s <<< FAILURE! -- in playwrightTraditional.TestCaseBookstore
[ERROR] playwrightTraditional.TestCaseBookstore.testFullPurchaseFlow -- Time elapsed: 8.939 s <<< FAILURE!
org.opentest4j.AssertionFailedError: Product link not found ==> expected: <true> but was: <false>
	at org.junit.jupiter.api.AssertionFailureBuilder.build(AssertionFailureBuilder.java:151)
	at org.junit.jupiter.api.AssertionFailureBuilder.buildAndThrow(AssertionFailureBuilder.java:132)
	at org.junit.jupiter.api.AssertTrue.failNotTrue(AssertTrue.java:63)
	at org.junit.jupiter.api.AssertTrue.assertTrue(AssertTrue.java:36)
	at org.junit.jupiter.api.Assertions.assertTrue(Assertions.java:214)
	at playwrightTraditional.BaseUITest.openEarbudsAFromResults(BaseUITest.java:159)
	at playwrightTraditional.TestCaseBookstore.testFullPurchaseFlow(TestCaseBookstore.java:28)
	at java.base/java.lang.reflect.Method.invoke(Method.java:580)
	at java.base/java.util.ArrayList.forEach(ArrayList.java:1597)
	at java.base/java.util.ArrayList.forEach(ArrayList.java:1597)

[INFO] 
[INFO] Results:
[INFO] 
[ERROR] Failures: 
[ERROR]   TestCaseBookstore.testFullPurchaseFlow:28->BaseUITest.openEarbudsAFromResults:159 Product link not found ==> expected: <true> but was: <false>
[INFO] 
[ERROR] Tests run: 1, Failures: 1, Errors: 0, Skipped: 0
[INFO] 
[INFO] ------------------------------------------------------------------------
[INFO] BUILD FAILURE
[INFO] ------------------------------------------------------------------------
[INFO] Total time:  9.437 s
[INFO] Finished at: 2025-11-11T03:50:16-06:00
[INFO] ------------------------------------------------------------------------
[ERROR] Failed to execute goal org.apache.maven.plugins:maven-surefire-plugin:3.5.4:test (default-test) on project assignment6-ui: There are test failures.
[ERROR] 
[ERROR] See /Users/jericho/Desktop/Assignment6jguiangSE333/target/surefire-reports for the individual test results.
[ERROR] See dump files (if any exist) [date].dump, [date]-jvmRun[N].dump and [date].dumpstream.
[ERROR] -> [Help 1]
org.apache.maven.lifecycle.LifecycleExecutionException: Failed to execute goal org.apache.maven.plugins:maven-surefire-plugin:3.5.4:test (default-test) on project assignment6-ui: There are test failures.

See /Users/jericho/Desktop/Assignment6jguiangSE333/target/surefire-reports for the individual test results.
See dump files (if any exist) [date].dump, [date]-jvmRun[N].dump and [date].dumpstream.
    at org.apache.maven.lifecycle.internal.MojoExecutor.doExecute2 (MojoExecutor.java:333)
    at org.apache.maven.lifecycle.internal.MojoExecutor.doExecute (MojoExecutor.java:316)
    at org.apache.maven.lifecycle.internal.MojoExecutor.execute (MojoExecutor.java:212)
    at org.apache.maven.lifecycle.internal.MojoExecutor.execute (MojoExecutor.java:174)
    at org.apache.maven.lifecycle.internal.MojoExecutor.access$000 (MojoExecutor.java:75)
    at org.apache.maven.lifecycle.internal.MojoExecutor$1.run (MojoExecutor.java:162)
    at org.apache.maven.plugin.DefaultMojosExecutionStrategy.execute (DefaultMojosExecutionStrategy.java:39)
    at org.apache.maven.lifecycle.internal.MojoExecutor.execute (MojoExecutor.java:159)
    at org.apache.maven.lifecycle.internal.LifecycleModuleBuilder.buildProject (LifecycleModuleBuilder.java:105)
    at org.apache.maven.lifecycle.internal.LifecycleModuleBuilder.buildProject (LifecycleModuleBuilder.java:73)
    at org.apache.maven.lifecycle.internal.builder.singlethreaded.SingleThreadedBuilder.build (SingleThreadedBuilder.java:53)
    at org.apache.maven.lifecycle.internal.LifecycleStarter.execute (LifecycleStarter.java:118)
    at org.apache.maven.DefaultMaven.doExecute (DefaultMaven.java:261)
    at org.apache.maven.DefaultMaven.doExecute (DefaultMaven.java:173)
    at org.apache.maven.DefaultMaven.execute (DefaultMaven.java:101)
    at org.apache.maven.cli.MavenCli.execute (MavenCli.java:906)
    at org.apache.maven.cli.MavenCli.doMain (MavenCli.java:283)
    at org.apache.maven.cli.MavenCli.main (MavenCli.java:206)
    at jdk.internal.reflect.DirectMethodHandleAccessor.invoke (DirectMethodHandleAccessor.java:103)
    at java.lang.reflect.Method.invoke (Method.java:580)
    at org.codehaus.plexus.classworlds.launcher.Launcher.launchEnhanced (Launcher.java:255)
    at org.codehaus.plexus.classworlds.launcher.Launcher.launch (Launcher.java:201)
    at org.codehaus.plexus.classworlds.launcher.Launcher.mainWithExitCode (Launcher.java:361)
    at org.codehaus.plexus.classworlds.launcher.Launcher.main (Launcher.java:314)
Caused by: org.apache.maven.plugin.MojoFailureException: There are test failures.

See /Users/jericho/Desktop/Assignment6jguiangSE333/target/surefire-reports for the individual test results.
See dump files (if any exist) [date].dump, [date]-jvmRun[N].dump and [date].dumpstream.
    at org.apache.maven.plugin.surefire.SurefireHelper.throwException (SurefireHelper.java:247)
    at org.apache.maven.plugin.surefire.SurefireHelper.reportExecution (SurefireHelper.java:159)
    at org.apache.maven.plugin.surefire.SurefireMojo.handleSummary (SurefireMojo.java:547)
    at org.apache.maven.plugin.surefire.AbstractSurefireMojo.executeAfterPreconditionsChecked (AbstractSurefireMojo.java:1147)
    at org.apache.maven.plugin.surefire.AbstractSurefireMojo.execute (AbstractSurefireMojo.java:969)
    at org.apache.maven.plugin.DefaultBuildPluginManager.executeMojo (DefaultBuildPluginManager.java:126)
    at org.apache.maven.lifecycle.internal.MojoExecutor.doExecute2 (MojoExecutor.java:328)
    at org.apache.maven.lifecycle.internal.MojoExecutor.doExecute (MojoExecutor.java:316)
    at org.apache.maven.lifecycle.internal.MojoExecutor.execute (MojoExecutor.java:212)
    at org.apache.maven.lifecycle.internal.MojoExecutor.execute (MojoExecutor.java:174)
    at org.apache.maven.lifecycle.internal.MojoExecutor.access$000 (MojoExecutor.java:75)
    at org.apache.maven.lifecycle.internal.MojoExecutor$1.run (MojoExecutor.java:162)
    at org.apache.maven.plugin.DefaultMojosExecutionStrategy.execute (DefaultMojosExecutionStrategy.java:39)
    at org.apache.maven.lifecycle.internal.MojoExecutor.execute (MojoExecutor.java:159)
    at org.apache.maven.lifecycle.internal.LifecycleModuleBuilder.buildProject (LifecycleModuleBuilder.java:105)
    at org.apache.maven.lifecycle.internal.LifecycleModuleBuilder.buildProject (LifecycleModuleBuilder.java:73)
    at org.apache.maven.lifecycle.internal.builder.singlethreaded.SingleThreadedBuilder.build (SingleThreadedBuilder.java:53)
    at org.apache.maven.lifecycle.internal.LifecycleStarter.execute (LifecycleStarter.java:118)
    at org.apache.maven.DefaultMaven.doExecute (DefaultMaven.java:261)
    at org.apache.maven.DefaultMaven.doExecute (DefaultMaven.java:173)
    at org.apache.maven.DefaultMaven.execute (DefaultMaven.java:101)
    at org.apache.maven.cli.MavenCli.execute (MavenCli.java:906)
    at org.apache.maven.cli.MavenCli.doMain (MavenCli.java:283)
    at org.apache.maven.cli.MavenCli.main (MavenCli.java:206)
    at jdk.internal.reflect.DirectMethodHandleAccessor.invoke (DirectMethodHandleAccessor.java:103)
    at java.lang.reflect.Method.invoke (Method.java:580)
    at org.codehaus.plexus.classworlds.launcher.Launcher.launchEnhanced (Launcher.java:255)
    at org.codehaus.plexus.classworlds.launcher.Launcher.launch (Launcher.java:201)
    at org.codehaus.plexus.classworlds.launcher.Launcher.mainWithExitCode (Launcher.java:361)
    at org.codehaus.plexus.classworlds.launcher.Launcher.main (Launcher.java:314)
[ERROR] 
[ERROR] Re-run Maven using the -X switch to enable full debug logging.
[ERROR] 
[ERROR] For more information about the errors and possible solutions, please read the following articles:
[ERROR] [Help 1] http://cwiki.apache.org/confluence/display/MAVEN/MojoFailureException
[INFO] Error stacktraces are turned on.
[INFO] Scanning for projects...
[INFO] 
[INFO] ---------------------< org.example:assignment6-ui >---------------------
[INFO] Building assignment6-ui 1.0-SNAPSHOT
[INFO]   from pom.xml
[INFO] --------------------------------[ jar ]---------------------------------
[INFO] 
[INFO] --- resources:3.3.1:resources (default-resources) @ assignment6-ui ---
[INFO] Copying 0 resource from src/main/resources to target/classes
[INFO] 
[INFO] --- compiler:3.13.0:compile (default-compile) @ assignment6-ui ---
[INFO] Nothing to compile - all classes are up to date.
[INFO] 
[INFO] --- resources:3.3.1:testResources (default-testResources) @ assignment6-ui ---
[INFO] skip non existing resourceDirectory /Users/jericho/Desktop/Assignment6jguiangSE333/src/test/resources
[INFO] 
[INFO] --- compiler:3.13.0:testCompile (default-testCompile) @ assignment6-ui ---
[INFO] Nothing to compile - all classes are up to date.
[INFO] 
[INFO] --- surefire:3.5.4:test (default-test) @ assignment6-ui ---
[INFO] Surefire report directory: /Users/jericho/Desktop/Assignment6jguiangSE333/target/surefire-reports
[INFO] Using auto detected provider org.apache.maven.surefire.junitplatform.JUnitPlatformProvider
[INFO] 
[INFO] -------------------------------------------------------
[INFO]  T E S T S
[INFO] -------------------------------------------------------
[INFO] Running playwrightTraditional.TestCaseBookstore
[ERROR] Tests run: 1, Failures: 1, Errors: 0, Skipped: 0, Time elapsed: 15.56 s <<< FAILURE! -- in playwrightTraditional.TestCaseBookstore
[ERROR] playwrightTraditional.TestCaseBookstore.testFullPurchaseFlow -- Time elapsed: 15.55 s <<< FAILURE!
org.opentest4j.AssertionFailedError: 
Locator expected to be visible
Call log:
Locator.expect with timeout 5000ms
waiting for getByRole(AriaRole.HEADING, new Page.GetByRoleOptions().setName(Pattern.compile("\\QJBL Quantum True Wireless Noise Cancelling Gaming Earbuds- Black\\E")))
	at com.microsoft.playwright.impl.AssertionsBase.expectImpl(AssertionsBase.java:69)
	at com.microsoft.playwright.impl.AssertionsBase.expectImpl(AssertionsBase.java:51)
	at com.microsoft.playwright.impl.LocatorAssertionsImpl.expectTrue(LocatorAssertionsImpl.java:392)
	at com.microsoft.playwright.impl.LocatorAssertionsImpl.isVisible(LocatorAssertionsImpl.java:387)
	at com.microsoft.playwright.assertions.LocatorAssertions.isVisible(LocatorAssertions.java:768)
	at playwrightTraditional.BaseUITest.assertProductDetailBasics(BaseUITest.java:175)
	at playwrightTraditional.TestCaseBookstore.testFullPurchaseFlow(TestCaseBookstore.java:31)
	at java.base/java.lang.reflect.Method.invoke(Method.java:580)
	at java.base/java.util.ArrayList.forEach(ArrayList.java:1597)
	at java.base/java.util.ArrayList.forEach(ArrayList.java:1597)

[INFO] 
[INFO] Results:
[INFO] 
[ERROR] Failures: 
[ERROR]   TestCaseBookstore.testFullPurchaseFlow:31->BaseUITest.assertProductDetailBasics:175 Locator expected to be visible
Call log:
Locator.expect with timeout 5000ms
waiting for getByRole(AriaRole.HEADING, new Page.GetByRoleOptions().setName(Pattern.compile("\\QJBL Quantum True Wireless Noise Cancelling Gaming Earbuds- Black\\E")))
[INFO] 
[ERROR] Tests run: 1, Failures: 1, Errors: 0, Skipped: 0
[INFO] 
[INFO] ------------------------------------------------------------------------
[INFO] BUILD FAILURE
[INFO] ------------------------------------------------------------------------
[INFO] Total time:  16.076 s
[INFO] Finished at: 2025-11-11T03:50:57-06:00
[INFO] ------------------------------------------------------------------------
[ERROR] Failed to execute goal org.apache.maven.plugins:maven-surefire-plugin:3.5.4:test (default-test) on project assignment6-ui: There are test failures.
[ERROR] 
[ERROR] See /Users/jericho/Desktop/Assignment6jguiangSE333/target/surefire-reports for the individual test results.
[ERROR] See dump files (if any exist) [date].dump, [date]-jvmRun[N].dump and [date].dumpstream.
[ERROR] -> [Help 1]
org.apache.maven.lifecycle.LifecycleExecutionException: Failed to execute goal org.apache.maven.plugins:maven-surefire-plugin:3.5.4:test (default-test) on project assignment6-ui: There are test failures.

See /Users/jericho/Desktop/Assignment6jguiangSE333/target/surefire-reports for the individual test results.
See dump files (if any exist) [date].dump, [date]-jvmRun[N].dump and [date].dumpstream.
    at org.apache.maven.lifecycle.internal.MojoExecutor.doExecute2 (MojoExecutor.java:333)
    at org.apache.maven.lifecycle.internal.MojoExecutor.doExecute (MojoExecutor.java:316)
    at org.apache.maven.lifecycle.internal.MojoExecutor.execute (MojoExecutor.java:212)
    at org.apache.maven.lifecycle.internal.MojoExecutor.execute (MojoExecutor.java:174)
    at org.apache.maven.lifecycle.internal.MojoExecutor.access$000 (MojoExecutor.java:75)
    at org.apache.maven.lifecycle.internal.MojoExecutor$1.run (MojoExecutor.java:162)
    at org.apache.maven.plugin.DefaultMojosExecutionStrategy.execute (DefaultMojosExecutionStrategy.java:39)
    at org.apache.maven.lifecycle.internal.MojoExecutor.execute (MojoExecutor.java:159)
    at org.apache.maven.lifecycle.internal.LifecycleModuleBuilder.buildProject (LifecycleModuleBuilder.java:105)
    at org.apache.maven.lifecycle.internal.LifecycleModuleBuilder.buildProject (LifecycleModuleBuilder.java:73)
    at org.apache.maven.lifecycle.internal.builder.singlethreaded.SingleThreadedBuilder.build (SingleThreadedBuilder.java:53)
    at org.apache.maven.lifecycle.internal.LifecycleStarter.execute (LifecycleStarter.java:118)
    at org.apache.maven.DefaultMaven.doExecute (DefaultMaven.java:261)
    at org.apache.maven.DefaultMaven.doExecute (DefaultMaven.java:173)
    at org.apache.maven.DefaultMaven.execute (DefaultMaven.java:101)
    at org.apache.maven.cli.MavenCli.execute (MavenCli.java:906)
    at org.apache.maven.cli.MavenCli.doMain (MavenCli.java:283)
    at org.apache.maven.cli.MavenCli.main (MavenCli.java:206)
    at jdk.internal.reflect.DirectMethodHandleAccessor.invoke (DirectMethodHandleAccessor.java:103)
    at java.lang.reflect.Method.invoke (Method.java:580)
    at org.codehaus.plexus.classworlds.launcher.Launcher.launchEnhanced (Launcher.java:255)
    at org.codehaus.plexus.classworlds.launcher.Launcher.launch (Launcher.java:201)
    at org.codehaus.plexus.classworlds.launcher.Launcher.mainWithExitCode (Launcher.java:361)
    at org.codehaus.plexus.classworlds.launcher.Launcher.main (Launcher.java:314)
Caused by: org.apache.maven.plugin.MojoFailureException: There are test failures.

See /Users/jericho/Desktop/Assignment6jguiangSE333/target/surefire-reports for the individual test results.
See dump files (if any exist) [date].dump, [date]-jvmRun[N].dump and [date].dumpstream.
    at org.apache.maven.plugin.surefire.SurefireHelper.throwException (SurefireHelper.java:247)
    at org.apache.maven.plugin.surefire.SurefireHelper.reportExecution (SurefireHelper.java:159)
    at org.apache.maven.plugin.surefire.SurefireMojo.handleSummary (SurefireMojo.java:547)
    at org.apache.maven.plugin.surefire.AbstractSurefireMojo.executeAfterPreconditionsChecked (AbstractSurefireMojo.java:1147)
    at org.apache.maven.plugin.surefire.AbstractSurefireMojo.execute (AbstractSurefireMojo.java:969)
    at org.apache.maven.plugin.DefaultBuildPluginManager.executeMojo (DefaultBuildPluginManager.java:126)
    at org.apache.maven.lifecycle.internal.MojoExecutor.doExecute2 (MojoExecutor.java:328)
    at org.apache.maven.lifecycle.internal.MojoExecutor.doExecute (MojoExecutor.java:316)
    at org.apache.maven.lifecycle.internal.MojoExecutor.execute (MojoExecutor.java:212)
    at org.apache.maven.lifecycle.internal.MojoExecutor.execute (MojoExecutor.java:174)
    at org.apache.maven.lifecycle.internal.MojoExecutor.access$000 (MojoExecutor.java:75)
    at org.apache.maven.lifecycle.internal.MojoExecutor$1.run (MojoExecutor.java:162)
    at org.apache.maven.plugin.DefaultMojosExecutionStrategy.execute (DefaultMojosExecutionStrategy.java:39)
    at org.apache.maven.lifecycle.internal.MojoExecutor.execute (MojoExecutor.java:159)
    at org.apache.maven.lifecycle.internal.LifecycleModuleBuilder.buildProject (LifecycleModuleBuilder.java:105)
    at org.apache.maven.lifecycle.internal.LifecycleModuleBuilder.buildProject (LifecycleModuleBuilder.java:73)
    at org.apache.maven.lifecycle.internal.builder.singlethreaded.SingleThreadedBuilder.build (SingleThreadedBuilder.java:53)
    at org.apache.maven.lifecycle.internal.LifecycleStarter.execute (LifecycleStarter.java:118)
    at org.apache.maven.DefaultMaven.doExecute (DefaultMaven.java:261)
    at org.apache.maven.DefaultMaven.doExecute (DefaultMaven.java:173)
    at org.apache.maven.DefaultMaven.execute (DefaultMaven.java:101)
    at org.apache.maven.cli.MavenCli.execute (MavenCli.java:906)
    at org.apache.maven.cli.MavenCli.doMain (MavenCli.java:283)
    at org.apache.maven.cli.MavenCli.main (MavenCli.java:206)
    at jdk.internal.reflect.DirectMethodHandleAccessor.invoke (DirectMethodHandleAccessor.java:103)
    at java.lang.reflect.Method.invoke (Method.java:580)
    at org.codehaus.plexus.classworlds.launcher.Launcher.launchEnhanced (Launcher.java:255)
    at org.codehaus.plexus.classworlds.launcher.Launcher.launch (Launcher.java:201)
    at org.codehaus.plexus.classworlds.launcher.Launcher.mainWithExitCode (Launcher.java:361)
    at org.codehaus.plexus.classworlds.launcher.Launcher.main (Launcher.java:314)
[ERROR] 
[ERROR] Re-run Maven using the -X switch to enable full debug logging.
[ERROR] 
[ERROR] For more information about the errors and possible solutions, please read the following articles:
[ERROR] [Help 1] http://cwiki.apache.org/confluence/display/MAVEN/MojoFailureException
[INFO] Error stacktraces are turned on.
[INFO] Scanning for projects...
[INFO] 
[INFO] ---------------------< org.example:assignment6-ui >---------------------
[INFO] Building assignment6-ui 1.0-SNAPSHOT
[INFO]   from pom.xml
[INFO] --------------------------------[ jar ]---------------------------------
[INFO] 
[INFO] --- resources:3.3.1:resources (default-resources) @ assignment6-ui ---
[INFO] Copying 0 resource from src/main/resources to target/classes
[INFO] 
[INFO] --- compiler:3.13.0:compile (default-compile) @ assignment6-ui ---
[INFO] Nothing to compile - all classes are up to date.
[INFO] 
[INFO] --- resources:3.3.1:testResources (default-testResources) @ assignment6-ui ---
[INFO] skip non existing resourceDirectory /Users/jericho/Desktop/Assignment6jguiangSE333/src/test/resources
[INFO] 
[INFO] --- compiler:3.13.0:testCompile (default-testCompile) @ assignment6-ui ---
[INFO] Nothing to compile - all classes are up to date.
[INFO] 
[INFO] --- surefire:3.5.4:test (default-test) @ assignment6-ui ---
[INFO] Surefire report directory: /Users/jericho/Desktop/Assignment6jguiangSE333/target/surefire-reports
[INFO] Using auto detected provider org.apache.maven.surefire.junitplatform.JUnitPlatformProvider
[INFO] 
[INFO] -------------------------------------------------------
[INFO]  T E S T S
[INFO] -------------------------------------------------------
[INFO] Running playwrightTraditional.TestCaseBookstore
[ERROR] Tests run: 1, Failures: 1, Errors: 0, Skipped: 0, Time elapsed: 9.151 s <<< FAILURE! -- in playwrightTraditional.TestCaseBookstore
[ERROR] playwrightTraditional.TestCaseBookstore.testFullPurchaseFlow -- Time elapsed: 9.142 s <<< FAILURE!
org.opentest4j.AssertionFailedError: Product link not found ==> expected: <true> but was: <false>
	at org.junit.jupiter.api.AssertionFailureBuilder.build(AssertionFailureBuilder.java:151)
	at org.junit.jupiter.api.AssertionFailureBuilder.buildAndThrow(AssertionFailureBuilder.java:132)
	at org.junit.jupiter.api.AssertTrue.failNotTrue(AssertTrue.java:63)
	at org.junit.jupiter.api.AssertTrue.assertTrue(AssertTrue.java:36)
	at org.junit.jupiter.api.Assertions.assertTrue(Assertions.java:214)
	at playwrightTraditional.BaseUITest.openEarbudsAFromResults(BaseUITest.java:168)
	at playwrightTraditional.TestCaseBookstore.testFullPurchaseFlow(TestCaseBookstore.java:28)
	at java.base/java.lang.reflect.Method.invoke(Method.java:580)
	at java.base/java.util.ArrayList.forEach(ArrayList.java:1597)
	at java.base/java.util.ArrayList.forEach(ArrayList.java:1597)

[INFO] 
[INFO] Results:
[INFO] 
[ERROR] Failures: 
[ERROR]   TestCaseBookstore.testFullPurchaseFlow:28->BaseUITest.openEarbudsAFromResults:168 Product link not found ==> expected: <true> but was: <false>
[INFO] 
[ERROR] Tests run: 1, Failures: 1, Errors: 0, Skipped: 0
[INFO] 
[INFO] ------------------------------------------------------------------------
[INFO] BUILD FAILURE
[INFO] ------------------------------------------------------------------------
[INFO] Total time:  9.666 s
[INFO] Finished at: 2025-11-11T03:51:52-06:00
[INFO] ------------------------------------------------------------------------
[ERROR] Failed to execute goal org.apache.maven.plugins:maven-surefire-plugin:3.5.4:test (default-test) on project assignment6-ui: There are test failures.
[ERROR] 
[ERROR] See /Users/jericho/Desktop/Assignment6jguiangSE333/target/surefire-reports for the individual test results.
[ERROR] See dump files (if any exist) [date].dump, [date]-jvmRun[N].dump and [date].dumpstream.
[ERROR] -> [Help 1]
org.apache.maven.lifecycle.LifecycleExecutionException: Failed to execute goal org.apache.maven.plugins:maven-surefire-plugin:3.5.4:test (default-test) on project assignment6-ui: There are test failures.

See /Users/jericho/Desktop/Assignment6jguiangSE333/target/surefire-reports for the individual test results.
See dump files (if any exist) [date].dump, [date]-jvmRun[N].dump and [date].dumpstream.
    at org.apache.maven.lifecycle.internal.MojoExecutor.doExecute2 (MojoExecutor.java:333)
    at org.apache.maven.lifecycle.internal.MojoExecutor.doExecute (MojoExecutor.java:316)
    at org.apache.maven.lifecycle.internal.MojoExecutor.execute (MojoExecutor.java:212)
    at org.apache.maven.lifecycle.internal.MojoExecutor.execute (MojoExecutor.java:174)
    at org.apache.maven.lifecycle.internal.MojoExecutor.access$000 (MojoExecutor.java:75)
    at org.apache.maven.lifecycle.internal.MojoExecutor$1.run (MojoExecutor.java:162)
    at org.apache.maven.plugin.DefaultMojosExecutionStrategy.execute (DefaultMojosExecutionStrategy.java:39)
    at org.apache.maven.lifecycle.internal.MojoExecutor.execute (MojoExecutor.java:159)
    at org.apache.maven.lifecycle.internal.LifecycleModuleBuilder.buildProject (LifecycleModuleBuilder.java:105)
    at org.apache.maven.lifecycle.internal.LifecycleModuleBuilder.buildProject (LifecycleModuleBuilder.java:73)
    at org.apache.maven.lifecycle.internal.builder.singlethreaded.SingleThreadedBuilder.build (SingleThreadedBuilder.java:53)
    at org.apache.maven.lifecycle.internal.LifecycleStarter.execute (LifecycleStarter.java:118)
    at org.apache.maven.DefaultMaven.doExecute (DefaultMaven.java:261)
    at org.apache.maven.DefaultMaven.doExecute (DefaultMaven.java:173)
    at org.apache.maven.DefaultMaven.execute (DefaultMaven.java:101)
    at org.apache.maven.cli.MavenCli.execute (MavenCli.java:906)
    at org.apache.maven.cli.MavenCli.doMain (MavenCli.java:283)
    at org.apache.maven.cli.MavenCli.main (MavenCli.java:206)
    at jdk.internal.reflect.DirectMethodHandleAccessor.invoke (DirectMethodHandleAccessor.java:103)
    at java.lang.reflect.Method.invoke (Method.java:580)
    at org.codehaus.plexus.classworlds.launcher.Launcher.launchEnhanced (Launcher.java:255)
    at org.codehaus.plexus.classworlds.launcher.Launcher.launch (Launcher.java:201)
    at org.codehaus.plexus.classworlds.launcher.Launcher.mainWithExitCode (Launcher.java:361)
    at org.codehaus.plexus.classworlds.launcher.Launcher.main (Launcher.java:314)
Caused by: org.apache.maven.plugin.MojoFailureException: There are test failures.

See /Users/jericho/Desktop/Assignment6jguiangSE333/target/surefire-reports for the individual test results.
See dump files (if any exist) [date].dump, [date]-jvmRun[N].dump and [date].dumpstream.
    at org.apache.maven.plugin.surefire.SurefireHelper.throwException (SurefireHelper.java:247)
    at org.apache.maven.plugin.surefire.SurefireHelper.reportExecution (SurefireHelper.java:159)
    at org.apache.maven.plugin.surefire.SurefireMojo.handleSummary (SurefireMojo.java:547)
    at org.apache.maven.plugin.surefire.AbstractSurefireMojo.executeAfterPreconditionsChecked (AbstractSurefireMojo.java:1147)
    at org.apache.maven.plugin.surefire.AbstractSurefireMojo.execute (AbstractSurefireMojo.java:969)
    at org.apache.maven.plugin.DefaultBuildPluginManager.executeMojo (DefaultBuildPluginManager.java:126)
    at org.apache.maven.lifecycle.internal.MojoExecutor.doExecute2 (MojoExecutor.java:328)
    at org.apache.maven.lifecycle.internal.MojoExecutor.doExecute (MojoExecutor.java:316)
    at org.apache.maven.lifecycle.internal.MojoExecutor.execute (MojoExecutor.java:212)
    at org.apache.maven.lifecycle.internal.MojoExecutor.execute (MojoExecutor.java:174)
    at org.apache.maven.lifecycle.internal.MojoExecutor.access$000 (MojoExecutor.java:75)
    at org.apache.maven.lifecycle.internal.MojoExecutor$1.run (MojoExecutor.java:162)
    at org.apache.maven.plugin.DefaultMojosExecutionStrategy.execute (DefaultMojosExecutionStrategy.java:39)
    at org.apache.maven.lifecycle.internal.MojoExecutor.execute (MojoExecutor.java:159)
    at org.apache.maven.lifecycle.internal.LifecycleModuleBuilder.buildProject (LifecycleModuleBuilder.java:105)
    at org.apache.maven.lifecycle.internal.LifecycleModuleBuilder.buildProject (LifecycleModuleBuilder.java:73)
    at org.apache.maven.lifecycle.internal.builder.singlethreaded.SingleThreadedBuilder.build (SingleThreadedBuilder.java:53)
    at org.apache.maven.lifecycle.internal.LifecycleStarter.execute (LifecycleStarter.java:118)
    at org.apache.maven.DefaultMaven.doExecute (DefaultMaven.java:261)
    at org.apache.maven.DefaultMaven.doExecute (DefaultMaven.java:173)
    at org.apache.maven.DefaultMaven.execute (DefaultMaven.java:101)
    at org.apache.maven.cli.MavenCli.execute (MavenCli.java:906)
    at org.apache.maven.cli.MavenCli.doMain (MavenCli.java:283)
    at org.apache.maven.cli.MavenCli.main (MavenCli.java:206)
    at jdk.internal.reflect.DirectMethodHandleAccessor.invoke (DirectMethodHandleAccessor.java:103)
    at java.lang.reflect.Method.invoke (Method.java:580)
    at org.codehaus.plexus.classworlds.launcher.Launcher.launchEnhanced (Launcher.java:255)
    at org.codehaus.plexus.classworlds.launcher.Launcher.launch (Launcher.java:201)
    at org.codehaus.plexus.classworlds.launcher.Launcher.mainWithExitCode (Launcher.java:361)
    at org.codehaus.plexus.classworlds.launcher.Launcher.main (Launcher.java:314)
[ERROR] 
[ERROR] Re-run Maven using the -X switch to enable full debug logging.
[ERROR] 
[ERROR] For more information about the errors and possible solutions, please read the following articles:
[ERROR] [Help 1] http://cwiki.apache.org/confluence/display/MAVEN/MojoFailureException
[INFO] Error stacktraces are turned on.
[INFO] Scanning for projects...
[INFO] 
[INFO] ---------------------< org.example:assignment6-ui >---------------------
[INFO] Building assignment6-ui 1.0-SNAPSHOT
[INFO]   from pom.xml
[INFO] --------------------------------[ jar ]---------------------------------
[INFO] 
[INFO] --- resources:3.3.1:resources (default-resources) @ assignment6-ui ---
[INFO] Copying 0 resource from src/main/resources to target/classes
[INFO] 
[INFO] --- compiler:3.13.0:compile (default-compile) @ assignment6-ui ---
[INFO] Nothing to compile - all classes are up to date.
[INFO] 
[INFO] --- resources:3.3.1:testResources (default-testResources) @ assignment6-ui ---
[INFO] skip non existing resourceDirectory /Users/jericho/Desktop/Assignment6jguiangSE333/src/test/resources
[INFO] 
[INFO] --- compiler:3.13.0:testCompile (default-testCompile) @ assignment6-ui ---
[INFO] Nothing to compile - all classes are up to date.
[INFO] 
[INFO] --- surefire:3.5.4:test (default-test) @ assignment6-ui ---
[INFO] Surefire report directory: /Users/jericho/Desktop/Assignment6jguiangSE333/target/surefire-reports
[INFO] Using auto detected provider org.apache.maven.surefire.junitplatform.JUnitPlatformProvider
[INFO] 
[INFO] -------------------------------------------------------
[INFO]  T E S T S
[INFO] -------------------------------------------------------
[INFO] Running playwrightTraditional.TestCaseBookstore
[ERROR] Tests run: 1, Failures: 1, Errors: 0, Skipped: 0, Time elapsed: 11.36 s <<< FAILURE! -- in playwrightTraditional.TestCaseBookstore
[ERROR] playwrightTraditional.TestCaseBookstore.testFullPurchaseFlow -- Time elapsed: 11.35 s <<< FAILURE!
org.opentest4j.AssertionFailedError: SKU missing ==> expected: <true> but was: <false>
	at org.junit.jupiter.api.AssertionFailureBuilder.build(AssertionFailureBuilder.java:151)
	at org.junit.jupiter.api.AssertionFailureBuilder.buildAndThrow(AssertionFailureBuilder.java:132)
	at org.junit.jupiter.api.AssertTrue.failNotTrue(AssertTrue.java:63)
	at org.junit.jupiter.api.AssertTrue.assertTrue(AssertTrue.java:36)
	at org.junit.jupiter.api.Assertions.assertTrue(Assertions.java:214)
	at playwrightTraditional.BaseUITest.assertProductDetailBasics(BaseUITest.java:204)
	at playwrightTraditional.TestCaseBookstore.testFullPurchaseFlow(TestCaseBookstore.java:31)
	at java.base/java.lang.reflect.Method.invoke(Method.java:580)
	at java.base/java.util.ArrayList.forEach(ArrayList.java:1597)
	at java.base/java.util.ArrayList.forEach(ArrayList.java:1597)

[INFO] 
[INFO] Results:
[INFO] 
[ERROR] Failures: 
[ERROR]   TestCaseBookstore.testFullPurchaseFlow:31->BaseUITest.assertProductDetailBasics:204 SKU missing ==> expected: <true> but was: <false>
[INFO] 
[ERROR] Tests run: 1, Failures: 1, Errors: 0, Skipped: 0
[INFO] 
[INFO] ------------------------------------------------------------------------
[INFO] BUILD FAILURE
[INFO] ------------------------------------------------------------------------
[INFO] Total time:  11.892 s
[INFO] Finished at: 2025-11-11T04:00:26-06:00
[INFO] ------------------------------------------------------------------------
[ERROR] Failed to execute goal org.apache.maven.plugins:maven-surefire-plugin:3.5.4:test (default-test) on project assignment6-ui: There are test failures.
[ERROR] 
[ERROR] See /Users/jericho/Desktop/Assignment6jguiangSE333/target/surefire-reports for the individual test results.
[ERROR] See dump files (if any exist) [date].dump, [date]-jvmRun[N].dump and [date].dumpstream.
[ERROR] -> [Help 1]
org.apache.maven.lifecycle.LifecycleExecutionException: Failed to execute goal org.apache.maven.plugins:maven-surefire-plugin:3.5.4:test (default-test) on project assignment6-ui: There are test failures.

See /Users/jericho/Desktop/Assignment6jguiangSE333/target/surefire-reports for the individual test results.
See dump files (if any exist) [date].dump, [date]-jvmRun[N].dump and [date].dumpstream.
    at org.apache.maven.lifecycle.internal.MojoExecutor.doExecute2 (MojoExecutor.java:333)
    at org.apache.maven.lifecycle.internal.MojoExecutor.doExecute (MojoExecutor.java:316)
    at org.apache.maven.lifecycle.internal.MojoExecutor.execute (MojoExecutor.java:212)
    at org.apache.maven.lifecycle.internal.MojoExecutor.execute (MojoExecutor.java:174)
    at org.apache.maven.lifecycle.internal.MojoExecutor.access$000 (MojoExecutor.java:75)
    at org.apache.maven.lifecycle.internal.MojoExecutor$1.run (MojoExecutor.java:162)
    at org.apache.maven.plugin.DefaultMojosExecutionStrategy.execute (DefaultMojosExecutionStrategy.java:39)
    at org.apache.maven.lifecycle.internal.MojoExecutor.execute (MojoExecutor.java:159)
    at org.apache.maven.lifecycle.internal.LifecycleModuleBuilder.buildProject (LifecycleModuleBuilder.java:105)
    at org.apache.maven.lifecycle.internal.LifecycleModuleBuilder.buildProject (LifecycleModuleBuilder.java:73)
    at org.apache.maven.lifecycle.internal.builder.singlethreaded.SingleThreadedBuilder.build (SingleThreadedBuilder.java:53)
    at org.apache.maven.lifecycle.internal.LifecycleStarter.execute (LifecycleStarter.java:118)
    at org.apache.maven.DefaultMaven.doExecute (DefaultMaven.java:261)
    at org.apache.maven.DefaultMaven.doExecute (DefaultMaven.java:173)
    at org.apache.maven.DefaultMaven.execute (DefaultMaven.java:101)
    at org.apache.maven.cli.MavenCli.execute (MavenCli.java:906)
    at org.apache.maven.cli.MavenCli.doMain (MavenCli.java:283)
    at org.apache.maven.cli.MavenCli.main (MavenCli.java:206)
    at jdk.internal.reflect.DirectMethodHandleAccessor.invoke (DirectMethodHandleAccessor.java:103)
    at java.lang.reflect.Method.invoke (Method.java:580)
    at org.codehaus.plexus.classworlds.launcher.Launcher.launchEnhanced (Launcher.java:255)
    at org.codehaus.plexus.classworlds.launcher.Launcher.launch (Launcher.java:201)
    at org.codehaus.plexus.classworlds.launcher.Launcher.mainWithExitCode (Launcher.java:361)
    at org.codehaus.plexus.classworlds.launcher.Launcher.main (Launcher.java:314)
Caused by: org.apache.maven.plugin.MojoFailureException: There are test failures.

See /Users/jericho/Desktop/Assignment6jguiangSE333/target/surefire-reports for the individual test results.
See dump files (if any exist) [date].dump, [date]-jvmRun[N].dump and [date].dumpstream.
    at org.apache.maven.plugin.surefire.SurefireHelper.throwException (SurefireHelper.java:247)
    at org.apache.maven.plugin.surefire.SurefireHelper.reportExecution (SurefireHelper.java:159)
    at org.apache.maven.plugin.surefire.SurefireMojo.handleSummary (SurefireMojo.java:547)
    at org.apache.maven.plugin.surefire.AbstractSurefireMojo.executeAfterPreconditionsChecked (AbstractSurefireMojo.java:1147)
    at org.apache.maven.plugin.surefire.AbstractSurefireMojo.execute (AbstractSurefireMojo.java:969)
    at org.apache.maven.plugin.DefaultBuildPluginManager.executeMojo (DefaultBuildPluginManager.java:126)
    at org.apache.maven.lifecycle.internal.MojoExecutor.doExecute2 (MojoExecutor.java:328)
    at org.apache.maven.lifecycle.internal.MojoExecutor.doExecute (MojoExecutor.java:316)
    at org.apache.maven.lifecycle.internal.MojoExecutor.execute (MojoExecutor.java:212)
    at org.apache.maven.lifecycle.internal.MojoExecutor.execute (MojoExecutor.java:174)
    at org.apache.maven.lifecycle.internal.MojoExecutor.access$000 (MojoExecutor.java:75)
    at org.apache.maven.lifecycle.internal.MojoExecutor$1.run (MojoExecutor.java:162)
    at org.apache.maven.plugin.DefaultMojosExecutionStrategy.execute (DefaultMojosExecutionStrategy.java:39)
    at org.apache.maven.lifecycle.internal.MojoExecutor.execute (MojoExecutor.java:159)
    at org.apache.maven.lifecycle.internal.LifecycleModuleBuilder.buildProject (LifecycleModuleBuilder.java:105)
    at org.apache.maven.lifecycle.internal.LifecycleModuleBuilder.buildProject (LifecycleModuleBuilder.java:73)
    at org.apache.maven.lifecycle.internal.builder.singlethreaded.SingleThreadedBuilder.build (SingleThreadedBuilder.java:53)
    at org.apache.maven.lifecycle.internal.LifecycleStarter.execute (LifecycleStarter.java:118)
    at org.apache.maven.DefaultMaven.doExecute (DefaultMaven.java:261)
    at org.apache.maven.DefaultMaven.doExecute (DefaultMaven.java:173)
    at org.apache.maven.DefaultMaven.execute (DefaultMaven.java:101)
    at org.apache.maven.cli.MavenCli.execute (MavenCli.java:906)
    at org.apache.maven.cli.MavenCli.doMain (MavenCli.java:283)
    at org.apache.maven.cli.MavenCli.main (MavenCli.java:206)
    at jdk.internal.reflect.DirectMethodHandleAccessor.invoke (DirectMethodHandleAccessor.java:103)
    at java.lang.reflect.Method.invoke (Method.java:580)
    at org.codehaus.plexus.classworlds.launcher.Launcher.launchEnhanced (Launcher.java:255)
    at org.codehaus.plexus.classworlds.launcher.Launcher.launch (Launcher.java:201)
    at org.codehaus.plexus.classworlds.launcher.Launcher.mainWithExitCode (Launcher.java:361)
    at org.codehaus.plexus.classworlds.launcher.Launcher.main (Launcher.java:314)
[ERROR] 
[ERROR] Re-run Maven using the -X switch to enable full debug logging.
[ERROR] 
[ERROR] For more information about the errors and possible solutions, please read the following articles:
[ERROR] [Help 1] http://cwiki.apache.org/confluence/display/MAVEN/MojoFailureException
[INFO] Error stacktraces are turned on.
[INFO] Scanning for projects...
[INFO] 
[INFO] ---------------------< org.example:assignment6-ui >---------------------
[INFO] Building assignment6-ui 1.0-SNAPSHOT
[INFO]   from pom.xml
[INFO] --------------------------------[ jar ]---------------------------------
[INFO] 
[INFO] --- resources:3.3.1:resources (default-resources) @ assignment6-ui ---
[INFO] Copying 0 resource from src/main/resources to target/classes
[INFO] 
[INFO] --- compiler:3.13.0:compile (default-compile) @ assignment6-ui ---
[INFO] Nothing to compile - all classes are up to date.
[INFO] 
[INFO] --- resources:3.3.1:testResources (default-testResources) @ assignment6-ui ---
[INFO] skip non existing resourceDirectory /Users/jericho/Desktop/Assignment6jguiangSE333/src/test/resources
[INFO] 
[INFO] --- compiler:3.13.0:testCompile (default-testCompile) @ assignment6-ui ---
[INFO] Nothing to compile - all classes are up to date.
[INFO] 
[INFO] --- surefire:3.5.4:test (default-test) @ assignment6-ui ---
[INFO] Surefire report directory: /Users/jericho/Desktop/Assignment6jguiangSE333/target/surefire-reports
[INFO] Using auto detected provider org.apache.maven.surefire.junitplatform.JUnitPlatformProvider
[INFO] 
[INFO] -------------------------------------------------------
[INFO]  T E S T S
[INFO] -------------------------------------------------------
[INFO] Running playwrightTraditional.TestCaseBookstore
[ERROR] Tests run: 1, Failures: 1, Errors: 0, Skipped: 0, Time elapsed: 16.94 s <<< FAILURE! -- in playwrightTraditional.TestCaseBookstore
[ERROR] playwrightTraditional.TestCaseBookstore.testFullPurchaseFlow -- Time elapsed: 16.93 s <<< FAILURE!
org.opentest4j.AssertionFailedError: SKU missing ==> expected: <true> but was: <false>
	at org.junit.jupiter.api.AssertionFailureBuilder.build(AssertionFailureBuilder.java:151)
	at org.junit.jupiter.api.AssertionFailureBuilder.buildAndThrow(AssertionFailureBuilder.java:132)
	at org.junit.jupiter.api.AssertTrue.failNotTrue(AssertTrue.java:63)
	at org.junit.jupiter.api.AssertTrue.assertTrue(AssertTrue.java:36)
	at org.junit.jupiter.api.Assertions.assertTrue(Assertions.java:214)
	at playwrightTraditional.BaseUITest.assertProductDetailBasics(BaseUITest.java:210)
	at playwrightTraditional.TestCaseBookstore.testFullPurchaseFlow(TestCaseBookstore.java:31)
	at java.base/java.lang.reflect.Method.invoke(Method.java:580)
	at java.base/java.util.ArrayList.forEach(ArrayList.java:1597)
	at java.base/java.util.ArrayList.forEach(ArrayList.java:1597)

[INFO] 
[INFO] Results:
[INFO] 
[ERROR] Failures: 
[ERROR]   TestCaseBookstore.testFullPurchaseFlow:31->BaseUITest.assertProductDetailBasics:210 SKU missing ==> expected: <true> but was: <false>
[INFO] 
[ERROR] Tests run: 1, Failures: 1, Errors: 0, Skipped: 0
[INFO] 
[INFO] ------------------------------------------------------------------------
[INFO] BUILD FAILURE
[INFO] ------------------------------------------------------------------------
[INFO] Total time:  17.439 s
[INFO] Finished at: 2025-11-11T04:01:15-06:00
[INFO] ------------------------------------------------------------------------
[ERROR] Failed to execute goal org.apache.maven.plugins:maven-surefire-plugin:3.5.4:test (default-test) on project assignment6-ui: There are test failures.
[ERROR] 
[ERROR] See /Users/jericho/Desktop/Assignment6jguiangSE333/target/surefire-reports for the individual test results.
[ERROR] See dump files (if any exist) [date].dump, [date]-jvmRun[N].dump and [date].dumpstream.
[ERROR] -> [Help 1]
org.apache.maven.lifecycle.LifecycleExecutionException: Failed to execute goal org.apache.maven.plugins:maven-surefire-plugin:3.5.4:test (default-test) on project assignment6-ui: There are test failures.

See /Users/jericho/Desktop/Assignment6jguiangSE333/target/surefire-reports for the individual test results.
See dump files (if any exist) [date].dump, [date]-jvmRun[N].dump and [date].dumpstream.
    at org.apache.maven.lifecycle.internal.MojoExecutor.doExecute2 (MojoExecutor.java:333)
    at org.apache.maven.lifecycle.internal.MojoExecutor.doExecute (MojoExecutor.java:316)
    at org.apache.maven.lifecycle.internal.MojoExecutor.execute (MojoExecutor.java:212)
    at org.apache.maven.lifecycle.internal.MojoExecutor.execute (MojoExecutor.java:174)
    at org.apache.maven.lifecycle.internal.MojoExecutor.access$000 (MojoExecutor.java:75)
    at org.apache.maven.lifecycle.internal.MojoExecutor$1.run (MojoExecutor.java:162)
    at org.apache.maven.plugin.DefaultMojosExecutionStrategy.execute (DefaultMojosExecutionStrategy.java:39)
    at org.apache.maven.lifecycle.internal.MojoExecutor.execute (MojoExecutor.java:159)
    at org.apache.maven.lifecycle.internal.LifecycleModuleBuilder.buildProject (LifecycleModuleBuilder.java:105)
    at org.apache.maven.lifecycle.internal.LifecycleModuleBuilder.buildProject (LifecycleModuleBuilder.java:73)
    at org.apache.maven.lifecycle.internal.builder.singlethreaded.SingleThreadedBuilder.build (SingleThreadedBuilder.java:53)
    at org.apache.maven.lifecycle.internal.LifecycleStarter.execute (LifecycleStarter.java:118)
    at org.apache.maven.DefaultMaven.doExecute (DefaultMaven.java:261)
    at org.apache.maven.DefaultMaven.doExecute (DefaultMaven.java:173)
    at org.apache.maven.DefaultMaven.execute (DefaultMaven.java:101)
    at org.apache.maven.cli.MavenCli.execute (MavenCli.java:906)
    at org.apache.maven.cli.MavenCli.doMain (MavenCli.java:283)
    at org.apache.maven.cli.MavenCli.main (MavenCli.java:206)
    at jdk.internal.reflect.DirectMethodHandleAccessor.invoke (DirectMethodHandleAccessor.java:103)
    at java.lang.reflect.Method.invoke (Method.java:580)
    at org.codehaus.plexus.classworlds.launcher.Launcher.launchEnhanced (Launcher.java:255)
    at org.codehaus.plexus.classworlds.launcher.Launcher.launch (Launcher.java:201)
    at org.codehaus.plexus.classworlds.launcher.Launcher.mainWithExitCode (Launcher.java:361)
    at org.codehaus.plexus.classworlds.launcher.Launcher.main (Launcher.java:314)
Caused by: org.apache.maven.plugin.MojoFailureException: There are test failures.

See /Users/jericho/Desktop/Assignment6jguiangSE333/target/surefire-reports for the individual test results.
See dump files (if any exist) [date].dump, [date]-jvmRun[N].dump and [date].dumpstream.
    at org.apache.maven.plugin.surefire.SurefireHelper.throwException (SurefireHelper.java:247)
    at org.apache.maven.plugin.surefire.SurefireHelper.reportExecution (SurefireHelper.java:159)
    at org.apache.maven.plugin.surefire.SurefireMojo.handleSummary (SurefireMojo.java:547)
    at org.apache.maven.plugin.surefire.AbstractSurefireMojo.executeAfterPreconditionsChecked (AbstractSurefireMojo.java:1147)
    at org.apache.maven.plugin.surefire.AbstractSurefireMojo.execute (AbstractSurefireMojo.java:969)
    at org.apache.maven.plugin.DefaultBuildPluginManager.executeMojo (DefaultBuildPluginManager.java:126)
    at org.apache.maven.lifecycle.internal.MojoExecutor.doExecute2 (MojoExecutor.java:328)
    at org.apache.maven.lifecycle.internal.MojoExecutor.doExecute (MojoExecutor.java:316)
    at org.apache.maven.lifecycle.internal.MojoExecutor.execute (MojoExecutor.java:212)
    at org.apache.maven.lifecycle.internal.MojoExecutor.execute (MojoExecutor.java:174)
    at org.apache.maven.lifecycle.internal.MojoExecutor.access$000 (MojoExecutor.java:75)
    at org.apache.maven.lifecycle.internal.MojoExecutor$1.run (MojoExecutor.java:162)
    at org.apache.maven.plugin.DefaultMojosExecutionStrategy.execute (DefaultMojosExecutionStrategy.java:39)
    at org.apache.maven.lifecycle.internal.MojoExecutor.execute (MojoExecutor.java:159)
    at org.apache.maven.lifecycle.internal.LifecycleModuleBuilder.buildProject (LifecycleModuleBuilder.java:105)
    at org.apache.maven.lifecycle.internal.LifecycleModuleBuilder.buildProject (LifecycleModuleBuilder.java:73)
    at org.apache.maven.lifecycle.internal.builder.singlethreaded.SingleThreadedBuilder.build (SingleThreadedBuilder.java:53)
    at org.apache.maven.lifecycle.internal.LifecycleStarter.execute (LifecycleStarter.java:118)
    at org.apache.maven.DefaultMaven.doExecute (DefaultMaven.java:261)
    at org.apache.maven.DefaultMaven.doExecute (DefaultMaven.java:173)
    at org.apache.maven.DefaultMaven.execute (DefaultMaven.java:101)
    at org.apache.maven.cli.MavenCli.execute (MavenCli.java:906)
    at org.apache.maven.cli.MavenCli.doMain (MavenCli.java:283)
    at org.apache.maven.cli.MavenCli.main (MavenCli.java:206)
    at jdk.internal.reflect.DirectMethodHandleAccessor.invoke (DirectMethodHandleAccessor.java:103)
    at java.lang.reflect.Method.invoke (Method.java:580)
    at org.codehaus.plexus.classworlds.launcher.Launcher.launchEnhanced (Launcher.java:255)
    at org.codehaus.plexus.classworlds.launcher.Launcher.launch (Launcher.java:201)
    at org.codehaus.plexus.classworlds.launcher.Launcher.mainWithExitCode (Launcher.java:361)
    at org.codehaus.plexus.classworlds.launcher.Launcher.main (Launcher.java:314)
[ERROR] 
[ERROR] Re-run Maven using the -X switch to enable full debug logging.
[ERROR] 
[ERROR] For more information about the errors and possible solutions, please read the following articles:
[ERROR] [Help 1] http://cwiki.apache.org/confluence/display/MAVEN/MojoFailureException
[INFO] Error stacktraces are turned on.
[INFO] Scanning for projects...
[INFO] 
[INFO] ---------------------< org.example:assignment6-ui >---------------------
[INFO] Building assignment6-ui 1.0-SNAPSHOT
[INFO]   from pom.xml
[INFO] --------------------------------[ jar ]---------------------------------
[INFO] 
[INFO] --- resources:3.3.1:resources (default-resources) @ assignment6-ui ---
[INFO] Copying 0 resource from src/main/resources to target/classes
[INFO] 
[INFO] --- compiler:3.13.0:compile (default-compile) @ assignment6-ui ---
[INFO] Nothing to compile - all classes are up to date.
[INFO] 
[INFO] --- resources:3.3.1:testResources (default-testResources) @ assignment6-ui ---
[INFO] skip non existing resourceDirectory /Users/jericho/Desktop/Assignment6jguiangSE333/src/test/resources
[INFO] 
[INFO] --- compiler:3.13.0:testCompile (default-testCompile) @ assignment6-ui ---
[INFO] Nothing to compile - all classes are up to date.
[INFO] 
[INFO] --- surefire:3.5.4:test (default-test) @ assignment6-ui ---
[INFO] Surefire report directory: /Users/jericho/Desktop/Assignment6jguiangSE333/target/surefire-reports
[INFO] Using auto detected provider org.apache.maven.surefire.junitplatform.JUnitPlatformProvider
[INFO] 
[INFO] -------------------------------------------------------
[INFO]  T E S T S
[INFO] -------------------------------------------------------
[INFO] Running playwrightTraditional.TestCaseBookstore
[ERROR] Tests run: 1, Failures: 1, Errors: 0, Skipped: 0, Time elapsed: 22.19 s <<< FAILURE! -- in playwrightTraditional.TestCaseBookstore
[ERROR] playwrightTraditional.TestCaseBookstore.testFullPurchaseFlow -- Time elapsed: 22.18 s <<< FAILURE!
org.opentest4j.AssertionFailedError: SKU missing ==> expected: <true> but was: <false>
	at org.junit.jupiter.api.AssertionFailureBuilder.build(AssertionFailureBuilder.java:151)
	at org.junit.jupiter.api.AssertionFailureBuilder.buildAndThrow(AssertionFailureBuilder.java:132)
	at org.junit.jupiter.api.AssertTrue.failNotTrue(AssertTrue.java:63)
	at org.junit.jupiter.api.AssertTrue.assertTrue(AssertTrue.java:36)
	at org.junit.jupiter.api.Assertions.assertTrue(Assertions.java:214)
	at playwrightTraditional.BaseUITest.assertProductDetailBasics(BaseUITest.java:228)
	at playwrightTraditional.TestCaseBookstore.testFullPurchaseFlow(TestCaseBookstore.java:31)
	at java.base/java.lang.reflect.Method.invoke(Method.java:580)
	at java.base/java.util.ArrayList.forEach(ArrayList.java:1597)
	at java.base/java.util.ArrayList.forEach(ArrayList.java:1597)

[INFO] 
[INFO] Results:
[INFO] 
[ERROR] Failures: 
[ERROR]   TestCaseBookstore.testFullPurchaseFlow:31->BaseUITest.assertProductDetailBasics:228 SKU missing ==> expected: <true> but was: <false>
[INFO] 
[ERROR] Tests run: 1, Failures: 1, Errors: 0, Skipped: 0
[INFO] 
[INFO] ------------------------------------------------------------------------
[INFO] BUILD FAILURE
[INFO] ------------------------------------------------------------------------
[INFO] Total time:  22.685 s
[INFO] Finished at: 2025-11-11T04:02:02-06:00
[INFO] ------------------------------------------------------------------------
[ERROR] Failed to execute goal org.apache.maven.plugins:maven-surefire-plugin:3.5.4:test (default-test) on project assignment6-ui: There are test failures.
[ERROR] 
[ERROR] See /Users/jericho/Desktop/Assignment6jguiangSE333/target/surefire-reports for the individual test results.
[ERROR] See dump files (if any exist) [date].dump, [date]-jvmRun[N].dump and [date].dumpstream.
[ERROR] -> [Help 1]
org.apache.maven.lifecycle.LifecycleExecutionException: Failed to execute goal org.apache.maven.plugins:maven-surefire-plugin:3.5.4:test (default-test) on project assignment6-ui: There are test failures.

See /Users/jericho/Desktop/Assignment6jguiangSE333/target/surefire-reports for the individual test results.
See dump files (if any exist) [date].dump, [date]-jvmRun[N].dump and [date].dumpstream.
    at org.apache.maven.lifecycle.internal.MojoExecutor.doExecute2 (MojoExecutor.java:333)
    at org.apache.maven.lifecycle.internal.MojoExecutor.doExecute (MojoExecutor.java:316)
    at org.apache.maven.lifecycle.internal.MojoExecutor.execute (MojoExecutor.java:212)
    at org.apache.maven.lifecycle.internal.MojoExecutor.execute (MojoExecutor.java:174)
    at org.apache.maven.lifecycle.internal.MojoExecutor.access$000 (MojoExecutor.java:75)
    at org.apache.maven.lifecycle.internal.MojoExecutor$1.run (MojoExecutor.java:162)
    at org.apache.maven.plugin.DefaultMojosExecutionStrategy.execute (DefaultMojosExecutionStrategy.java:39)
    at org.apache.maven.lifecycle.internal.MojoExecutor.execute (MojoExecutor.java:159)
    at org.apache.maven.lifecycle.internal.LifecycleModuleBuilder.buildProject (LifecycleModuleBuilder.java:105)
    at org.apache.maven.lifecycle.internal.LifecycleModuleBuilder.buildProject (LifecycleModuleBuilder.java:73)
    at org.apache.maven.lifecycle.internal.builder.singlethreaded.SingleThreadedBuilder.build (SingleThreadedBuilder.java:53)
    at org.apache.maven.lifecycle.internal.LifecycleStarter.execute (LifecycleStarter.java:118)
    at org.apache.maven.DefaultMaven.doExecute (DefaultMaven.java:261)
    at org.apache.maven.DefaultMaven.doExecute (DefaultMaven.java:173)
    at org.apache.maven.DefaultMaven.execute (DefaultMaven.java:101)
    at org.apache.maven.cli.MavenCli.execute (MavenCli.java:906)
    at org.apache.maven.cli.MavenCli.doMain (MavenCli.java:283)
    at org.apache.maven.cli.MavenCli.main (MavenCli.java:206)
    at jdk.internal.reflect.DirectMethodHandleAccessor.invoke (DirectMethodHandleAccessor.java:103)
    at java.lang.reflect.Method.invoke (Method.java:580)
    at org.codehaus.plexus.classworlds.launcher.Launcher.launchEnhanced (Launcher.java:255)
    at org.codehaus.plexus.classworlds.launcher.Launcher.launch (Launcher.java:201)
    at org.codehaus.plexus.classworlds.launcher.Launcher.mainWithExitCode (Launcher.java:361)
    at org.codehaus.plexus.classworlds.launcher.Launcher.main (Launcher.java:314)
Caused by: org.apache.maven.plugin.MojoFailureException: There are test failures.

See /Users/jericho/Desktop/Assignment6jguiangSE333/target/surefire-reports for the individual test results.
See dump files (if any exist) [date].dump, [date]-jvmRun[N].dump and [date].dumpstream.
    at org.apache.maven.plugin.surefire.SurefireHelper.throwException (SurefireHelper.java:247)
    at org.apache.maven.plugin.surefire.SurefireHelper.reportExecution (SurefireHelper.java:159)
    at org.apache.maven.plugin.surefire.SurefireMojo.handleSummary (SurefireMojo.java:547)
    at org.apache.maven.plugin.surefire.AbstractSurefireMojo.executeAfterPreconditionsChecked (AbstractSurefireMojo.java:1147)
    at org.apache.maven.plugin.surefire.AbstractSurefireMojo.execute (AbstractSurefireMojo.java:969)
    at org.apache.maven.plugin.DefaultBuildPluginManager.executeMojo (DefaultBuildPluginManager.java:126)
    at org.apache.maven.lifecycle.internal.MojoExecutor.doExecute2 (MojoExecutor.java:328)
    at org.apache.maven.lifecycle.internal.MojoExecutor.doExecute (MojoExecutor.java:316)
    at org.apache.maven.lifecycle.internal.MojoExecutor.execute (MojoExecutor.java:212)
    at org.apache.maven.lifecycle.internal.MojoExecutor.execute (MojoExecutor.java:174)
    at org.apache.maven.lifecycle.internal.MojoExecutor.access$000 (MojoExecutor.java:75)
    at org.apache.maven.lifecycle.internal.MojoExecutor$1.run (MojoExecutor.java:162)
    at org.apache.maven.plugin.DefaultMojosExecutionStrategy.execute (DefaultMojosExecutionStrategy.java:39)
    at org.apache.maven.lifecycle.internal.MojoExecutor.execute (MojoExecutor.java:159)
    at org.apache.maven.lifecycle.internal.LifecycleModuleBuilder.buildProject (LifecycleModuleBuilder.java:105)
    at org.apache.maven.lifecycle.internal.LifecycleModuleBuilder.buildProject (LifecycleModuleBuilder.java:73)
    at org.apache.maven.lifecycle.internal.builder.singlethreaded.SingleThreadedBuilder.build (SingleThreadedBuilder.java:53)
    at org.apache.maven.lifecycle.internal.LifecycleStarter.execute (LifecycleStarter.java:118)
    at org.apache.maven.DefaultMaven.doExecute (DefaultMaven.java:261)
    at org.apache.maven.DefaultMaven.doExecute (DefaultMaven.java:173)
    at org.apache.maven.DefaultMaven.execute (DefaultMaven.java:101)
    at org.apache.maven.cli.MavenCli.execute (MavenCli.java:906)
    at org.apache.maven.cli.MavenCli.doMain (MavenCli.java:283)
    at org.apache.maven.cli.MavenCli.main (MavenCli.java:206)
    at jdk.internal.reflect.DirectMethodHandleAccessor.invoke (DirectMethodHandleAccessor.java:103)
    at java.lang.reflect.Method.invoke (Method.java:580)
    at org.codehaus.plexus.classworlds.launcher.Launcher.launchEnhanced (Launcher.java:255)
    at org.codehaus.plexus.classworlds.launcher.Launcher.launch (Launcher.java:201)
    at org.codehaus.plexus.classworlds.launcher.Launcher.mainWithExitCode (Launcher.java:361)
    at org.codehaus.plexus.classworlds.launcher.Launcher.main (Launcher.java:314)
[ERROR] 
[ERROR] Re-run Maven using the -X switch to enable full debug logging.
[ERROR] 
[ERROR] For more information about the errors and possible solutions, please read the following articles:
[ERROR] [Help 1] http://cwiki.apache.org/confluence/display/MAVEN/MojoFailureException
[INFO] Error stacktraces are turned on.
[INFO] Scanning for projects...
[INFO] 
[INFO] ---------------------< org.example:assignment6-ui >---------------------
[INFO] Building assignment6-ui 1.0-SNAPSHOT
[INFO]   from pom.xml
[INFO] --------------------------------[ jar ]---------------------------------
[INFO] 
[INFO] --- resources:3.3.1:resources (default-resources) @ assignment6-ui ---
[INFO] Copying 0 resource from src/main/resources to target/classes
[INFO] 
[INFO] --- compiler:3.13.0:compile (default-compile) @ assignment6-ui ---
[INFO] Nothing to compile - all classes are up to date.
[INFO] 
[INFO] --- resources:3.3.1:testResources (default-testResources) @ assignment6-ui ---
[INFO] skip non existing resourceDirectory /Users/jericho/Desktop/Assignment6jguiangSE333/src/test/resources
[INFO] 
[INFO] --- compiler:3.13.0:testCompile (default-testCompile) @ assignment6-ui ---
[INFO] Nothing to compile - all classes are up to date.
[INFO] 
[INFO] --- surefire:3.5.4:test (default-test) @ assignment6-ui ---
[INFO] Surefire report directory: /Users/jericho/Desktop/Assignment6jguiangSE333/target/surefire-reports
[INFO] Using auto detected provider org.apache.maven.surefire.junitplatform.JUnitPlatformProvider
[INFO] 
[INFO] -------------------------------------------------------
[INFO]  T E S T S
[INFO] -------------------------------------------------------
[INFO] Running playwrightTraditional.TestCaseBookstore
[ERROR] Tests run: 1, Failures: 0, Errors: 1, Skipped: 0, Time elapsed: 40.69 s <<< FAILURE! -- in playwrightTraditional.TestCaseBookstore
[ERROR] playwrightTraditional.TestCaseBookstore.testFullPurchaseFlow -- Time elapsed: 40.69 s <<< ERROR!
com.microsoft.playwright.TimeoutError: Timeout 30000ms exceeded
	at com.microsoft.playwright.impl.WaitableTimeout.get(WaitableTimeout.java:41)
	at com.microsoft.playwright.impl.WaitableRace.get(WaitableRace.java:44)
	at com.microsoft.playwright.impl.ChannelOwner.runUntil(ChannelOwner.java:132)
	at com.microsoft.playwright.impl.FrameImpl.waitForLoadStateImpl(FrameImpl.java:906)
	at com.microsoft.playwright.impl.FrameImpl.waitForLoadStateImpl(FrameImpl.java:891)
	at com.microsoft.playwright.impl.PageImpl.lambda$waitForLoadState$88(PageImpl.java:1442)
	at com.microsoft.playwright.impl.WaitForEventLogger.lambda$get$0(WaitForEventLogger.java:50)
	at com.microsoft.playwright.impl.LoggingSupport.withLogging(LoggingSupport.java:47)
	at com.microsoft.playwright.impl.ChannelOwner.withLogging(ChannelOwner.java:97)
	at com.microsoft.playwright.impl.WaitForEventLogger.get(WaitForEventLogger.java:41)
	at com.microsoft.playwright.impl.ChannelOwner.withWaitLogging(ChannelOwner.java:87)
	at com.microsoft.playwright.impl.PageImpl.waitForLoadState(PageImpl.java:1441)
	at com.microsoft.playwright.Page.waitForLoadState(Page.java:7805)
	at playwrightTraditional.BaseUITest.openHome(BaseUITest.java:46)
	at playwrightTraditional.TestCaseBookstore.testFullPurchaseFlow(TestCaseBookstore.java:12)
	at java.base/java.lang.reflect.Method.invoke(Method.java:580)
	at java.base/java.util.ArrayList.forEach(ArrayList.java:1597)
	at java.base/java.util.ArrayList.forEach(ArrayList.java:1597)

[INFO] 
[INFO] Results:
[INFO] 
[ERROR] Errors: 
[ERROR]   TestCaseBookstore.testFullPurchaseFlow:12->BaseUITest.openHome:46 » Timeout Timeout 30000ms exceeded
[INFO] 
[ERROR] Tests run: 1, Failures: 0, Errors: 1, Skipped: 0
[INFO] 
[INFO] ------------------------------------------------------------------------
[INFO] BUILD FAILURE
[INFO] ------------------------------------------------------------------------
[INFO] Total time:  41.194 s
[INFO] Finished at: 2025-11-11T04:05:05-06:00
[INFO] ------------------------------------------------------------------------
[ERROR] Failed to execute goal org.apache.maven.plugins:maven-surefire-plugin:3.5.4:test (default-test) on project assignment6-ui: 
[ERROR] 
[ERROR] See /Users/jericho/Desktop/Assignment6jguiangSE333/target/surefire-reports for the individual test results.
[ERROR] See dump files (if any exist) [date].dump, [date]-jvmRun[N].dump and [date].dumpstream.
[ERROR] -> [Help 1]
org.apache.maven.lifecycle.LifecycleExecutionException: Failed to execute goal org.apache.maven.plugins:maven-surefire-plugin:3.5.4:test (default-test) on project assignment6-ui: 

See /Users/jericho/Desktop/Assignment6jguiangSE333/target/surefire-reports for the individual test results.
See dump files (if any exist) [date].dump, [date]-jvmRun[N].dump and [date].dumpstream.
    at org.apache.maven.lifecycle.internal.MojoExecutor.doExecute2 (MojoExecutor.java:333)
    at org.apache.maven.lifecycle.internal.MojoExecutor.doExecute (MojoExecutor.java:316)
    at org.apache.maven.lifecycle.internal.MojoExecutor.execute (MojoExecutor.java:212)
    at org.apache.maven.lifecycle.internal.MojoExecutor.execute (MojoExecutor.java:174)
    at org.apache.maven.lifecycle.internal.MojoExecutor.access$000 (MojoExecutor.java:75)
    at org.apache.maven.lifecycle.internal.MojoExecutor$1.run (MojoExecutor.java:162)
    at org.apache.maven.plugin.DefaultMojosExecutionStrategy.execute (DefaultMojosExecutionStrategy.java:39)
    at org.apache.maven.lifecycle.internal.MojoExecutor.execute (MojoExecutor.java:159)
    at org.apache.maven.lifecycle.internal.LifecycleModuleBuilder.buildProject (LifecycleModuleBuilder.java:105)
    at org.apache.maven.lifecycle.internal.LifecycleModuleBuilder.buildProject (LifecycleModuleBuilder.java:73)
    at org.apache.maven.lifecycle.internal.builder.singlethreaded.SingleThreadedBuilder.build (SingleThreadedBuilder.java:53)
    at org.apache.maven.lifecycle.internal.LifecycleStarter.execute (LifecycleStarter.java:118)
    at org.apache.maven.DefaultMaven.doExecute (DefaultMaven.java:261)
    at org.apache.maven.DefaultMaven.doExecute (DefaultMaven.java:173)
    at org.apache.maven.DefaultMaven.execute (DefaultMaven.java:101)
    at org.apache.maven.cli.MavenCli.execute (MavenCli.java:906)
    at org.apache.maven.cli.MavenCli.doMain (MavenCli.java:283)
    at org.apache.maven.cli.MavenCli.main (MavenCli.java:206)
    at jdk.internal.reflect.DirectMethodHandleAccessor.invoke (DirectMethodHandleAccessor.java:103)
    at java.lang.reflect.Method.invoke (Method.java:580)
    at org.codehaus.plexus.classworlds.launcher.Launcher.launchEnhanced (Launcher.java:255)
    at org.codehaus.plexus.classworlds.launcher.Launcher.launch (Launcher.java:201)
    at org.codehaus.plexus.classworlds.launcher.Launcher.mainWithExitCode (Launcher.java:361)
    at org.codehaus.plexus.classworlds.launcher.Launcher.main (Launcher.java:314)
Caused by: org.apache.maven.plugin.MojoFailureException: 

See /Users/jericho/Desktop/Assignment6jguiangSE333/target/surefire-reports for the individual test results.
See dump files (if any exist) [date].dump, [date]-jvmRun[N].dump and [date].dumpstream.
    at org.apache.maven.plugin.surefire.SurefireHelper.throwException (SurefireHelper.java:247)
    at org.apache.maven.plugin.surefire.SurefireHelper.reportExecution (SurefireHelper.java:159)
    at org.apache.maven.plugin.surefire.SurefireMojo.handleSummary (SurefireMojo.java:547)
    at org.apache.maven.plugin.surefire.AbstractSurefireMojo.executeAfterPreconditionsChecked (AbstractSurefireMojo.java:1147)
    at org.apache.maven.plugin.surefire.AbstractSurefireMojo.execute (AbstractSurefireMojo.java:969)
    at org.apache.maven.plugin.DefaultBuildPluginManager.executeMojo (DefaultBuildPluginManager.java:126)
    at org.apache.maven.lifecycle.internal.MojoExecutor.doExecute2 (MojoExecutor.java:328)
    at org.apache.maven.lifecycle.internal.MojoExecutor.doExecute (MojoExecutor.java:316)
    at org.apache.maven.lifecycle.internal.MojoExecutor.execute (MojoExecutor.java:212)
    at org.apache.maven.lifecycle.internal.MojoExecutor.execute (MojoExecutor.java:174)
    at org.apache.maven.lifecycle.internal.MojoExecutor.access$000 (MojoExecutor.java:75)
    at org.apache.maven.lifecycle.internal.MojoExecutor$1.run (MojoExecutor.java:162)
    at org.apache.maven.plugin.DefaultMojosExecutionStrategy.execute (DefaultMojosExecutionStrategy.java:39)
    at org.apache.maven.lifecycle.internal.MojoExecutor.execute (MojoExecutor.java:159)
    at org.apache.maven.lifecycle.internal.LifecycleModuleBuilder.buildProject (LifecycleModuleBuilder.java:105)
    at org.apache.maven.lifecycle.internal.LifecycleModuleBuilder.buildProject (LifecycleModuleBuilder.java:73)
    at org.apache.maven.lifecycle.internal.builder.singlethreaded.SingleThreadedBuilder.build (SingleThreadedBuilder.java:53)
    at org.apache.maven.lifecycle.internal.LifecycleStarter.execute (LifecycleStarter.java:118)
    at org.apache.maven.DefaultMaven.doExecute (DefaultMaven.java:261)
    at org.apache.maven.DefaultMaven.doExecute (DefaultMaven.java:173)
    at org.apache.maven.DefaultMaven.execute (DefaultMaven.java:101)
    at org.apache.maven.cli.MavenCli.execute (MavenCli.java:906)
    at org.apache.maven.cli.MavenCli.doMain (MavenCli.java:283)
    at org.apache.maven.cli.MavenCli.main (MavenCli.java:206)
    at jdk.internal.reflect.DirectMethodHandleAccessor.invoke (DirectMethodHandleAccessor.java:103)
    at java.lang.reflect.Method.invoke (Method.java:580)
    at org.codehaus.plexus.classworlds.launcher.Launcher.launchEnhanced (Launcher.java:255)
    at org.codehaus.plexus.classworlds.launcher.Launcher.launch (Launcher.java:201)
    at org.codehaus.plexus.classworlds.launcher.Launcher.mainWithExitCode (Launcher.java:361)
    at org.codehaus.plexus.classworlds.launcher.Launcher.main (Launcher.java:314)
[ERROR] 
[ERROR] Re-run Maven using the -X switch to enable full debug logging.
[ERROR] 
[ERROR] For more information about the errors and possible solutions, please read the following articles:
[ERROR] [Help 1] http://cwiki.apache.org/confluence/display/MAVEN/MojoFailureException
[INFO] Error stacktraces are turned on.
[INFO] Scanning for projects...
[INFO] 
[INFO] ---------------------< org.example:assignment6-ui >---------------------
[INFO] Building assignment6-ui 1.0-SNAPSHOT
[INFO]   from pom.xml
[INFO] --------------------------------[ jar ]---------------------------------
[INFO] 
[INFO] --- resources:3.3.1:resources (default-resources) @ assignment6-ui ---
[INFO] Copying 0 resource from src/main/resources to target/classes
[INFO] 
[INFO] --- compiler:3.13.0:compile (default-compile) @ assignment6-ui ---
[INFO] Nothing to compile - all classes are up to date.
[INFO] 
[INFO] --- resources:3.3.1:testResources (default-testResources) @ assignment6-ui ---
[INFO] skip non existing resourceDirectory /Users/jericho/Desktop/Assignment6jguiangSE333/src/test/resources
[INFO] 
[INFO] --- compiler:3.13.0:testCompile (default-testCompile) @ assignment6-ui ---
[INFO] Nothing to compile - all classes are up to date.
[INFO] 
[INFO] --- surefire:3.5.4:test (default-test) @ assignment6-ui ---
[INFO] Surefire report directory: /Users/jericho/Desktop/Assignment6jguiangSE333/target/surefire-reports
[INFO] Using auto detected provider org.apache.maven.surefire.junitplatform.JUnitPlatformProvider
[INFO] 
[INFO] -------------------------------------------------------
[INFO]  T E S T S
[INFO] -------------------------------------------------------
[INFO] Running playwrightTraditional.TestCaseBookstore
[ERROR] Tests run: 1, Failures: 1, Errors: 0, Skipped: 0, Time elapsed: 21.66 s <<< FAILURE! -- in playwrightTraditional.TestCaseBookstore
[ERROR] playwrightTraditional.TestCaseBookstore.testFullPurchaseFlow -- Time elapsed: 21.65 s <<< FAILURE!
org.opentest4j.AssertionFailedError: SKU missing ==> expected: <true> but was: <false>
	at org.junit.jupiter.api.AssertionFailureBuilder.build(AssertionFailureBuilder.java:151)
	at org.junit.jupiter.api.AssertionFailureBuilder.buildAndThrow(AssertionFailureBuilder.java:132)
	at org.junit.jupiter.api.AssertTrue.failNotTrue(AssertTrue.java:63)
	at org.junit.jupiter.api.AssertTrue.assertTrue(AssertTrue.java:36)
	at org.junit.jupiter.api.Assertions.assertTrue(Assertions.java:214)
	at playwrightTraditional.BaseUITest.assertProductDetailBasics(BaseUITest.java:236)
	at playwrightTraditional.TestCaseBookstore.testFullPurchaseFlow(TestCaseBookstore.java:31)
	at java.base/java.lang.reflect.Method.invoke(Method.java:580)
	at java.base/java.util.ArrayList.forEach(ArrayList.java:1597)
	at java.base/java.util.ArrayList.forEach(ArrayList.java:1597)

[INFO] 
[INFO] Results:
[INFO] 
[ERROR] Failures: 
[ERROR]   TestCaseBookstore.testFullPurchaseFlow:31->BaseUITest.assertProductDetailBasics:236 SKU missing ==> expected: <true> but was: <false>
[INFO] 
[ERROR] Tests run: 1, Failures: 1, Errors: 0, Skipped: 0
[INFO] 
[INFO] ------------------------------------------------------------------------
[INFO] BUILD FAILURE
[INFO] ------------------------------------------------------------------------
[INFO] Total time:  22.216 s
[INFO] Finished at: 2025-11-11T04:05:50-06:00
[INFO] ------------------------------------------------------------------------
[ERROR] Failed to execute goal org.apache.maven.plugins:maven-surefire-plugin:3.5.4:test (default-test) on project assignment6-ui: There are test failures.
[ERROR] 
[ERROR] See /Users/jericho/Desktop/Assignment6jguiangSE333/target/surefire-reports for the individual test results.
[ERROR] See dump files (if any exist) [date].dump, [date]-jvmRun[N].dump and [date].dumpstream.
[ERROR] -> [Help 1]
org.apache.maven.lifecycle.LifecycleExecutionException: Failed to execute goal org.apache.maven.plugins:maven-surefire-plugin:3.5.4:test (default-test) on project assignment6-ui: There are test failures.

See /Users/jericho/Desktop/Assignment6jguiangSE333/target/surefire-reports for the individual test results.
See dump files (if any exist) [date].dump, [date]-jvmRun[N].dump and [date].dumpstream.
    at org.apache.maven.lifecycle.internal.MojoExecutor.doExecute2 (MojoExecutor.java:333)
    at org.apache.maven.lifecycle.internal.MojoExecutor.doExecute (MojoExecutor.java:316)
    at org.apache.maven.lifecycle.internal.MojoExecutor.execute (MojoExecutor.java:212)
    at org.apache.maven.lifecycle.internal.MojoExecutor.execute (MojoExecutor.java:174)
    at org.apache.maven.lifecycle.internal.MojoExecutor.access$000 (MojoExecutor.java:75)
    at org.apache.maven.lifecycle.internal.MojoExecutor$1.run (MojoExecutor.java:162)
    at org.apache.maven.plugin.DefaultMojosExecutionStrategy.execute (DefaultMojosExecutionStrategy.java:39)
    at org.apache.maven.lifecycle.internal.MojoExecutor.execute (MojoExecutor.java:159)
    at org.apache.maven.lifecycle.internal.LifecycleModuleBuilder.buildProject (LifecycleModuleBuilder.java:105)
    at org.apache.maven.lifecycle.internal.LifecycleModuleBuilder.buildProject (LifecycleModuleBuilder.java:73)
    at org.apache.maven.lifecycle.internal.builder.singlethreaded.SingleThreadedBuilder.build (SingleThreadedBuilder.java:53)
    at org.apache.maven.lifecycle.internal.LifecycleStarter.execute (LifecycleStarter.java:118)
    at org.apache.maven.DefaultMaven.doExecute (DefaultMaven.java:261)
    at org.apache.maven.DefaultMaven.doExecute (DefaultMaven.java:173)
    at org.apache.maven.DefaultMaven.execute (DefaultMaven.java:101)
    at org.apache.maven.cli.MavenCli.execute (MavenCli.java:906)
    at org.apache.maven.cli.MavenCli.doMain (MavenCli.java:283)
    at org.apache.maven.cli.MavenCli.main (MavenCli.java:206)
    at jdk.internal.reflect.DirectMethodHandleAccessor.invoke (DirectMethodHandleAccessor.java:103)
    at java.lang.reflect.Method.invoke (Method.java:580)
    at org.codehaus.plexus.classworlds.launcher.Launcher.launchEnhanced (Launcher.java:255)
    at org.codehaus.plexus.classworlds.launcher.Launcher.launch (Launcher.java:201)
    at org.codehaus.plexus.classworlds.launcher.Launcher.mainWithExitCode (Launcher.java:361)
    at org.codehaus.plexus.classworlds.launcher.Launcher.main (Launcher.java:314)
Caused by: org.apache.maven.plugin.MojoFailureException: There are test failures.

See /Users/jericho/Desktop/Assignment6jguiangSE333/target/surefire-reports for the individual test results.
See dump files (if any exist) [date].dump, [date]-jvmRun[N].dump and [date].dumpstream.
    at org.apache.maven.plugin.surefire.SurefireHelper.throwException (SurefireHelper.java:247)
    at org.apache.maven.plugin.surefire.SurefireHelper.reportExecution (SurefireHelper.java:159)
    at org.apache.maven.plugin.surefire.SurefireMojo.handleSummary (SurefireMojo.java:547)
    at org.apache.maven.plugin.surefire.AbstractSurefireMojo.executeAfterPreconditionsChecked (AbstractSurefireMojo.java:1147)
    at org.apache.maven.plugin.surefire.AbstractSurefireMojo.execute (AbstractSurefireMojo.java:969)
    at org.apache.maven.plugin.DefaultBuildPluginManager.executeMojo (DefaultBuildPluginManager.java:126)
    at org.apache.maven.lifecycle.internal.MojoExecutor.doExecute2 (MojoExecutor.java:328)
    at org.apache.maven.lifecycle.internal.MojoExecutor.doExecute (MojoExecutor.java:316)
    at org.apache.maven.lifecycle.internal.MojoExecutor.execute (MojoExecutor.java:212)
    at org.apache.maven.lifecycle.internal.MojoExecutor.execute (MojoExecutor.java:174)
    at org.apache.maven.lifecycle.internal.MojoExecutor.access$000 (MojoExecutor.java:75)
    at org.apache.maven.lifecycle.internal.MojoExecutor$1.run (MojoExecutor.java:162)
    at org.apache.maven.plugin.DefaultMojosExecutionStrategy.execute (DefaultMojosExecutionStrategy.java:39)
    at org.apache.maven.lifecycle.internal.MojoExecutor.execute (MojoExecutor.java:159)
    at org.apache.maven.lifecycle.internal.LifecycleModuleBuilder.buildProject (LifecycleModuleBuilder.java:105)
    at org.apache.maven.lifecycle.internal.LifecycleModuleBuilder.buildProject (LifecycleModuleBuilder.java:73)
    at org.apache.maven.lifecycle.internal.builder.singlethreaded.SingleThreadedBuilder.build (SingleThreadedBuilder.java:53)
    at org.apache.maven.lifecycle.internal.LifecycleStarter.execute (LifecycleStarter.java:118)
    at org.apache.maven.DefaultMaven.doExecute (DefaultMaven.java:261)
    at org.apache.maven.DefaultMaven.doExecute (DefaultMaven.java:173)
    at org.apache.maven.DefaultMaven.execute (DefaultMaven.java:101)
    at org.apache.maven.cli.MavenCli.execute (MavenCli.java:906)
    at org.apache.maven.cli.MavenCli.doMain (MavenCli.java:283)
    at org.apache.maven.cli.MavenCli.main (MavenCli.java:206)
    at jdk.internal.reflect.DirectMethodHandleAccessor.invoke (DirectMethodHandleAccessor.java:103)
    at java.lang.reflect.Method.invoke (Method.java:580)
    at org.codehaus.plexus.classworlds.launcher.Launcher.launchEnhanced (Launcher.java:255)
    at org.codehaus.plexus.classworlds.launcher.Launcher.launch (Launcher.java:201)
    at org.codehaus.plexus.classworlds.launcher.Launcher.mainWithExitCode (Launcher.java:361)
    at org.codehaus.plexus.classworlds.launcher.Launcher.main (Launcher.java:314)
[ERROR] 
[ERROR] Re-run Maven using the -X switch to enable full debug logging.
[ERROR] 
[ERROR] For more information about the errors and possible solutions, please read the following articles:
[ERROR] [Help 1] http://cwiki.apache.org/confluence/display/MAVEN/MojoFailureException
[INFO] Error stacktraces are turned on.
[INFO] Scanning for projects...
[INFO] 
[INFO] ---------------------< org.example:assignment6-ui >---------------------
[INFO] Building assignment6-ui 1.0-SNAPSHOT
[INFO]   from pom.xml
[INFO] --------------------------------[ jar ]---------------------------------
[INFO] 
[INFO] --- resources:3.3.1:resources (default-resources) @ assignment6-ui ---
[INFO] Copying 0 resource from src/main/resources to target/classes
[INFO] 
[INFO] --- compiler:3.13.0:compile (default-compile) @ assignment6-ui ---
[INFO] Nothing to compile - all classes are up to date.
[INFO] 
[INFO] --- resources:3.3.1:testResources (default-testResources) @ assignment6-ui ---
[INFO] skip non existing resourceDirectory /Users/jericho/Desktop/Assignment6jguiangSE333/src/test/resources
[INFO] 
[INFO] --- compiler:3.13.0:testCompile (default-testCompile) @ assignment6-ui ---
[INFO] Nothing to compile - all classes are up to date.
[INFO] 
[INFO] --- surefire:3.5.4:test (default-test) @ assignment6-ui ---
[INFO] Surefire report directory: /Users/jericho/Desktop/Assignment6jguiangSE333/target/surefire-reports
[INFO] Using auto detected provider org.apache.maven.surefire.junitplatform.JUnitPlatformProvider
[INFO] 
[INFO] -------------------------------------------------------
[INFO]  T E S T S
[INFO] -------------------------------------------------------
[INFO] Running playwrightTraditional.TestCaseBookstore
[ERROR] Tests run: 1, Failures: 1, Errors: 0, Skipped: 0, Time elapsed: 9.427 s <<< FAILURE! -- in playwrightTraditional.TestCaseBookstore
[ERROR] playwrightTraditional.TestCaseBookstore.testFullPurchaseFlow -- Time elapsed: 9.418 s <<< FAILURE!
org.opentest4j.AssertionFailedError: Product link not found after filters ==> expected: <true> but was: <false>
	at org.junit.jupiter.api.AssertionFailureBuilder.build(AssertionFailureBuilder.java:151)
	at org.junit.jupiter.api.AssertionFailureBuilder.buildAndThrow(AssertionFailureBuilder.java:132)
	at org.junit.jupiter.api.AssertTrue.failNotTrue(AssertTrue.java:63)
	at org.junit.jupiter.api.AssertTrue.assertTrue(AssertTrue.java:36)
	at org.junit.jupiter.api.Assertions.assertTrue(Assertions.java:214)
	at playwrightTraditional.BaseUITest.openEarbudsAFromResults(BaseUITest.java:195)
	at playwrightTraditional.TestCaseBookstore.testFullPurchaseFlow(TestCaseBookstore.java:28)
	at java.base/java.lang.reflect.Method.invoke(Method.java:580)
	at java.base/java.util.ArrayList.forEach(ArrayList.java:1597)
	at java.base/java.util.ArrayList.forEach(ArrayList.java:1597)

[INFO] 
[INFO] Results:
[INFO] 
[ERROR] Failures: 
[ERROR]   TestCaseBookstore.testFullPurchaseFlow:28->BaseUITest.openEarbudsAFromResults:195 Product link not found after filters ==> expected: <true> but was: <false>
[INFO] 
[ERROR] Tests run: 1, Failures: 1, Errors: 0, Skipped: 0
[INFO] 
[INFO] ------------------------------------------------------------------------
[INFO] BUILD FAILURE
[INFO] ------------------------------------------------------------------------
[INFO] Total time:  9.952 s
[INFO] Finished at: 2025-11-11T04:06:31-06:00
[INFO] ------------------------------------------------------------------------
[ERROR] Failed to execute goal org.apache.maven.plugins:maven-surefire-plugin:3.5.4:test (default-test) on project assignment6-ui: There are test failures.
[ERROR] 
[ERROR] See /Users/jericho/Desktop/Assignment6jguiangSE333/target/surefire-reports for the individual test results.
[ERROR] See dump files (if any exist) [date].dump, [date]-jvmRun[N].dump and [date].dumpstream.
[ERROR] -> [Help 1]
org.apache.maven.lifecycle.LifecycleExecutionException: Failed to execute goal org.apache.maven.plugins:maven-surefire-plugin:3.5.4:test (default-test) on project assignment6-ui: There are test failures.

See /Users/jericho/Desktop/Assignment6jguiangSE333/target/surefire-reports for the individual test results.
See dump files (if any exist) [date].dump, [date]-jvmRun[N].dump and [date].dumpstream.
    at org.apache.maven.lifecycle.internal.MojoExecutor.doExecute2 (MojoExecutor.java:333)
    at org.apache.maven.lifecycle.internal.MojoExecutor.doExecute (MojoExecutor.java:316)
    at org.apache.maven.lifecycle.internal.MojoExecutor.execute (MojoExecutor.java:212)
    at org.apache.maven.lifecycle.internal.MojoExecutor.execute (MojoExecutor.java:174)
    at org.apache.maven.lifecycle.internal.MojoExecutor.access$000 (MojoExecutor.java:75)
    at org.apache.maven.lifecycle.internal.MojoExecutor$1.run (MojoExecutor.java:162)
    at org.apache.maven.plugin.DefaultMojosExecutionStrategy.execute (DefaultMojosExecutionStrategy.java:39)
    at org.apache.maven.lifecycle.internal.MojoExecutor.execute (MojoExecutor.java:159)
    at org.apache.maven.lifecycle.internal.LifecycleModuleBuilder.buildProject (LifecycleModuleBuilder.java:105)
    at org.apache.maven.lifecycle.internal.LifecycleModuleBuilder.buildProject (LifecycleModuleBuilder.java:73)
    at org.apache.maven.lifecycle.internal.builder.singlethreaded.SingleThreadedBuilder.build (SingleThreadedBuilder.java:53)
    at org.apache.maven.lifecycle.internal.LifecycleStarter.execute (LifecycleStarter.java:118)
    at org.apache.maven.DefaultMaven.doExecute (DefaultMaven.java:261)
    at org.apache.maven.DefaultMaven.doExecute (DefaultMaven.java:173)
    at org.apache.maven.DefaultMaven.execute (DefaultMaven.java:101)
    at org.apache.maven.cli.MavenCli.execute (MavenCli.java:906)
    at org.apache.maven.cli.MavenCli.doMain (MavenCli.java:283)
    at org.apache.maven.cli.MavenCli.main (MavenCli.java:206)
    at jdk.internal.reflect.DirectMethodHandleAccessor.invoke (DirectMethodHandleAccessor.java:103)
    at java.lang.reflect.Method.invoke (Method.java:580)
    at org.codehaus.plexus.classworlds.launcher.Launcher.launchEnhanced (Launcher.java:255)
    at org.codehaus.plexus.classworlds.launcher.Launcher.launch (Launcher.java:201)
    at org.codehaus.plexus.classworlds.launcher.Launcher.mainWithExitCode (Launcher.java:361)
    at org.codehaus.plexus.classworlds.launcher.Launcher.main (Launcher.java:314)
Caused by: org.apache.maven.plugin.MojoFailureException: There are test failures.

See /Users/jericho/Desktop/Assignment6jguiangSE333/target/surefire-reports for the individual test results.
See dump files (if any exist) [date].dump, [date]-jvmRun[N].dump and [date].dumpstream.
    at org.apache.maven.plugin.surefire.SurefireHelper.throwException (SurefireHelper.java:247)
    at org.apache.maven.plugin.surefire.SurefireHelper.reportExecution (SurefireHelper.java:159)
    at org.apache.maven.plugin.surefire.SurefireMojo.handleSummary (SurefireMojo.java:547)
    at org.apache.maven.plugin.surefire.AbstractSurefireMojo.executeAfterPreconditionsChecked (AbstractSurefireMojo.java:1147)
    at org.apache.maven.plugin.surefire.AbstractSurefireMojo.execute (AbstractSurefireMojo.java:969)
    at org.apache.maven.plugin.DefaultBuildPluginManager.executeMojo (DefaultBuildPluginManager.java:126)
    at org.apache.maven.lifecycle.internal.MojoExecutor.doExecute2 (MojoExecutor.java:328)
    at org.apache.maven.lifecycle.internal.MojoExecutor.doExecute (MojoExecutor.java:316)
    at org.apache.maven.lifecycle.internal.MojoExecutor.execute (MojoExecutor.java:212)
    at org.apache.maven.lifecycle.internal.MojoExecutor.execute (MojoExecutor.java:174)
    at org.apache.maven.lifecycle.internal.MojoExecutor.access$000 (MojoExecutor.java:75)
    at org.apache.maven.lifecycle.internal.MojoExecutor$1.run (MojoExecutor.java:162)
    at org.apache.maven.plugin.DefaultMojosExecutionStrategy.execute (DefaultMojosExecutionStrategy.java:39)
    at org.apache.maven.lifecycle.internal.MojoExecutor.execute (MojoExecutor.java:159)
    at org.apache.maven.lifecycle.internal.LifecycleModuleBuilder.buildProject (LifecycleModuleBuilder.java:105)
    at org.apache.maven.lifecycle.internal.LifecycleModuleBuilder.buildProject (LifecycleModuleBuilder.java:73)
    at org.apache.maven.lifecycle.internal.builder.singlethreaded.SingleThreadedBuilder.build (SingleThreadedBuilder.java:53)
    at org.apache.maven.lifecycle.internal.LifecycleStarter.execute (LifecycleStarter.java:118)
    at org.apache.maven.DefaultMaven.doExecute (DefaultMaven.java:261)
    at org.apache.maven.DefaultMaven.doExecute (DefaultMaven.java:173)
    at org.apache.maven.DefaultMaven.execute (DefaultMaven.java:101)
    at org.apache.maven.cli.MavenCli.execute (MavenCli.java:906)
    at org.apache.maven.cli.MavenCli.doMain (MavenCli.java:283)
    at org.apache.maven.cli.MavenCli.main (MavenCli.java:206)
    at jdk.internal.reflect.DirectMethodHandleAccessor.invoke (DirectMethodHandleAccessor.java:103)
    at java.lang.reflect.Method.invoke (Method.java:580)
    at org.codehaus.plexus.classworlds.launcher.Launcher.launchEnhanced (Launcher.java:255)
    at org.codehaus.plexus.classworlds.launcher.Launcher.launch (Launcher.java:201)
    at org.codehaus.plexus.classworlds.launcher.Launcher.mainWithExitCode (Launcher.java:361)
    at org.codehaus.plexus.classworlds.launcher.Launcher.main (Launcher.java:314)
[ERROR] 
[ERROR] Re-run Maven using the -X switch to enable full debug logging.
[ERROR] 
[ERROR] For more information about the errors and possible solutions, please read the following articles:
[ERROR] [Help 1] http://cwiki.apache.org/confluence/display/MAVEN/MojoFailureException
[INFO] Error stacktraces are turned on.
[INFO] Scanning for projects...
[INFO] 
[INFO] ---------------------< org.example:assignment6-ui >---------------------
[INFO] Building assignment6-ui 1.0-SNAPSHOT
[INFO]   from pom.xml
[INFO] --------------------------------[ jar ]---------------------------------
[INFO] 
[INFO] --- resources:3.3.1:resources (default-resources) @ assignment6-ui ---
[INFO] Copying 0 resource from src/main/resources to target/classes
[INFO] 
[INFO] --- compiler:3.13.0:compile (default-compile) @ assignment6-ui ---
[INFO] Nothing to compile - all classes are up to date.
[INFO] 
[INFO] --- resources:3.3.1:testResources (default-testResources) @ assignment6-ui ---
[INFO] skip non existing resourceDirectory /Users/jericho/Desktop/Assignment6jguiangSE333/src/test/resources
[INFO] 
[INFO] --- compiler:3.13.0:testCompile (default-testCompile) @ assignment6-ui ---
[INFO] Nothing to compile - all classes are up to date.
[INFO] 
[INFO] --- surefire:3.5.4:test (default-test) @ assignment6-ui ---
[INFO] Surefire report directory: /Users/jericho/Desktop/Assignment6jguiangSE333/target/surefire-reports
[INFO] Using auto detected provider org.apache.maven.surefire.junitplatform.JUnitPlatformProvider
[INFO] 
[INFO] -------------------------------------------------------
[INFO]  T E S T S
[INFO] -------------------------------------------------------
[INFO] Running playwrightTraditional.TestCaseBookstore
[ERROR] Tests run: 1, Failures: 1, Errors: 0, Skipped: 0, Time elapsed: 22.16 s <<< FAILURE! -- in playwrightTraditional.TestCaseBookstore
[ERROR] playwrightTraditional.TestCaseBookstore.testFullPurchaseFlow -- Time elapsed: 22.16 s <<< FAILURE!
org.opentest4j.AssertionFailedError: Product link not found after filters ==> expected: <true> but was: <false>
	at org.junit.jupiter.api.AssertionFailureBuilder.build(AssertionFailureBuilder.java:151)
	at org.junit.jupiter.api.AssertionFailureBuilder.buildAndThrow(AssertionFailureBuilder.java:132)
	at org.junit.jupiter.api.AssertTrue.failNotTrue(AssertTrue.java:63)
	at org.junit.jupiter.api.AssertTrue.assertTrue(AssertTrue.java:36)
	at org.junit.jupiter.api.Assertions.assertTrue(Assertions.java:214)
	at playwrightTraditional.BaseUITest.openEarbudsAFromResults(BaseUITest.java:245)
	at playwrightTraditional.TestCaseBookstore.testFullPurchaseFlow(TestCaseBookstore.java:28)
	at java.base/java.lang.reflect.Method.invoke(Method.java:580)
	at java.base/java.util.ArrayList.forEach(ArrayList.java:1597)
	at java.base/java.util.ArrayList.forEach(ArrayList.java:1597)

[INFO] 
[INFO] Results:
[INFO] 
[ERROR] Failures: 
[ERROR]   TestCaseBookstore.testFullPurchaseFlow:28->BaseUITest.openEarbudsAFromResults:245 Product link not found after filters ==> expected: <true> but was: <false>
[INFO] 
[ERROR] Tests run: 1, Failures: 1, Errors: 0, Skipped: 0
[INFO] 
[INFO] ------------------------------------------------------------------------
[INFO] BUILD FAILURE
[INFO] ------------------------------------------------------------------------
[INFO] Total time:  22.689 s
[INFO] Finished at: 2025-11-11T10:11:04-06:00
[INFO] ------------------------------------------------------------------------
[ERROR] Failed to execute goal org.apache.maven.plugins:maven-surefire-plugin:3.5.4:test (default-test) on project assignment6-ui: There are test failures.
[ERROR] 
[ERROR] See /Users/jericho/Desktop/Assignment6jguiangSE333/target/surefire-reports for the individual test results.
[ERROR] See dump files (if any exist) [date].dump, [date]-jvmRun[N].dump and [date].dumpstream.
[ERROR] -> [Help 1]
org.apache.maven.lifecycle.LifecycleExecutionException: Failed to execute goal org.apache.maven.plugins:maven-surefire-plugin:3.5.4:test (default-test) on project assignment6-ui: There are test failures.

See /Users/jericho/Desktop/Assignment6jguiangSE333/target/surefire-reports for the individual test results.
See dump files (if any exist) [date].dump, [date]-jvmRun[N].dump and [date].dumpstream.
    at org.apache.maven.lifecycle.internal.MojoExecutor.doExecute2 (MojoExecutor.java:333)
    at org.apache.maven.lifecycle.internal.MojoExecutor.doExecute (MojoExecutor.java:316)
    at org.apache.maven.lifecycle.internal.MojoExecutor.execute (MojoExecutor.java:212)
    at org.apache.maven.lifecycle.internal.MojoExecutor.execute (MojoExecutor.java:174)
    at org.apache.maven.lifecycle.internal.MojoExecutor.access$000 (MojoExecutor.java:75)
    at org.apache.maven.lifecycle.internal.MojoExecutor$1.run (MojoExecutor.java:162)
    at org.apache.maven.plugin.DefaultMojosExecutionStrategy.execute (DefaultMojosExecutionStrategy.java:39)
    at org.apache.maven.lifecycle.internal.MojoExecutor.execute (MojoExecutor.java:159)
    at org.apache.maven.lifecycle.internal.LifecycleModuleBuilder.buildProject (LifecycleModuleBuilder.java:105)
    at org.apache.maven.lifecycle.internal.LifecycleModuleBuilder.buildProject (LifecycleModuleBuilder.java:73)
    at org.apache.maven.lifecycle.internal.builder.singlethreaded.SingleThreadedBuilder.build (SingleThreadedBuilder.java:53)
    at org.apache.maven.lifecycle.internal.LifecycleStarter.execute (LifecycleStarter.java:118)
    at org.apache.maven.DefaultMaven.doExecute (DefaultMaven.java:261)
    at org.apache.maven.DefaultMaven.doExecute (DefaultMaven.java:173)
    at org.apache.maven.DefaultMaven.execute (DefaultMaven.java:101)
    at org.apache.maven.cli.MavenCli.execute (MavenCli.java:906)
    at org.apache.maven.cli.MavenCli.doMain (MavenCli.java:283)
    at org.apache.maven.cli.MavenCli.main (MavenCli.java:206)
    at jdk.internal.reflect.DirectMethodHandleAccessor.invoke (DirectMethodHandleAccessor.java:103)
    at java.lang.reflect.Method.invoke (Method.java:580)
    at org.codehaus.plexus.classworlds.launcher.Launcher.launchEnhanced (Launcher.java:255)
    at org.codehaus.plexus.classworlds.launcher.Launcher.launch (Launcher.java:201)
    at org.codehaus.plexus.classworlds.launcher.Launcher.mainWithExitCode (Launcher.java:361)
    at org.codehaus.plexus.classworlds.launcher.Launcher.main (Launcher.java:314)
Caused by: org.apache.maven.plugin.MojoFailureException: There are test failures.

See /Users/jericho/Desktop/Assignment6jguiangSE333/target/surefire-reports for the individual test results.
See dump files (if any exist) [date].dump, [date]-jvmRun[N].dump and [date].dumpstream.
    at org.apache.maven.plugin.surefire.SurefireHelper.throwException (SurefireHelper.java:247)
    at org.apache.maven.plugin.surefire.SurefireHelper.reportExecution (SurefireHelper.java:159)
    at org.apache.maven.plugin.surefire.SurefireMojo.handleSummary (SurefireMojo.java:547)
    at org.apache.maven.plugin.surefire.AbstractSurefireMojo.executeAfterPreconditionsChecked (AbstractSurefireMojo.java:1147)
    at org.apache.maven.plugin.surefire.AbstractSurefireMojo.execute (AbstractSurefireMojo.java:969)
    at org.apache.maven.plugin.DefaultBuildPluginManager.executeMojo (DefaultBuildPluginManager.java:126)
    at org.apache.maven.lifecycle.internal.MojoExecutor.doExecute2 (MojoExecutor.java:328)
    at org.apache.maven.lifecycle.internal.MojoExecutor.doExecute (MojoExecutor.java:316)
    at org.apache.maven.lifecycle.internal.MojoExecutor.execute (MojoExecutor.java:212)
    at org.apache.maven.lifecycle.internal.MojoExecutor.execute (MojoExecutor.java:174)
    at org.apache.maven.lifecycle.internal.MojoExecutor.access$000 (MojoExecutor.java:75)
    at org.apache.maven.lifecycle.internal.MojoExecutor$1.run (MojoExecutor.java:162)
    at org.apache.maven.plugin.DefaultMojosExecutionStrategy.execute (DefaultMojosExecutionStrategy.java:39)
    at org.apache.maven.lifecycle.internal.MojoExecutor.execute (MojoExecutor.java:159)
    at org.apache.maven.lifecycle.internal.LifecycleModuleBuilder.buildProject (LifecycleModuleBuilder.java:105)
    at org.apache.maven.lifecycle.internal.LifecycleModuleBuilder.buildProject (LifecycleModuleBuilder.java:73)
    at org.apache.maven.lifecycle.internal.builder.singlethreaded.SingleThreadedBuilder.build (SingleThreadedBuilder.java:53)
    at org.apache.maven.lifecycle.internal.LifecycleStarter.execute (LifecycleStarter.java:118)
    at org.apache.maven.DefaultMaven.doExecute (DefaultMaven.java:261)
    at org.apache.maven.DefaultMaven.doExecute (DefaultMaven.java:173)
    at org.apache.maven.DefaultMaven.execute (DefaultMaven.java:101)
    at org.apache.maven.cli.MavenCli.execute (MavenCli.java:906)
    at org.apache.maven.cli.MavenCli.doMain (MavenCli.java:283)
    at org.apache.maven.cli.MavenCli.main (MavenCli.java:206)
    at jdk.internal.reflect.DirectMethodHandleAccessor.invoke (DirectMethodHandleAccessor.java:103)
    at java.lang.reflect.Method.invoke (Method.java:580)
    at org.codehaus.plexus.classworlds.launcher.Launcher.launchEnhanced (Launcher.java:255)
    at org.codehaus.plexus.classworlds.launcher.Launcher.launch (Launcher.java:201)
    at org.codehaus.plexus.classworlds.launcher.Launcher.mainWithExitCode (Launcher.java:361)
    at org.codehaus.plexus.classworlds.launcher.Launcher.main (Launcher.java:314)
[ERROR] 
[ERROR] Re-run Maven using the -X switch to enable full debug logging.
[ERROR] 
[ERROR] For more information about the errors and possible solutions, please read the following articles:
[ERROR] [Help 1] http://cwiki.apache.org/confluence/display/MAVEN/MojoFailureException
[INFO] Error stacktraces are turned on.
[INFO] Scanning for projects...
[INFO] 
[INFO] ---------------------< org.example:assignment6-ui >---------------------
[INFO] Building assignment6-ui 1.0-SNAPSHOT
[INFO]   from pom.xml
[INFO] --------------------------------[ jar ]---------------------------------
[INFO] 
[INFO] --- resources:3.3.1:resources (default-resources) @ assignment6-ui ---
[INFO] Copying 0 resource from src/main/resources to target/classes
[INFO] 
[INFO] --- compiler:3.13.0:compile (default-compile) @ assignment6-ui ---
[INFO] Nothing to compile - all classes are up to date.
[INFO] 
[INFO] --- resources:3.3.1:testResources (default-testResources) @ assignment6-ui ---
[INFO] skip non existing resourceDirectory /Users/jericho/Desktop/Assignment6jguiangSE333/src/test/resources
[INFO] 
[INFO] --- compiler:3.13.0:testCompile (default-testCompile) @ assignment6-ui ---
[INFO] Nothing to compile - all classes are up to date.
[INFO] 
[INFO] --- surefire:3.5.4:test (default-test) @ assignment6-ui ---
[INFO] Surefire report directory: /Users/jericho/Desktop/Assignment6jguiangSE333/target/surefire-reports
[INFO] Using auto detected provider org.apache.maven.surefire.junitplatform.JUnitPlatformProvider
[INFO] 
[INFO] -------------------------------------------------------
[INFO]  T E S T S
[INFO] -------------------------------------------------------
[INFO] Running playwrightTraditional.TestCaseBookstore
[ERROR] Tests run: 1, Failures: 1, Errors: 0, Skipped: 0, Time elapsed: 20.11 s <<< FAILURE! -- in playwrightTraditional.TestCaseBookstore
[ERROR] playwrightTraditional.TestCaseBookstore.testFullPurchaseFlow -- Time elapsed: 20.10 s <<< FAILURE!
org.opentest4j.AssertionFailedError: SKU missing ==> expected: <true> but was: <false>
	at org.junit.jupiter.api.AssertionFailureBuilder.build(AssertionFailureBuilder.java:151)
	at org.junit.jupiter.api.AssertionFailureBuilder.buildAndThrow(AssertionFailureBuilder.java:132)
	at org.junit.jupiter.api.AssertTrue.failNotTrue(AssertTrue.java:63)
	at org.junit.jupiter.api.AssertTrue.assertTrue(AssertTrue.java:36)
	at org.junit.jupiter.api.Assertions.assertTrue(Assertions.java:214)
	at playwrightTraditional.BaseUITest.assertProductDetailBasics(BaseUITest.java:291)
	at playwrightTraditional.TestCaseBookstore.testFullPurchaseFlow(TestCaseBookstore.java:31)
	at java.base/java.lang.reflect.Method.invoke(Method.java:580)
	at java.base/java.util.ArrayList.forEach(ArrayList.java:1597)
	at java.base/java.util.ArrayList.forEach(ArrayList.java:1597)

[INFO] 
[INFO] Results:
[INFO] 
[ERROR] Failures: 
[ERROR]   TestCaseBookstore.testFullPurchaseFlow:31->BaseUITest.assertProductDetailBasics:291 SKU missing ==> expected: <true> but was: <false>
[INFO] 
[ERROR] Tests run: 1, Failures: 1, Errors: 0, Skipped: 0
[INFO] 
[INFO] ------------------------------------------------------------------------
[INFO] BUILD FAILURE
[INFO] ------------------------------------------------------------------------
[INFO] Total time:  20.639 s
[INFO] Finished at: 2025-11-11T10:12:04-06:00
[INFO] ------------------------------------------------------------------------
[ERROR] Failed to execute goal org.apache.maven.plugins:maven-surefire-plugin:3.5.4:test (default-test) on project assignment6-ui: There are test failures.
[ERROR] 
[ERROR] See /Users/jericho/Desktop/Assignment6jguiangSE333/target/surefire-reports for the individual test results.
[ERROR] See dump files (if any exist) [date].dump, [date]-jvmRun[N].dump and [date].dumpstream.
[ERROR] -> [Help 1]
org.apache.maven.lifecycle.LifecycleExecutionException: Failed to execute goal org.apache.maven.plugins:maven-surefire-plugin:3.5.4:test (default-test) on project assignment6-ui: There are test failures.

See /Users/jericho/Desktop/Assignment6jguiangSE333/target/surefire-reports for the individual test results.
See dump files (if any exist) [date].dump, [date]-jvmRun[N].dump and [date].dumpstream.
    at org.apache.maven.lifecycle.internal.MojoExecutor.doExecute2 (MojoExecutor.java:333)
    at org.apache.maven.lifecycle.internal.MojoExecutor.doExecute (MojoExecutor.java:316)
    at org.apache.maven.lifecycle.internal.MojoExecutor.execute (MojoExecutor.java:212)
    at org.apache.maven.lifecycle.internal.MojoExecutor.execute (MojoExecutor.java:174)
    at org.apache.maven.lifecycle.internal.MojoExecutor.access$000 (MojoExecutor.java:75)
    at org.apache.maven.lifecycle.internal.MojoExecutor$1.run (MojoExecutor.java:162)
    at org.apache.maven.plugin.DefaultMojosExecutionStrategy.execute (DefaultMojosExecutionStrategy.java:39)
    at org.apache.maven.lifecycle.internal.MojoExecutor.execute (MojoExecutor.java:159)
    at org.apache.maven.lifecycle.internal.LifecycleModuleBuilder.buildProject (LifecycleModuleBuilder.java:105)
    at org.apache.maven.lifecycle.internal.LifecycleModuleBuilder.buildProject (LifecycleModuleBuilder.java:73)
    at org.apache.maven.lifecycle.internal.builder.singlethreaded.SingleThreadedBuilder.build (SingleThreadedBuilder.java:53)
    at org.apache.maven.lifecycle.internal.LifecycleStarter.execute (LifecycleStarter.java:118)
    at org.apache.maven.DefaultMaven.doExecute (DefaultMaven.java:261)
    at org.apache.maven.DefaultMaven.doExecute (DefaultMaven.java:173)
    at org.apache.maven.DefaultMaven.execute (DefaultMaven.java:101)
    at org.apache.maven.cli.MavenCli.execute (MavenCli.java:906)
    at org.apache.maven.cli.MavenCli.doMain (MavenCli.java:283)
    at org.apache.maven.cli.MavenCli.main (MavenCli.java:206)
    at jdk.internal.reflect.DirectMethodHandleAccessor.invoke (DirectMethodHandleAccessor.java:103)
    at java.lang.reflect.Method.invoke (Method.java:580)
    at org.codehaus.plexus.classworlds.launcher.Launcher.launchEnhanced (Launcher.java:255)
    at org.codehaus.plexus.classworlds.launcher.Launcher.launch (Launcher.java:201)
    at org.codehaus.plexus.classworlds.launcher.Launcher.mainWithExitCode (Launcher.java:361)
    at org.codehaus.plexus.classworlds.launcher.Launcher.main (Launcher.java:314)
Caused by: org.apache.maven.plugin.MojoFailureException: There are test failures.

See /Users/jericho/Desktop/Assignment6jguiangSE333/target/surefire-reports for the individual test results.
See dump files (if any exist) [date].dump, [date]-jvmRun[N].dump and [date].dumpstream.
    at org.apache.maven.plugin.surefire.SurefireHelper.throwException (SurefireHelper.java:247)
    at org.apache.maven.plugin.surefire.SurefireHelper.reportExecution (SurefireHelper.java:159)
    at org.apache.maven.plugin.surefire.SurefireMojo.handleSummary (SurefireMojo.java:547)
    at org.apache.maven.plugin.surefire.AbstractSurefireMojo.executeAfterPreconditionsChecked (AbstractSurefireMojo.java:1147)
    at org.apache.maven.plugin.surefire.AbstractSurefireMojo.execute (AbstractSurefireMojo.java:969)
    at org.apache.maven.plugin.DefaultBuildPluginManager.executeMojo (DefaultBuildPluginManager.java:126)
    at org.apache.maven.lifecycle.internal.MojoExecutor.doExecute2 (MojoExecutor.java:328)
    at org.apache.maven.lifecycle.internal.MojoExecutor.doExecute (MojoExecutor.java:316)
    at org.apache.maven.lifecycle.internal.MojoExecutor.execute (MojoExecutor.java:212)
    at org.apache.maven.lifecycle.internal.MojoExecutor.execute (MojoExecutor.java:174)
    at org.apache.maven.lifecycle.internal.MojoExecutor.access$000 (MojoExecutor.java:75)
    at org.apache.maven.lifecycle.internal.MojoExecutor$1.run (MojoExecutor.java:162)
    at org.apache.maven.plugin.DefaultMojosExecutionStrategy.execute (DefaultMojosExecutionStrategy.java:39)
    at org.apache.maven.lifecycle.internal.MojoExecutor.execute (MojoExecutor.java:159)
    at org.apache.maven.lifecycle.internal.LifecycleModuleBuilder.buildProject (LifecycleModuleBuilder.java:105)
    at org.apache.maven.lifecycle.internal.LifecycleModuleBuilder.buildProject (LifecycleModuleBuilder.java:73)
    at org.apache.maven.lifecycle.internal.builder.singlethreaded.SingleThreadedBuilder.build (SingleThreadedBuilder.java:53)
    at org.apache.maven.lifecycle.internal.LifecycleStarter.execute (LifecycleStarter.java:118)
    at org.apache.maven.DefaultMaven.doExecute (DefaultMaven.java:261)
    at org.apache.maven.DefaultMaven.doExecute (DefaultMaven.java:173)
    at org.apache.maven.DefaultMaven.execute (DefaultMaven.java:101)
    at org.apache.maven.cli.MavenCli.execute (MavenCli.java:906)
    at org.apache.maven.cli.MavenCli.doMain (MavenCli.java:283)
    at org.apache.maven.cli.MavenCli.main (MavenCli.java:206)
    at jdk.internal.reflect.DirectMethodHandleAccessor.invoke (DirectMethodHandleAccessor.java:103)
    at java.lang.reflect.Method.invoke (Method.java:580)
    at org.codehaus.plexus.classworlds.launcher.Launcher.launchEnhanced (Launcher.java:255)
    at org.codehaus.plexus.classworlds.launcher.Launcher.launch (Launcher.java:201)
    at org.codehaus.plexus.classworlds.launcher.Launcher.mainWithExitCode (Launcher.java:361)
    at org.codehaus.plexus.classworlds.launcher.Launcher.main (Launcher.java:314)
[ERROR] 
[ERROR] Re-run Maven using the -X switch to enable full debug logging.
[ERROR] 
[ERROR] For more information about the errors and possible solutions, please read the following articles:
[ERROR] [Help 1] http://cwiki.apache.org/confluence/display/MAVEN/MojoFailureException
[INFO] Error stacktraces are turned on.
[INFO] Scanning for projects...
[INFO] 
[INFO] ---------------------< org.example:assignment6-ui >---------------------
[INFO] Building assignment6-ui 1.0-SNAPSHOT
[INFO]   from pom.xml
[INFO] --------------------------------[ jar ]---------------------------------
[INFO] 
[INFO] --- resources:3.3.1:resources (default-resources) @ assignment6-ui ---
[INFO] Copying 0 resource from src/main/resources to target/classes
[INFO] 
[INFO] --- compiler:3.13.0:compile (default-compile) @ assignment6-ui ---
[INFO] Nothing to compile - all classes are up to date.
[INFO] 
[INFO] --- resources:3.3.1:testResources (default-testResources) @ assignment6-ui ---
[INFO] skip non existing resourceDirectory /Users/jericho/Desktop/Assignment6jguiangSE333/src/test/resources
[INFO] 
[INFO] --- compiler:3.13.0:testCompile (default-testCompile) @ assignment6-ui ---
[INFO] Nothing to compile - all classes are up to date.
[INFO] 
[INFO] --- surefire:3.5.4:test (default-test) @ assignment6-ui ---
[INFO] Surefire report directory: /Users/jericho/Desktop/Assignment6jguiangSE333/target/surefire-reports
[INFO] Using auto detected provider org.apache.maven.surefire.junitplatform.JUnitPlatformProvider
[INFO] 
[INFO] -------------------------------------------------------
[INFO]  T E S T S
[INFO] -------------------------------------------------------
[INFO] Running playwrightLLM.TestCaseAIEndToEnd
[ERROR] Tests run: 1, Failures: 0, Errors: 1, Skipped: 0, Time elapsed: 34.04 s <<< FAILURE! -- in playwrightLLM.TestCaseAIEndToEnd
[ERROR] playwrightLLM.TestCaseAIEndToEnd.testPurchaseFlowAI -- Time elapsed: 34.03 s <<< ERROR!
com.microsoft.playwright.TimeoutError: 
Error {
  message='Timeout 30000ms exceeded.
  name='TimeoutError
  stack='TimeoutError: Timeout 30000ms exceeded.
    at ProgressController.run (/private/var/folders/20/_cvhyhm97ss3p80yt6634l4r0000gn/T/playwright-java-13548845873852913857/package/lib/server/progress.js:78:26)
    at Frame.fill (/private/var/folders/20/_cvhyhm97ss3p80yt6634l4r0000gn/T/playwright-java-13548845873852913857/package/lib/server/frames.js:1063:23)
    at FrameDispatcher.fill (/private/var/folders/20/_cvhyhm97ss3p80yt6634l4r0000gn/T/playwright-java-13548845873852913857/package/lib/server/dispatchers/frameDispatcher.js:169:30)
    at FrameDispatcher._handleCommand (/private/var/folders/20/_cvhyhm97ss3p80yt6634l4r0000gn/T/playwright-java-13548845873852913857/package/lib/server/dispatchers/dispatcher.js:94:40)
    at DispatcherConnection.dispatch (/private/var/folders/20/_cvhyhm97ss3p80yt6634l4r0000gn/T/playwright-java-13548845873852913857/package/lib/server/dispatchers/dispatcher.js:361:39)
}
Call log:
- waiting for getByRole(AriaRole.SEARCHBOX)

	at com.microsoft.playwright.impl.WaitableResult.get(WaitableResult.java:52)
	at com.microsoft.playwright.impl.ChannelOwner.runUntil(ChannelOwner.java:132)
	at com.microsoft.playwright.impl.Connection.sendMessage(Connection.java:130)
	at com.microsoft.playwright.impl.ChannelOwner.sendMessage(ChannelOwner.java:118)
	at com.microsoft.playwright.impl.FrameImpl.fillImpl(FrameImpl.java:335)
	at com.microsoft.playwright.impl.FrameImpl.lambda$fill$14(FrameImpl.java:325)
	at com.microsoft.playwright.impl.LoggingSupport.lambda$withLogging$0(LoggingSupport.java:36)
	at com.microsoft.playwright.impl.LoggingSupport.withLogging(LoggingSupport.java:47)
	at com.microsoft.playwright.impl.ChannelOwner.withLogging(ChannelOwner.java:97)
	at com.microsoft.playwright.impl.LoggingSupport.withLogging(LoggingSupport.java:35)
	at com.microsoft.playwright.impl.FrameImpl.fill(FrameImpl.java:325)
	at com.microsoft.playwright.impl.LocatorImpl.fill(LocatorImpl.java:235)
	at com.microsoft.playwright.Locator.fill(Locator.java:2995)
	at playwrightLLM.TestCaseAIEndToEnd.testPurchaseFlowAI(TestCaseAIEndToEnd.java:44)
	at java.base/java.lang.reflect.Method.invoke(Method.java:580)
	at java.base/java.util.ArrayList.forEach(ArrayList.java:1597)
	at java.base/java.util.ArrayList.forEach(ArrayList.java:1597)
Caused by: com.microsoft.playwright.TimeoutError: Error {
  message='Timeout 30000ms exceeded.
  name='TimeoutError
  stack='TimeoutError: Timeout 30000ms exceeded.
    at ProgressController.run (/private/var/folders/20/_cvhyhm97ss3p80yt6634l4r0000gn/T/playwright-java-13548845873852913857/package/lib/server/progress.js:78:26)
    at Frame.fill (/private/var/folders/20/_cvhyhm97ss3p80yt6634l4r0000gn/T/playwright-java-13548845873852913857/package/lib/server/frames.js:1063:23)
    at FrameDispatcher.fill (/private/var/folders/20/_cvhyhm97ss3p80yt6634l4r0000gn/T/playwright-java-13548845873852913857/package/lib/server/dispatchers/frameDispatcher.js:169:30)
    at FrameDispatcher._handleCommand (/private/var/folders/20/_cvhyhm97ss3p80yt6634l4r0000gn/T/playwright-java-13548845873852913857/package/lib/server/dispatchers/dispatcher.js:94:40)
    at DispatcherConnection.dispatch (/private/var/folders/20/_cvhyhm97ss3p80yt6634l4r0000gn/T/playwright-java-13548845873852913857/package/lib/server/dispatchers/dispatcher.js:361:39)
}
Call log:
- waiting for getByRole(AriaRole.SEARCHBOX)

	at com.microsoft.playwright.impl.Connection.dispatch(Connection.java:254)
	at com.microsoft.playwright.impl.Connection.processOneMessage(Connection.java:211)
	at com.microsoft.playwright.impl.ChannelOwner.runUntil(ChannelOwner.java:130)
	... 15 more

[INFO] Running playwrightTraditional.TestCaseContactInformation
[ERROR] Tests run: 1, Failures: 0, Errors: 1, Skipped: 0, Time elapsed: 40.11 s <<< FAILURE! -- in playwrightTraditional.TestCaseContactInformation
[ERROR] playwrightTraditional.TestCaseContactInformation.testContactInformationPage -- Time elapsed: 40.11 s <<< ERROR!
com.microsoft.playwright.TimeoutError: Timeout 30000ms exceeded
	at com.microsoft.playwright.impl.WaitableTimeout.get(WaitableTimeout.java:41)
	at com.microsoft.playwright.impl.WaitableRace.get(WaitableRace.java:44)
	at com.microsoft.playwright.impl.ChannelOwner.runUntil(ChannelOwner.java:132)
	at com.microsoft.playwright.impl.FrameImpl.waitForNavigationImpl(FrameImpl.java:1041)
	at com.microsoft.playwright.impl.FrameImpl.waitForURLImpl(FrameImpl.java:1110)
	at com.microsoft.playwright.impl.PageImpl.lambda$waitForURL$98(PageImpl.java:1624)
	at com.microsoft.playwright.impl.WaitForEventLogger.lambda$get$0(WaitForEventLogger.java:50)
	at com.microsoft.playwright.impl.LoggingSupport.withLogging(LoggingSupport.java:47)
	at com.microsoft.playwright.impl.ChannelOwner.withLogging(ChannelOwner.java:97)
	at com.microsoft.playwright.impl.WaitForEventLogger.get(WaitForEventLogger.java:41)
	at com.microsoft.playwright.impl.ChannelOwner.withWaitLogging(ChannelOwner.java:87)
	at com.microsoft.playwright.impl.PageImpl.waitForURL(PageImpl.java:1623)
	at com.microsoft.playwright.impl.PageImpl.waitForURL(PageImpl.java:1609)
	at com.microsoft.playwright.Page.waitForURL(Page.java:8400)
	at playwrightTraditional.BaseUITest.addToCartAndOpenCart(BaseUITest.java:316)
	at playwrightTraditional.TestCaseContactInformation.testContactInformationPage(TestCaseContactInformation.java:20)
	at java.base/java.lang.reflect.Method.invoke(Method.java:580)
	at java.base/java.util.ArrayList.forEach(ArrayList.java:1597)
	at java.base/java.util.ArrayList.forEach(ArrayList.java:1597)

[INFO] Running playwrightTraditional.TestCasePaymentInformation
